The system is: Darwin - 21.6.0 - x86_64
Compiling the C compiler identification source file "CMakeCCompilerId.c" succeeded.
Compiler: /usr/local/bin/icc 
Build flags: 
Id flags:  

The output was:
0


Compilation of the C compiler identification source "CMakeCCompilerId.c" produced "a.out"

The C compiler identification is Intel, found in "/Users/joel/Google Drive/Code/LAMMPS_Work/Water Clusters/lammps/cmake-build-debug/CMakeFiles/3.20.2/CompilerIdC/a.out"

Compiling the CXX compiler identification source file "CMakeCXXCompilerId.cpp" succeeded.
Compiler: /usr/local/bin/icc 
Build flags: 
Id flags:  

The output was:
0


Compilation of the CXX compiler identification source "CMakeCXXCompilerId.cpp" produced "a.out"

The CXX compiler identification is Intel, found in "/Users/joel/Google Drive/Code/LAMMPS_Work/Water Clusters/lammps/cmake-build-debug/CMakeFiles/3.20.2/CompilerIdCXX/a.out"

Detecting C compiler ABI info compiled with the following output:
Change Dir: /Users/joel/Google Drive/Code/LAMMPS_Work/Water Clusters/lammps/cmake-build-debug/CMakeFiles/CMakeTmp

Run Build Command(s):/usr/bin/make -f Makefile cmTC_e5326/fast && /Applications/Xcode.app/Contents/Developer/usr/bin/make  -f CMakeFiles/cmTC_e5326.dir/build.make CMakeFiles/cmTC_e5326.dir/build
Building C object CMakeFiles/cmTC_e5326.dir/CMakeCCompilerABI.c.o
/usr/local/bin/icc   -v -Wl,-v -MD -MT CMakeFiles/cmTC_e5326.dir/CMakeCCompilerABI.c.o -MF CMakeFiles/cmTC_e5326.dir/CMakeCCompilerABI.c.o.d -o CMakeFiles/cmTC_e5326.dir/CMakeCCompilerABI.c.o -c /Applications/CLion.app/Contents/bin/cmake/mac/share/cmake-3.20/Modules/CMakeCCompilerABI.c
icc version 19.1.3.301 (gcc version 4.9.0 compatibility)
/opt/intel//compilers_and_libraries_2020.4.301/mac/bin/intel64/mcpcom    --target_efi2 --lang=c -oCMakeFiles/cmTC_e5326.dir/CMakeCCompilerABI.c.o -_g -mP3OPT_inline_alloca -D__ICC=1910 -D__INTEL_COMPILER=1910 -D__INTEL_COMPILER_UPDATE=3 -D__BLOCKS__ -D__SIZE_WIDTH__=64 -D__PTRDIFF_TYPE__=long "-D__SIZE_TYPE__=unsigned long" -D__WCHAR_TYPE__=int -D__WINT_TYPE__=int "-D__INTMAX_TYPE__=long int" "-D__UINTMAX_TYPE__=long unsigned int" -D__LONG_MAX__=9223372036854775807L -D__QMSPP_ -D__OPTIMIZE__ -D__NO_MATH_INLINES -D__NO_STRING_INLINES -D__GNUC_GNU_INLINE__ -D__GNUC__=4 -D__GNUC_MINOR__=9 -D__GNUC_PATCHLEVEL__=0 -D__clang__=1 -D__clang_patchlevel__=0 -D__clang_minor__=0 -D__clang_major__=14 -D__clang_version__="14.0.0" -D__APPLE_CC__=5226 -D__ENVIRONMENT_MAC_OS_X_VERSION_MIN_REQUIRED__=101600 -D__LITTLE_ENDIAN__ -D__DYNAMIC__ "-D__private_extern__=__attribute__((visibility("hidden")))" -D__LP64__ -D_LP64 -D__GXX_ABI_VERSION=1002 -D__USER_LABEL_PREFIX__=_ -D__REGISTER_PREFIX__= -D__INTEL_RTTI__ -D__x86_64 -D__x86_64__ -D__amd64 -D__amd64__ "-_Acpu(x86_64)" "-_Amachine(x86_64)" -D__INTEL_COMPILER_BUILD_DATE=20200925 -D__PIC__ -D__APPLE__ -D__MACH__ -D__MMX__ -D__SSE__ -D__SSE_MATH__ -D__SSE2__ -D__SSE2_MATH__ -D__SSE3__ -D__SSSE3__ -D__core2 -D__core2__ -D__tune_core2__ -_k -_8 -_l --has_new_stdarg_support -_D -_a -_b --gnu_version=40900 -_W5 --clang_version=40000 --openmp_simd --noopenmp_offload --dependency_file_name CMakeFiles/cmTC_e5326.dir/CMakeCCompilerABI.c.o.d --compile_dependencies --dependency_target_name CMakeFiles/cmTC_e5326.dir/CMakeCCompilerABI.c.o --multibyte_chars --blocks --clang_lib_extensions -D_LIBCPP_HAS_NO_VARIADICS -D_LIBCPP_HAS_NO_RVALUE_REFERENCES -mGLOB_diag_suppress_sys -I/opt/intel//compilers_and_libraries_2020.4.301/mac/pstl/include --array_section --simd --simd_func --clang_extensions -mGLOB_em64t=TRUE -mP1OPT_version=19.1-intel64 -mGLOB_diag_file=CMakeFiles/cmTC_e5326.dir/CMakeCCompilerABI.c.diag -mGLOB_diag_use_message_catalog=FALSE -mGLOB_long_size_64 -mGLOB_routine_pointer_size_64 -mP1OPT_print_version=FALSE -mCG_use_gas_got_workaround=F -mP2OPT_align_option_used=TRUE -mGLOB_gcc_version=490 "-mGLOB_options_string=-v -Wl,-v -MD -MT CMakeFiles/cmTC_e5326.dir/CMakeCCompilerABI.c.o -MF CMakeFiles/cmTC_e5326.dir/CMakeCCompilerABI.c.o.d -o CMakeFiles/cmTC_e5326.dir/CMakeCCompilerABI.c.o -c" -mGLOB_position_independent_code -mGLOB_preemption_model=1 -mGLOB_no_compact_unwind=TRUE -mGLOB_cxx_limited_range=FALSE -mCG_extend_parms=FALSE -mGLOB_compiler_bin_directory=/opt/intel//compilers_and_libraries_2020.4.301/mac/bin/intel64 -mGLOB_as_output_backup_file_name=/var/folders/cx/cvt79bj56dlg7dl55c0929yc0000gn/T/icccvoq3has_.s -mIPOPT_activate -mIPOPT_lite -mGLOB_uarch_tuning=0x0 -mGLOB_product_id_code=0x22006d93 -mCG_bnl_movbe=T -mP3OPT_use_mspp_call_convention -mP2OPT_subs_out_of_bound=FALSE -mP2OPT_disam_type_based_disam=2 -mP2OPT_disam_assume_ansi_c -mP2OPT_checked_disam_ansi_alias=TRUE -mGLOB_ansi_alias -mPGOPTI_value_profile_use=T -mP2OPT_il0_array_sections=TRUE -mP2OPT_hlo_level=2 -mP2OPT_hlo -mP2OPT_hpo_rtt_control=0 -mIPOPT_args_in_regs=0 -mP2OPT_disam_assume_nonstd_intent_in=FALSE -mGLOB_imf_mapping_library=/opt/intel//compilers_and_libraries_2020.4.301/mac/bin/intel64/libiml_attr.dylib -mPGOPTI_gen_threadsafe_level=0 -mIPOPT_obj_output_file_name=CMakeFiles/cmTC_e5326.dir/CMakeCCompilerABI.c.o -mIPOPT_whole_archive_fixup_file_name=/var/folders/cx/cvt79bj56dlg7dl55c0929yc0000gn/T/iccwarchtXw8qD -mGLOB_linker=/Applications/Xcode.app/Contents/Developer/Toolchains/XcodeDefault.xctoolchain/usr/bin/ld -mGLOB_driver_tempfile_name=/var/folders/cx/cvt79bj56dlg7dl55c0929yc0000gn/T/icctempfilejADhVD -mGLOB_os_target=GLOB_OS_TARGET_MACH -mGLOB_async_unwind_tables=TRUE -mGLOB_obj_output_file=CMakeFiles/cmTC_e5326.dir/CMakeCCompilerABI.c.o -mGLOB_source_dialect=GLOB_SOURCE_DIALECT_C -mP1OPT_source_file_name=/Applications/CLion.app/Contents/bin/cmake/mac/share/cmake-3.20/Modules/CMakeCCompilerABI.c -mP1OPT_full_source_file_name=/Applications/CLion.app/Contents/bin/cmake/mac/share/cmake-3.20/Modules/CMakeCCompilerABI.c /Applications/CLion.app/Contents/bin/cmake/mac/share/cmake-3.20/Modules/CMakeCCompilerABI.c
#include "..." search starts here:
#include <...> search starts here:
 /opt/intel//compilers_and_libraries_2020.4.301/mac/pstl/include
 /opt/intel//compilers_and_libraries_2020.4.301/mac/compiler/include/icc
 /opt/intel//compilers_and_libraries_2020.4.301/mac/compiler/include
 /Applications/Xcode.app/Contents/Developer/Platforms/MacOSX.platform/Developer/SDKs/MacOSX13.0.sdk/System/Library/Frameworks
 /Applications/Xcode.app/Contents/Developer/Toolchains/XcodeDefault.xctoolchain/usr/lib/clang/14.0.0/include
 /usr/local/include
 /Applications/Xcode.app/Contents/Developer/Platforms/MacOSX.platform/Developer/SDKs/MacOSX13.0.sdk/usr/include/
 /Applications/Xcode.app/Contents/Developer/Platforms/MacOSX.platform/Developer/SDKs/MacOSX13.0.sdk/usr/include
End of search list.
Linking C executable cmTC_e5326
/Applications/CLion.app/Contents/bin/cmake/mac/bin/cmake -E cmake_link_script CMakeFiles/cmTC_e5326.dir/link.txt --verbose=1
/usr/local/bin/icc -Wl,-search_paths_first -Wl,-headerpad_max_install_names  -v -Wl,-v CMakeFiles/cmTC_e5326.dir/CMakeCCompilerABI.c.o -o cmTC_e5326 
icc version 19.1.3.301 (gcc version 4.9.0 compatibility)
/opt/intel//compilers_and_libraries_2020.4.301/mac/bin/intel64/mcpcom    -mGLOB_em64t=TRUE -mP1OPT_version=19.1-intel64 -mGLOB_diag_file=CMakeFiles/cmTC_e5326.dir/CMakeCCompilerABI.c.diag -mGLOB_diag_use_message_catalog=FALSE -mGLOB_long_size_64 -mGLOB_routine_pointer_size_64 -mP1OPT_print_version=FALSE -mCG_use_gas_got_workaround=F -mP2OPT_align_option_used=TRUE -mGLOB_gcc_version=490 "-mGLOB_options_string=-Wl,-search_paths_first -Wl,-headerpad_max_install_names -v -Wl,-v -o cmTC_e5326" -mGLOB_position_independent_code -mGLOB_preemption_model=1 -mGLOB_no_compact_unwind=TRUE -mGLOB_cxx_limited_range=FALSE -mCG_extend_parms=FALSE -mGLOB_compiler_bin_directory=/opt/intel//compilers_and_libraries_2020.4.301/mac/bin/intel64 -mGLOB_as_output_backup_file_name=/var/folders/cx/cvt79bj56dlg7dl55c0929yc0000gn/T/icc2PKYSvas_.s -mGLOB_dashboard_use_source_name -mIPOPT_activate -mGLOB_product_id_code=0x22006d93 -mP3OPT_use_mspp_call_convention -mP2OPT_subs_out_of_bound=FALSE -mP2OPT_disam_type_based_disam=2 -mP2OPT_disam_assume_ansi_c -mP2OPT_checked_disam_ansi_alias=TRUE -mGLOB_ansi_alias -mPGOPTI_value_profile_use=T -mGLOB_opt_report_use_source_name -mP2OPT_il0_array_sections=TRUE -mP2OPT_hlo -mP2OPT_hpo_rtt_control=0 -mIPOPT_args_in_regs=0 -mP2OPT_disam_assume_nonstd_intent_in=FALSE -mGLOB_imf_mapping_library=/opt/intel//compilers_and_libraries_2020.4.301/mac/bin/intel64/libiml_attr.dylib -mPGOPTI_gen_threadsafe_level=0 -mIPOPT_link -mIPOPT_ipo_activate -mIPOPT_mo_activate -mIPOPT_source_files_list=/var/folders/cx/cvt79bj56dlg7dl55c0929yc0000gn/T/iccslisuOjzl7 -mIPOPT_mo_global_data "-mIPOPT_cmdline_link="-dynamic" "-arch" "x86_64" "-weak_reference_mismatches" "non-weak" "-macosx_version_min" "10.16" "-syslibroot" "/Applications/Xcode.app/Contents/Developer/Platforms/MacOSX.platform/Developer/SDKs/MacOSX13.0.sdk" "-no_compact_unwind" "-keep_dwarf_unwind" "-rpath" "/opt/intel//compilers_and_libraries_2020.4.301/mac/compiler/lib" "-o" "cmTC_e5326" "-L/opt/intel//compilers_and_libraries_2020.4.301/mac/compiler/lib" "-L/usr/lib" "-search_paths_first" "-headerpad_max_install_names" "-v" "CMakeFiles/cmTC_e5326.dir/CMakeCCompilerABI.c.o" "/opt/intel//compilers_and_libraries_2020.4.301/mac/compiler/lib/libimf.a" "/opt/intel//compilers_and_libraries_2020.4.301/mac/compiler/lib/libsvml.a" "/opt/intel//compilers_and_libraries_2020.4.301/mac/compiler/lib/libirng.a" "/opt/intel//compilers_and_libraries_2020.4.301/mac/compiler/lib/libipgo.a" "/opt/intel//compilers_and_libraries_2020.4.301/mac/compiler/lib/libdecimal.a" "-weak-lcilkrts" "-lc++" "-lSystem" "/opt/intel//compilers_and_libraries_2020.4.301/mac/compiler/lib/libirc.a" "/opt/intel//compilers_and_libraries_2020.4.301/mac/compiler/lib/libsvml.a" "/Applications/Xcode.app/Contents/Developer/Toolchains/XcodeDefault.xctoolchain/usr/lib/clang/14.0.0/lib/darwin/libclang_rt.osx.a"" -mIPOPT_il_in_obj -mIPOPT_ipo_activate_warn=FALSE -mIPOPT_obj_output_file_name=/var/folders/cx/cvt79bj56dlg7dl55c0929yc0000gn/T/ipo_iccQvIfBw.o -mIPOPT_whole_archive_fixup_file_name=/var/folders/cx/cvt79bj56dlg7dl55c0929yc0000gn/T/iccwarchmhUoKk -mGLOB_linker=/Applications/Xcode.app/Contents/Developer/Toolchains/XcodeDefault.xctoolchain/usr/bin/ld -mGLOB_driver_tempfile_name=/var/folders/cx/cvt79bj56dlg7dl55c0929yc0000gn/T/icctempfileoxjRY3 -mGLOB_os_target=GLOB_OS_TARGET_MACH -mGLOB_async_unwind_tables=TRUE -mGLOB_obj_output_file=/var/folders/cx/cvt79bj56dlg7dl55c0929yc0000gn/T/ipo_iccQvIfBw.o -mGLOB_source_dialect=GLOB_SOURCE_DIALECT_NONE -mP1OPT_source_file_name=ipo_out.c CMakeFiles/cmTC_e5326.dir/CMakeCCompilerABI.c.o -mIPOPT_object_files=T -mIPOPT_assembly_files=/var/folders/cx/cvt79bj56dlg7dl55c0929yc0000gn/T/iccalisTIzOlU -mIPOPT_generated_tempfiles=/var/folders/cx/cvt79bj56dlg7dl55c0929yc0000gn/T/iccelisEuU3V2 -mIPOPT_embedded_object_base_name=/var/folders/cx/cvt79bj56dlg7dl55c0929yc0000gn/T/icceobjtvN2Kk
ipo: warning #11012: unable to find -l%s in %s
ipo: warning #11012: unable to find -l%s in %s
ipo: warning #11012: unable to find -l%s in %s
ipo: warning #11012: unable to find -l%s in %s
/Applications/Xcode.app/Contents/Developer/Toolchains/XcodeDefault.xctoolchain/usr/bin/ld    -dynamic -arch x86_64 -weak_reference_mismatches non-weak -macosx_version_min 10.16 -syslibroot /Applications/Xcode.app/Contents/Developer/Platforms/MacOSX.platform/Developer/SDKs/MacOSX13.0.sdk -no_compact_unwind -keep_dwarf_unwind -rpath /opt/intel//compilers_and_libraries_2020.4.301/mac/compiler/lib -o cmTC_e5326 -L/opt/intel//compilers_and_libraries_2020.4.301/mac/compiler/lib -L/usr/lib CMakeFiles/cmTC_e5326.dir/CMakeCCompilerABI.c.o -search_paths_first -headerpad_max_install_names -v /opt/intel//compilers_and_libraries_2020.4.301/mac/compiler/lib/libimf.a /opt/intel//compilers_and_libraries_2020.4.301/mac/compiler/lib/libsvml.a /opt/intel//compilers_and_libraries_2020.4.301/mac/compiler/lib/libirng.a /opt/intel//compilers_and_libraries_2020.4.301/mac/compiler/lib/libipgo.a /opt/intel//compilers_and_libraries_2020.4.301/mac/compiler/lib/libdecimal.a -weak-lcilkrts -lc++ -lSystem /opt/intel//compilers_and_libraries_2020.4.301/mac/compiler/lib/libirc.a /opt/intel//compilers_and_libraries_2020.4.301/mac/compiler/lib/libsvml.a /Applications/Xcode.app/Contents/Developer/Toolchains/XcodeDefault.xctoolchain/usr/lib/clang/14.0.0/lib/darwin/libclang_rt.osx.a
@(#)PROGRAM:ld  PROJECT:ld64-820.1
BUILD 18:42:34 Sep 11 2022
configured to support archs: armv6 armv7 armv7s arm64 arm64e arm64_32 i386 x86_64 x86_64h armv6m armv7k armv7m armv7em
Library search paths:
	/opt/intel//compilers_and_libraries_2020.4.301/mac/compiler/lib
	/Applications/Xcode.app/Contents/Developer/Platforms/MacOSX.platform/Developer/SDKs/MacOSX13.0.sdk/usr/lib
	/Applications/Xcode.app/Contents/Developer/Platforms/MacOSX.platform/Developer/SDKs/MacOSX13.0.sdk/usr/lib
Framework search paths:
	/Applications/Xcode.app/Contents/Developer/Platforms/MacOSX.platform/Developer/SDKs/MacOSX13.0.sdk/System/Library/Frameworks/



Parsed C implicit include dir info from above output: rv=done
  found start of include info
  found start of implicit include info
    add: [/opt/intel//compilers_and_libraries_2020.4.301/mac/pstl/include]
    add: [/opt/intel//compilers_and_libraries_2020.4.301/mac/compiler/include/icc]
    add: [/opt/intel//compilers_and_libraries_2020.4.301/mac/compiler/include]
    add: [/Applications/Xcode.app/Contents/Developer/Platforms/MacOSX.platform/Developer/SDKs/MacOSX13.0.sdk/System/Library/Frameworks]
    add: [/Applications/Xcode.app/Contents/Developer/Toolchains/XcodeDefault.xctoolchain/usr/lib/clang/14.0.0/include]
    add: [/usr/local/include]
    add: [/Applications/Xcode.app/Contents/Developer/Platforms/MacOSX.platform/Developer/SDKs/MacOSX13.0.sdk/usr/include/]
    add: [/Applications/Xcode.app/Contents/Developer/Platforms/MacOSX.platform/Developer/SDKs/MacOSX13.0.sdk/usr/include]
  end of search list found
  collapse include dir [/opt/intel//compilers_and_libraries_2020.4.301/mac/pstl/include] ==> [/opt/intel/compilers_and_libraries_2020.4.301/mac/pstl/include]
  collapse include dir [/opt/intel//compilers_and_libraries_2020.4.301/mac/compiler/include/icc] ==> [/opt/intel/compilers_and_libraries_2020.4.301/mac/compiler/include/icc]
  collapse include dir [/opt/intel//compilers_and_libraries_2020.4.301/mac/compiler/include] ==> [/opt/intel/compilers_and_libraries_2020.4.301/mac/compiler/include]
  collapse include dir [/Applications/Xcode.app/Contents/Developer/Platforms/MacOSX.platform/Developer/SDKs/MacOSX13.0.sdk/System/Library/Frameworks] ==> [/Applications/Xcode.app/Contents/Developer/Platforms/MacOSX.platform/Developer/SDKs/MacOSX13.0.sdk/System/Library/Frameworks]
  collapse include dir [/Applications/Xcode.app/Contents/Developer/Toolchains/XcodeDefault.xctoolchain/usr/lib/clang/14.0.0/include] ==> [/Applications/Xcode.app/Contents/Developer/Toolchains/XcodeDefault.xctoolchain/usr/lib/clang/14.0.0/include]
  collapse include dir [/usr/local/include] ==> [/usr/local/include]
  collapse include dir [/Applications/Xcode.app/Contents/Developer/Platforms/MacOSX.platform/Developer/SDKs/MacOSX13.0.sdk/usr/include/] ==> [/Applications/Xcode.app/Contents/Developer/Platforms/MacOSX.platform/Developer/SDKs/MacOSX13.0.sdk/usr/include]
  collapse include dir [/Applications/Xcode.app/Contents/Developer/Platforms/MacOSX.platform/Developer/SDKs/MacOSX13.0.sdk/usr/include] ==> [/Applications/Xcode.app/Contents/Developer/Platforms/MacOSX.platform/Developer/SDKs/MacOSX13.0.sdk/usr/include]
  implicit include dirs: [/opt/intel/compilers_and_libraries_2020.4.301/mac/pstl/include;/opt/intel/compilers_and_libraries_2020.4.301/mac/compiler/include/icc;/opt/intel/compilers_and_libraries_2020.4.301/mac/compiler/include;/Applications/Xcode.app/Contents/Developer/Platforms/MacOSX.platform/Developer/SDKs/MacOSX13.0.sdk/System/Library/Frameworks;/Applications/Xcode.app/Contents/Developer/Toolchains/XcodeDefault.xctoolchain/usr/lib/clang/14.0.0/include;/usr/local/include;/Applications/Xcode.app/Contents/Developer/Platforms/MacOSX.platform/Developer/SDKs/MacOSX13.0.sdk/usr/include]


Parsed C implicit link information from above output:
  link line regex: [^( *|.*[/\])(ld|CMAKE_LINK_STARTFILE-NOTFOUND|([^/\]+-)?ld|collect2)[^/\]*( |$)]
  ignore line: [Change Dir: /Users/joel/Google Drive/Code/LAMMPS_Work/Water Clusters/lammps/cmake-build-debug/CMakeFiles/CMakeTmp]
  ignore line: []
  ignore line: [Run Build Command(s):/usr/bin/make -f Makefile cmTC_e5326/fast && /Applications/Xcode.app/Contents/Developer/usr/bin/make  -f CMakeFiles/cmTC_e5326.dir/build.make CMakeFiles/cmTC_e5326.dir/build]
  ignore line: [Building C object CMakeFiles/cmTC_e5326.dir/CMakeCCompilerABI.c.o]
  ignore line: [/usr/local/bin/icc   -v -Wl -v -MD -MT CMakeFiles/cmTC_e5326.dir/CMakeCCompilerABI.c.o -MF CMakeFiles/cmTC_e5326.dir/CMakeCCompilerABI.c.o.d -o CMakeFiles/cmTC_e5326.dir/CMakeCCompilerABI.c.o -c /Applications/CLion.app/Contents/bin/cmake/mac/share/cmake-3.20/Modules/CMakeCCompilerABI.c]
  ignore line: [icc version 19.1.3.301 (gcc version 4.9.0 compatibility)]
  ignore line: [/opt/intel//compilers_and_libraries_2020.4.301/mac/bin/intel64/mcpcom    --target_efi2 --lang=c -oCMakeFiles/cmTC_e5326.dir/CMakeCCompilerABI.c.o -_g -mP3OPT_inline_alloca -D__ICC=1910 -D__INTEL_COMPILER=1910 -D__INTEL_COMPILER_UPDATE=3 -D__BLOCKS__ -D__SIZE_WIDTH__=64 -D__PTRDIFF_TYPE__=long "-D__SIZE_TYPE__=unsigned long" -D__WCHAR_TYPE__=int -D__WINT_TYPE__=int "-D__INTMAX_TYPE__=long int" "-D__UINTMAX_TYPE__=long unsigned int" -D__LONG_MAX__=9223372036854775807L -D__QMSPP_ -D__OPTIMIZE__ -D__NO_MATH_INLINES -D__NO_STRING_INLINES -D__GNUC_GNU_INLINE__ -D__GNUC__=4 -D__GNUC_MINOR__=9 -D__GNUC_PATCHLEVEL__=0 -D__clang__=1 -D__clang_patchlevel__=0 -D__clang_minor__=0 -D__clang_major__=14 -D__clang_version__="14.0.0" -D__APPLE_CC__=5226 -D__ENVIRONMENT_MAC_OS_X_VERSION_MIN_REQUIRED__=101600 -D__LITTLE_ENDIAN__ -D__DYNAMIC__ "-D__private_extern__=__attribute__((visibility("hidden")))" -D__LP64__ -D_LP64 -D__GXX_ABI_VERSION=1002 -D__USER_LABEL_PREFIX__=_ -D__REGISTER_PREFIX__= -D__INTEL_RTTI__ -D__x86_64 -D__x86_64__ -D__amd64 -D__amd64__ "-_Acpu(x86_64)" "-_Amachine(x86_64)" -D__INTEL_COMPILER_BUILD_DATE=20200925 -D__PIC__ -D__APPLE__ -D__MACH__ -D__MMX__ -D__SSE__ -D__SSE_MATH__ -D__SSE2__ -D__SSE2_MATH__ -D__SSE3__ -D__SSSE3__ -D__core2 -D__core2__ -D__tune_core2__ -_k -_8 -_l --has_new_stdarg_support -_D -_a -_b --gnu_version=40900 -_W5 --clang_version=40000 --openmp_simd --noopenmp_offload --dependency_file_name CMakeFiles/cmTC_e5326.dir/CMakeCCompilerABI.c.o.d --compile_dependencies --dependency_target_name CMakeFiles/cmTC_e5326.dir/CMakeCCompilerABI.c.o --multibyte_chars --blocks --clang_lib_extensions -D_LIBCPP_HAS_NO_VARIADICS -D_LIBCPP_HAS_NO_RVALUE_REFERENCES -mGLOB_diag_suppress_sys -I/opt/intel//compilers_and_libraries_2020.4.301/mac/pstl/include --array_section --simd --simd_func --clang_extensions -mGLOB_em64t=TRUE -mP1OPT_version=19.1-intel64 -mGLOB_diag_file=CMakeFiles/cmTC_e5326.dir/CMakeCCompilerABI.c.diag -mGLOB_diag_use_message_catalog=FALSE -mGLOB_long_size_64 -mGLOB_routine_pointer_size_64 -mP1OPT_print_version=FALSE -mCG_use_gas_got_workaround=F -mP2OPT_align_option_used=TRUE -mGLOB_gcc_version=490 "-mGLOB_options_string=-v -Wl,-v -MD -MT CMakeFiles/cmTC_e5326.dir/CMakeCCompilerABI.c.o -MF CMakeFiles/cmTC_e5326.dir/CMakeCCompilerABI.c.o.d -o CMakeFiles/cmTC_e5326.dir/CMakeCCompilerABI.c.o -c" -mGLOB_position_independent_code -mGLOB_preemption_model=1 -mGLOB_no_compact_unwind=TRUE -mGLOB_cxx_limited_range=FALSE -mCG_extend_parms=FALSE -mGLOB_compiler_bin_directory=/opt/intel//compilers_and_libraries_2020.4.301/mac/bin/intel64 -mGLOB_as_output_backup_file_name=/var/folders/cx/cvt79bj56dlg7dl55c0929yc0000gn/T/icccvoq3has_.s -mIPOPT_activate -mIPOPT_lite -mGLOB_uarch_tuning=0x0 -mGLOB_product_id_code=0x22006d93 -mCG_bnl_movbe=T -mP3OPT_use_mspp_call_convention -mP2OPT_subs_out_of_bound=FALSE -mP2OPT_disam_type_based_disam=2 -mP2OPT_disam_assume_ansi_c -mP2OPT_checked_disam_ansi_alias=TRUE -mGLOB_ansi_alias -mPGOPTI_value_profile_use=T -mP2OPT_il0_array_sections=TRUE -mP2OPT_hlo_level=2 -mP2OPT_hlo -mP2OPT_hpo_rtt_control=0 -mIPOPT_args_in_regs=0 -mP2OPT_disam_assume_nonstd_intent_in=FALSE -mGLOB_imf_mapping_library=/opt/intel//compilers_and_libraries_2020.4.301/mac/bin/intel64/libiml_attr.dylib -mPGOPTI_gen_threadsafe_level=0 -mIPOPT_obj_output_file_name=CMakeFiles/cmTC_e5326.dir/CMakeCCompilerABI.c.o -mIPOPT_whole_archive_fixup_file_name=/var/folders/cx/cvt79bj56dlg7dl55c0929yc0000gn/T/iccwarchtXw8qD -mGLOB_linker=/Applications/Xcode.app/Contents/Developer/Toolchains/XcodeDefault.xctoolchain/usr/bin/ld -mGLOB_driver_tempfile_name=/var/folders/cx/cvt79bj56dlg7dl55c0929yc0000gn/T/icctempfilejADhVD -mGLOB_os_target=GLOB_OS_TARGET_MACH -mGLOB_async_unwind_tables=TRUE -mGLOB_obj_output_file=CMakeFiles/cmTC_e5326.dir/CMakeCCompilerABI.c.o -mGLOB_source_dialect=GLOB_SOURCE_DIALECT_C -mP1OPT_source_file_name=/Applications/CLion.app/Contents/bin/cmake/mac/share/cmake-3.20/Modules/CMakeCCompilerABI.c -mP1OPT_full_source_file_name=/Applications/CLion.app/Contents/bin/cmake/mac/share/cmake-3.20/Modules/CMakeCCompilerABI.c /Applications/CLion.app/Contents/bin/cmake/mac/share/cmake-3.20/Modules/CMakeCCompilerABI.c]
  ignore line: [#include "..." search starts here:]
  ignore line: [#include <...> search starts here:]
  ignore line: [ /opt/intel//compilers_and_libraries_2020.4.301/mac/pstl/include]
  ignore line: [ /opt/intel//compilers_and_libraries_2020.4.301/mac/compiler/include/icc]
  ignore line: [ /opt/intel//compilers_and_libraries_2020.4.301/mac/compiler/include]
  ignore line: [ /Applications/Xcode.app/Contents/Developer/Platforms/MacOSX.platform/Developer/SDKs/MacOSX13.0.sdk/System/Library/Frameworks]
  ignore line: [ /Applications/Xcode.app/Contents/Developer/Toolchains/XcodeDefault.xctoolchain/usr/lib/clang/14.0.0/include]
  ignore line: [ /usr/local/include]
  ignore line: [ /Applications/Xcode.app/Contents/Developer/Platforms/MacOSX.platform/Developer/SDKs/MacOSX13.0.sdk/usr/include/]
  ignore line: [ /Applications/Xcode.app/Contents/Developer/Platforms/MacOSX.platform/Developer/SDKs/MacOSX13.0.sdk/usr/include]
  ignore line: [End of search list.]
  ignore line: [Linking C executable cmTC_e5326]
  ignore line: [/Applications/CLion.app/Contents/bin/cmake/mac/bin/cmake -E cmake_link_script CMakeFiles/cmTC_e5326.dir/link.txt --verbose=1]
  ignore line: [/usr/local/bin/icc -Wl -search_paths_first -Wl -headerpad_max_install_names  -v -Wl -v CMakeFiles/cmTC_e5326.dir/CMakeCCompilerABI.c.o -o cmTC_e5326 ]
  ignore line: [icc version 19.1.3.301 (gcc version 4.9.0 compatibility)]
  ignore line: [/opt/intel//compilers_and_libraries_2020.4.301/mac/bin/intel64/mcpcom    -mGLOB_em64t=TRUE -mP1OPT_version=19.1-intel64 -mGLOB_diag_file=CMakeFiles/cmTC_e5326.dir/CMakeCCompilerABI.c.diag -mGLOB_diag_use_message_catalog=FALSE -mGLOB_long_size_64 -mGLOB_routine_pointer_size_64 -mP1OPT_print_version=FALSE -mCG_use_gas_got_workaround=F -mP2OPT_align_option_used=TRUE -mGLOB_gcc_version=490 "-mGLOB_options_string=-Wl,-search_paths_first -Wl,-headerpad_max_install_names -v -Wl,-v -o cmTC_e5326" -mGLOB_position_independent_code -mGLOB_preemption_model=1 -mGLOB_no_compact_unwind=TRUE -mGLOB_cxx_limited_range=FALSE -mCG_extend_parms=FALSE -mGLOB_compiler_bin_directory=/opt/intel//compilers_and_libraries_2020.4.301/mac/bin/intel64 -mGLOB_as_output_backup_file_name=/var/folders/cx/cvt79bj56dlg7dl55c0929yc0000gn/T/icc2PKYSvas_.s -mGLOB_dashboard_use_source_name -mIPOPT_activate -mGLOB_product_id_code=0x22006d93 -mP3OPT_use_mspp_call_convention -mP2OPT_subs_out_of_bound=FALSE -mP2OPT_disam_type_based_disam=2 -mP2OPT_disam_assume_ansi_c -mP2OPT_checked_disam_ansi_alias=TRUE -mGLOB_ansi_alias -mPGOPTI_value_profile_use=T -mGLOB_opt_report_use_source_name -mP2OPT_il0_array_sections=TRUE -mP2OPT_hlo -mP2OPT_hpo_rtt_control=0 -mIPOPT_args_in_regs=0 -mP2OPT_disam_assume_nonstd_intent_in=FALSE -mGLOB_imf_mapping_library=/opt/intel//compilers_and_libraries_2020.4.301/mac/bin/intel64/libiml_attr.dylib -mPGOPTI_gen_threadsafe_level=0 -mIPOPT_link -mIPOPT_ipo_activate -mIPOPT_mo_activate -mIPOPT_source_files_list=/var/folders/cx/cvt79bj56dlg7dl55c0929yc0000gn/T/iccslisuOjzl7 -mIPOPT_mo_global_data "-mIPOPT_cmdline_link="-dynamic" "-arch" "x86_64" "-weak_reference_mismatches" "non-weak" "-macosx_version_min" "10.16" "-syslibroot" "/Applications/Xcode.app/Contents/Developer/Platforms/MacOSX.platform/Developer/SDKs/MacOSX13.0.sdk" "-no_compact_unwind" "-keep_dwarf_unwind" "-rpath" "/opt/intel//compilers_and_libraries_2020.4.301/mac/compiler/lib" "-o" "cmTC_e5326" "-L/opt/intel//compilers_and_libraries_2020.4.301/mac/compiler/lib" "-L/usr/lib" "-search_paths_first" "-headerpad_max_install_names" "-v" "CMakeFiles/cmTC_e5326.dir/CMakeCCompilerABI.c.o" "/opt/intel//compilers_and_libraries_2020.4.301/mac/compiler/lib/libimf.a" "/opt/intel//compilers_and_libraries_2020.4.301/mac/compiler/lib/libsvml.a" "/opt/intel//compilers_and_libraries_2020.4.301/mac/compiler/lib/libirng.a" "/opt/intel//compilers_and_libraries_2020.4.301/mac/compiler/lib/libipgo.a" "/opt/intel//compilers_and_libraries_2020.4.301/mac/compiler/lib/libdecimal.a" "-weak-lcilkrts" "-lc++" "-lSystem" "/opt/intel//compilers_and_libraries_2020.4.301/mac/compiler/lib/libirc.a" "/opt/intel//compilers_and_libraries_2020.4.301/mac/compiler/lib/libsvml.a" "/Applications/Xcode.app/Contents/Developer/Toolchains/XcodeDefault.xctoolchain/usr/lib/clang/14.0.0/lib/darwin/libclang_rt.osx.a"" -mIPOPT_il_in_obj -mIPOPT_ipo_activate_warn=FALSE -mIPOPT_obj_output_file_name=/var/folders/cx/cvt79bj56dlg7dl55c0929yc0000gn/T/ipo_iccQvIfBw.o -mIPOPT_whole_archive_fixup_file_name=/var/folders/cx/cvt79bj56dlg7dl55c0929yc0000gn/T/iccwarchmhUoKk -mGLOB_linker=/Applications/Xcode.app/Contents/Developer/Toolchains/XcodeDefault.xctoolchain/usr/bin/ld -mGLOB_driver_tempfile_name=/var/folders/cx/cvt79bj56dlg7dl55c0929yc0000gn/T/icctempfileoxjRY3 -mGLOB_os_target=GLOB_OS_TARGET_MACH -mGLOB_async_unwind_tables=TRUE -mGLOB_obj_output_file=/var/folders/cx/cvt79bj56dlg7dl55c0929yc0000gn/T/ipo_iccQvIfBw.o -mGLOB_source_dialect=GLOB_SOURCE_DIALECT_NONE -mP1OPT_source_file_name=ipo_out.c CMakeFiles/cmTC_e5326.dir/CMakeCCompilerABI.c.o -mIPOPT_object_files=T -mIPOPT_assembly_files=/var/folders/cx/cvt79bj56dlg7dl55c0929yc0000gn/T/iccalisTIzOlU -mIPOPT_generated_tempfiles=/var/folders/cx/cvt79bj56dlg7dl55c0929yc0000gn/T/iccelisEuU3V2 -mIPOPT_embedded_object_base_name=/var/folders/cx/cvt79bj56dlg7dl55c0929yc0000gn/T/icceobjtvN2Kk]
  ignore line: [ipo: warning #11012: unable to find -l%s in %s]
  ignore line: [ipo: warning #11012: unable to find -l%s in %s]
  ignore line: [ipo: warning #11012: unable to find -l%s in %s]
  ignore line: [ipo: warning #11012: unable to find -l%s in %s]
  link line: [/Applications/Xcode.app/Contents/Developer/Toolchains/XcodeDefault.xctoolchain/usr/bin/ld    -dynamic -arch x86_64 -weak_reference_mismatches non-weak -macosx_version_min 10.16 -syslibroot /Applications/Xcode.app/Contents/Developer/Platforms/MacOSX.platform/Developer/SDKs/MacOSX13.0.sdk -no_compact_unwind -keep_dwarf_unwind -rpath /opt/intel//compilers_and_libraries_2020.4.301/mac/compiler/lib -o cmTC_e5326 -L/opt/intel//compilers_and_libraries_2020.4.301/mac/compiler/lib -L/usr/lib CMakeFiles/cmTC_e5326.dir/CMakeCCompilerABI.c.o -search_paths_first -headerpad_max_install_names -v /opt/intel//compilers_and_libraries_2020.4.301/mac/compiler/lib/libimf.a /opt/intel//compilers_and_libraries_2020.4.301/mac/compiler/lib/libsvml.a /opt/intel//compilers_and_libraries_2020.4.301/mac/compiler/lib/libirng.a /opt/intel//compilers_and_libraries_2020.4.301/mac/compiler/lib/libipgo.a /opt/intel//compilers_and_libraries_2020.4.301/mac/compiler/lib/libdecimal.a -weak-lcilkrts -lc++ -lSystem /opt/intel//compilers_and_libraries_2020.4.301/mac/compiler/lib/libirc.a /opt/intel//compilers_and_libraries_2020.4.301/mac/compiler/lib/libsvml.a /Applications/Xcode.app/Contents/Developer/Toolchains/XcodeDefault.xctoolchain/usr/lib/clang/14.0.0/lib/darwin/libclang_rt.osx.a]
    arg [/Applications/Xcode.app/Contents/Developer/Toolchains/XcodeDefault.xctoolchain/usr/bin/ld] ==> ignore
    arg [-dynamic] ==> ignore
    arg [-arch] ==> ignore
    arg [x86_64] ==> ignore
    arg [-weak_reference_mismatches] ==> ignore
    arg [non-weak] ==> ignore
    arg [-macosx_version_min] ==> ignore
    arg [10.16] ==> ignore
    arg [-syslibroot] ==> ignore
    arg [/Applications/Xcode.app/Contents/Developer/Platforms/MacOSX.platform/Developer/SDKs/MacOSX13.0.sdk] ==> ignore
    arg [-no_compact_unwind] ==> ignore
    arg [-keep_dwarf_unwind] ==> ignore
    arg [-rpath] ==> ignore
    arg [/opt/intel//compilers_and_libraries_2020.4.301/mac/compiler/lib] ==> ignore
    arg [-o] ==> ignore
    arg [cmTC_e5326] ==> ignore
    arg [-L/opt/intel//compilers_and_libraries_2020.4.301/mac/compiler/lib] ==> dir [/opt/intel//compilers_and_libraries_2020.4.301/mac/compiler/lib]
    arg [-L/usr/lib] ==> dir [/usr/lib]
    arg [CMakeFiles/cmTC_e5326.dir/CMakeCCompilerABI.c.o] ==> ignore
    arg [-search_paths_first] ==> ignore
    arg [-headerpad_max_install_names] ==> ignore
    arg [-v] ==> ignore
    arg [/opt/intel//compilers_and_libraries_2020.4.301/mac/compiler/lib/libimf.a] ==> lib [/opt/intel//compilers_and_libraries_2020.4.301/mac/compiler/lib/libimf.a]
    arg [/opt/intel//compilers_and_libraries_2020.4.301/mac/compiler/lib/libsvml.a] ==> lib [/opt/intel//compilers_and_libraries_2020.4.301/mac/compiler/lib/libsvml.a]
    arg [/opt/intel//compilers_and_libraries_2020.4.301/mac/compiler/lib/libirng.a] ==> lib [/opt/intel//compilers_and_libraries_2020.4.301/mac/compiler/lib/libirng.a]
    arg [/opt/intel//compilers_and_libraries_2020.4.301/mac/compiler/lib/libipgo.a] ==> lib [/opt/intel//compilers_and_libraries_2020.4.301/mac/compiler/lib/libipgo.a]
    arg [/opt/intel//compilers_and_libraries_2020.4.301/mac/compiler/lib/libdecimal.a] ==> lib [/opt/intel//compilers_and_libraries_2020.4.301/mac/compiler/lib/libdecimal.a]
    arg [-weak-lcilkrts] ==> ignore
    arg [-lc++] ==> lib [c++]
    arg [-lSystem] ==> lib [System]
    arg [/opt/intel//compilers_and_libraries_2020.4.301/mac/compiler/lib/libirc.a] ==> lib [/opt/intel//compilers_and_libraries_2020.4.301/mac/compiler/lib/libirc.a]
    arg [/opt/intel//compilers_and_libraries_2020.4.301/mac/compiler/lib/libsvml.a] ==> lib [/opt/intel//compilers_and_libraries_2020.4.301/mac/compiler/lib/libsvml.a]
    arg [/Applications/Xcode.app/Contents/Developer/Toolchains/XcodeDefault.xctoolchain/usr/lib/clang/14.0.0/lib/darwin/libclang_rt.osx.a] ==> lib [/Applications/Xcode.app/Contents/Developer/Toolchains/XcodeDefault.xctoolchain/usr/lib/clang/14.0.0/lib/darwin/libclang_rt.osx.a]
  Library search paths: [;/opt/intel//compilers_and_libraries_2020.4.301/mac/compiler/lib;/Applications/Xcode.app/Contents/Developer/Platforms/MacOSX.platform/Developer/SDKs/MacOSX13.0.sdk/usr/lib;/Applications/Xcode.app/Contents/Developer/Platforms/MacOSX.platform/Developer/SDKs/MacOSX13.0.sdk/usr/lib]
  Framework search paths: [;/Applications/Xcode.app/Contents/Developer/Platforms/MacOSX.platform/Developer/SDKs/MacOSX13.0.sdk/System/Library/Frameworks/]
  collapse lib [/opt/intel//compilers_and_libraries_2020.4.301/mac/compiler/lib/libimf.a] ==> [/opt/intel/compilers_and_libraries_2020.4.301/mac/compiler/lib/libimf.a]
  collapse lib [/opt/intel//compilers_and_libraries_2020.4.301/mac/compiler/lib/libsvml.a] ==> [/opt/intel/compilers_and_libraries_2020.4.301/mac/compiler/lib/libsvml.a]
  collapse lib [/opt/intel//compilers_and_libraries_2020.4.301/mac/compiler/lib/libirng.a] ==> [/opt/intel/compilers_and_libraries_2020.4.301/mac/compiler/lib/libirng.a]
  collapse lib [/opt/intel//compilers_and_libraries_2020.4.301/mac/compiler/lib/libipgo.a] ==> [/opt/intel/compilers_and_libraries_2020.4.301/mac/compiler/lib/libipgo.a]
  collapse lib [/opt/intel//compilers_and_libraries_2020.4.301/mac/compiler/lib/libdecimal.a] ==> [/opt/intel/compilers_and_libraries_2020.4.301/mac/compiler/lib/libdecimal.a]
  remove lib [System]
  collapse lib [/opt/intel//compilers_and_libraries_2020.4.301/mac/compiler/lib/libirc.a] ==> [/opt/intel/compilers_and_libraries_2020.4.301/mac/compiler/lib/libirc.a]
  collapse lib [/opt/intel//compilers_and_libraries_2020.4.301/mac/compiler/lib/libsvml.a] ==> [/opt/intel/compilers_and_libraries_2020.4.301/mac/compiler/lib/libsvml.a]
  remove lib [/Applications/Xcode.app/Contents/Developer/Toolchains/XcodeDefault.xctoolchain/usr/lib/clang/14.0.0/lib/darwin/libclang_rt.osx.a]
  collapse library dir [/opt/intel//compilers_and_libraries_2020.4.301/mac/compiler/lib] ==> [/opt/intel/compilers_and_libraries_2020.4.301/mac/compiler/lib]
  collapse library dir [/usr/lib] ==> [/usr/lib]
  collapse library dir [/opt/intel//compilers_and_libraries_2020.4.301/mac/compiler/lib] ==> [/opt/intel/compilers_and_libraries_2020.4.301/mac/compiler/lib]
  collapse library dir [/Applications/Xcode.app/Contents/Developer/Platforms/MacOSX.platform/Developer/SDKs/MacOSX13.0.sdk/usr/lib] ==> [/Applications/Xcode.app/Contents/Developer/Platforms/MacOSX.platform/Developer/SDKs/MacOSX13.0.sdk/usr/lib]
  collapse library dir [/Applications/Xcode.app/Contents/Developer/Platforms/MacOSX.platform/Developer/SDKs/MacOSX13.0.sdk/usr/lib] ==> [/Applications/Xcode.app/Contents/Developer/Platforms/MacOSX.platform/Developer/SDKs/MacOSX13.0.sdk/usr/lib]
  collapse framework dir [/Applications/Xcode.app/Contents/Developer/Platforms/MacOSX.platform/Developer/SDKs/MacOSX13.0.sdk/System/Library/Frameworks/] ==> [/Applications/Xcode.app/Contents/Developer/Platforms/MacOSX.platform/Developer/SDKs/MacOSX13.0.sdk/System/Library/Frameworks]
  implicit libs: [/opt/intel/compilers_and_libraries_2020.4.301/mac/compiler/lib/libimf.a;/opt/intel/compilers_and_libraries_2020.4.301/mac/compiler/lib/libsvml.a;/opt/intel/compilers_and_libraries_2020.4.301/mac/compiler/lib/libirng.a;/opt/intel/compilers_and_libraries_2020.4.301/mac/compiler/lib/libipgo.a;/opt/intel/compilers_and_libraries_2020.4.301/mac/compiler/lib/libdecimal.a;c++;/opt/intel/compilers_and_libraries_2020.4.301/mac/compiler/lib/libirc.a;/opt/intel/compilers_and_libraries_2020.4.301/mac/compiler/lib/libsvml.a]
  implicit objs: []
  implicit dirs: [/opt/intel/compilers_and_libraries_2020.4.301/mac/compiler/lib;/usr/lib;/Applications/Xcode.app/Contents/Developer/Platforms/MacOSX.platform/Developer/SDKs/MacOSX13.0.sdk/usr/lib]
  implicit fwks: [/Applications/Xcode.app/Contents/Developer/Platforms/MacOSX.platform/Developer/SDKs/MacOSX13.0.sdk/System/Library/Frameworks]


Detecting CXX compiler ABI info compiled with the following output:
Change Dir: /Users/joel/Google Drive/Code/LAMMPS_Work/Water Clusters/lammps/cmake-build-debug/CMakeFiles/CMakeTmp

Run Build Command(s):/usr/bin/make -f Makefile cmTC_f856b/fast && /Applications/Xcode.app/Contents/Developer/usr/bin/make  -f CMakeFiles/cmTC_f856b.dir/build.make CMakeFiles/cmTC_f856b.dir/build
Building CXX object CMakeFiles/cmTC_f856b.dir/CMakeCXXCompilerABI.cpp.o
/usr/local/bin/icc   -v -Wl,-v -MD -MT CMakeFiles/cmTC_f856b.dir/CMakeCXXCompilerABI.cpp.o -MF CMakeFiles/cmTC_f856b.dir/CMakeCXXCompilerABI.cpp.o.d -o CMakeFiles/cmTC_f856b.dir/CMakeCXXCompilerABI.cpp.o -c /Applications/CLion.app/Contents/bin/cmake/mac/share/cmake-3.20/Modules/CMakeCXXCompilerABI.cpp
icc version 19.1.3.301 (gcc version 4.9.0 compatibility)
/opt/intel//compilers_and_libraries_2020.4.301/mac/bin/intel64/mcpcom    --target_efi2 --lang=c++ -oCMakeFiles/cmTC_f856b.dir/CMakeCXXCompilerABI.cpp.o -_g -mP3OPT_inline_alloca -D__ICC=1910 -D__INTEL_COMPILER=1910 -D__INTEL_COMPILER_UPDATE=3 -D__BLOCKS__ -D__SIZE_WIDTH__=64 -D__PTRDIFF_TYPE__=long "-D__SIZE_TYPE__=unsigned long" -D__WCHAR_TYPE__=int -D__WINT_TYPE__=int "-D__INTMAX_TYPE__=long int" "-D__UINTMAX_TYPE__=long unsigned int" -D__LONG_MAX__=9223372036854775807L -D__QMSPP_ -D__OPTIMIZE__ -D__NO_MATH_INLINES -D__NO_STRING_INLINES -D__GNUC_GNU_INLINE__ -D__GNUG__=4 -D__GNUC__=4 -D__GNUC_MINOR__=9 -D__GNUC_PATCHLEVEL__=0 -D__clang__=1 -D__clang_patchlevel__=0 -D__clang_minor__=0 -D__clang_major__=14 -D__clang_version__="14.0.0" -D__APPLE_CC__=5226 -D__ENVIRONMENT_MAC_OS_X_VERSION_MIN_REQUIRED__=101600 -D__LITTLE_ENDIAN__ -D__DYNAMIC__ -D__private_extern__=extern -D__LP64__ -D_LP64 -D_GNU_SOURCE=1 -D__DEPRECATED=1 -D__GXX_WEAK__=1 -D__GXX_ABI_VERSION=1002 -D__USER_LABEL_PREFIX__=_ -D__REGISTER_PREFIX__= -D__INTEL_RTTI__ -D__EXCEPTIONS=1 -D__x86_64 -D__x86_64__ -D__amd64 -D__amd64__ "-_Acpu(x86_64)" "-_Amachine(x86_64)" -D__INTEL_COMPILER_BUILD_DATE=20200925 -D__PIC__ -D__APPLE__ -D__MACH__ -D__MMX__ -D__SSE__ -D__SSE_MATH__ -D__SSE2__ -D__SSE2_MATH__ -D__SSE3__ -D__SSSE3__ -D__core2 -D__core2__ -D__tune_core2__ -_k -_8 -_l --has_new_stdarg_support -_D -_a -_b --gnu_version=40900 -_W5 --clang_version=40000 -p --bool -tused -x --openmp_simd --noopenmp_offload --dependency_file_name CMakeFiles/cmTC_f856b.dir/CMakeCXXCompilerABI.cpp.o.d --compile_dependencies --dependency_target_name CMakeFiles/cmTC_f856b.dir/CMakeCXXCompilerABI.cpp.o --multibyte_chars --blocks --clang_lib_extensions -D_LIBCPP_HAS_NO_VARIADICS -D_LIBCPP_HAS_NO_RVALUE_REFERENCES -mGLOB_diag_suppress_sys -I/opt/intel//compilers_and_libraries_2020.4.301/mac/pstl/include --array_section --simd --simd_func --clang_extensions --bool -mGLOB_em64t=TRUE -mP1OPT_version=19.1-intel64 -mGLOB_diag_file=CMakeFiles/cmTC_f856b.dir/CMakeCXXCompilerABI.cpp.diag -mGLOB_diag_use_message_catalog=FALSE -mGLOB_long_size_64 -mGLOB_routine_pointer_size_64 -mP1OPT_print_version=FALSE -mCG_use_gas_got_workaround=F -mP2OPT_align_option_used=TRUE -mGLOB_gcc_version=490 "-mGLOB_options_string=-v -Wl,-v -MD -MT CMakeFiles/cmTC_f856b.dir/CMakeCXXCompilerABI.cpp.o -MF CMakeFiles/cmTC_f856b.dir/CMakeCXXCompilerABI.cpp.o.d -o CMakeFiles/cmTC_f856b.dir/CMakeCXXCompilerABI.cpp.o -c" -mGLOB_position_independent_code -mGLOB_preemption_model=1 -mGLOB_no_compact_unwind=TRUE -mGLOB_cxx_limited_range=FALSE -mCG_extend_parms=FALSE -mGLOB_compiler_bin_directory=/opt/intel//compilers_and_libraries_2020.4.301/mac/bin/intel64 -mGLOB_as_output_backup_file_name=/var/folders/cx/cvt79bj56dlg7dl55c0929yc0000gn/T/icc4JfszAas_.s -mIPOPT_activate -mIPOPT_lite -mGLOB_uarch_tuning=0x0 -mGLOB_product_id_code=0x22006d93 -mCG_bnl_movbe=T -mP3OPT_use_mspp_call_convention -mP2OPT_subs_out_of_bound=FALSE -mP2OPT_disam_type_based_disam=2 -mP2OPT_disam_assume_ansi_c -mP2OPT_checked_disam_ansi_alias=TRUE -mGLOB_ansi_alias -mPGOPTI_value_profile_use=T -mP2OPT_il0_array_sections=TRUE -mP2OPT_hlo_level=2 -mP2OPT_hlo -mP2OPT_hpo_rtt_control=0 -mIPOPT_args_in_regs=0 -mP2OPT_disam_assume_nonstd_intent_in=FALSE -mGLOB_imf_mapping_library=/opt/intel//compilers_and_libraries_2020.4.301/mac/bin/intel64/libiml_attr.dylib -mPGOPTI_gen_threadsafe_level=0 -mIPOPT_obj_output_file_name=CMakeFiles/cmTC_f856b.dir/CMakeCXXCompilerABI.cpp.o -mIPOPT_whole_archive_fixup_file_name=/var/folders/cx/cvt79bj56dlg7dl55c0929yc0000gn/T/iccwarcho3DqK3 -mGLOB_linker=/Applications/Xcode.app/Contents/Developer/Toolchains/XcodeDefault.xctoolchain/usr/bin/ld -mGLOB_driver_tempfile_name=/var/folders/cx/cvt79bj56dlg7dl55c0929yc0000gn/T/icctempfile3DpX4P -mGLOB_os_target=GLOB_OS_TARGET_MACH -mGLOB_async_unwind_tables=TRUE -mGLOB_obj_output_file=CMakeFiles/cmTC_f856b.dir/CMakeCXXCompilerABI.cpp.o -mGLOB_source_dialect=GLOB_SOURCE_DIALECT_C_PLUS_PLUS -mP1OPT_source_file_name=/Applications/CLion.app/Contents/bin/cmake/mac/share/cmake-3.20/Modules/CMakeCXXCompilerABI.cpp -mP1OPT_full_source_file_name=/Applications/CLion.app/Contents/bin/cmake/mac/share/cmake-3.20/Modules/CMakeCXXCompilerABI.cpp -mGLOB_eh_linux /Applications/CLion.app/Contents/bin/cmake/mac/share/cmake-3.20/Modules/CMakeCXXCompilerABI.cpp
#include "..." search starts here:
#include <...> search starts here:
 /opt/intel//compilers_and_libraries_2020.4.301/mac/pstl/include
 /opt/intel//compilers_and_libraries_2020.4.301/mac/compiler/include/icc
 /opt/intel//compilers_and_libraries_2020.4.301/mac/compiler/include
 /Applications/Xcode.app/Contents/Developer/Toolchains/XcodeDefault.xctoolchain/usr/include/c++/v1
 /Applications/Xcode.app/Contents/Developer/Platforms/MacOSX.platform/Developer/SDKs/MacOSX13.0.sdk/System/Library/Frameworks
 /Applications/Xcode.app/Contents/Developer/Toolchains/XcodeDefault.xctoolchain/usr/lib/clang/14.0.0/include
 /usr/local/include
 /Applications/Xcode.app/Contents/Developer/Platforms/MacOSX.platform/Developer/SDKs/MacOSX13.0.sdk/usr/include/
 /Applications/Xcode.app/Contents/Developer/Platforms/MacOSX.platform/Developer/SDKs/MacOSX13.0.sdk/usr/include
End of search list.
Linking CXX executable cmTC_f856b
/Applications/CLion.app/Contents/bin/cmake/mac/bin/cmake -E cmake_link_script CMakeFiles/cmTC_f856b.dir/link.txt --verbose=1
/usr/local/bin/icc -Wl,-search_paths_first -Wl,-headerpad_max_install_names  -v -Wl,-v CMakeFiles/cmTC_f856b.dir/CMakeCXXCompilerABI.cpp.o -o cmTC_f856b 
icc version 19.1.3.301 (gcc version 4.9.0 compatibility)
/opt/intel//compilers_and_libraries_2020.4.301/mac/bin/intel64/mcpcom    -mGLOB_em64t=TRUE -mP1OPT_version=19.1-intel64 -mGLOB_diag_file=CMakeFiles/cmTC_f856b.dir/CMakeCXXCompilerABI.cpp.diag -mGLOB_diag_use_message_catalog=FALSE -mGLOB_long_size_64 -mGLOB_routine_pointer_size_64 -mP1OPT_print_version=FALSE -mCG_use_gas_got_workaround=F -mP2OPT_align_option_used=TRUE -mGLOB_gcc_version=490 "-mGLOB_options_string=-Wl,-search_paths_first -Wl,-headerpad_max_install_names -v -Wl,-v -o cmTC_f856b" -mGLOB_position_independent_code -mGLOB_preemption_model=1 -mGLOB_no_compact_unwind=TRUE -mGLOB_cxx_limited_range=FALSE -mCG_extend_parms=FALSE -mGLOB_compiler_bin_directory=/opt/intel//compilers_and_libraries_2020.4.301/mac/bin/intel64 -mGLOB_as_output_backup_file_name=/var/folders/cx/cvt79bj56dlg7dl55c0929yc0000gn/T/icchH1URaas_.s -mGLOB_dashboard_use_source_name -mIPOPT_activate -mGLOB_product_id_code=0x22006d93 -mP3OPT_use_mspp_call_convention -mP2OPT_subs_out_of_bound=FALSE -mP2OPT_disam_type_based_disam=2 -mP2OPT_disam_assume_ansi_c -mP2OPT_checked_disam_ansi_alias=TRUE -mGLOB_ansi_alias -mPGOPTI_value_profile_use=T -mGLOB_opt_report_use_source_name -mP2OPT_il0_array_sections=TRUE -mP2OPT_hlo -mP2OPT_hpo_rtt_control=0 -mIPOPT_args_in_regs=0 -mP2OPT_disam_assume_nonstd_intent_in=FALSE -mGLOB_imf_mapping_library=/opt/intel//compilers_and_libraries_2020.4.301/mac/bin/intel64/libiml_attr.dylib -mPGOPTI_gen_threadsafe_level=0 -mIPOPT_link -mIPOPT_ipo_activate -mIPOPT_mo_activate -mIPOPT_source_files_list=/var/folders/cx/cvt79bj56dlg7dl55c0929yc0000gn/T/iccslisw4TeE0 -mIPOPT_mo_global_data "-mIPOPT_cmdline_link="-dynamic" "-arch" "x86_64" "-weak_reference_mismatches" "non-weak" "-macosx_version_min" "10.16" "-syslibroot" "/Applications/Xcode.app/Contents/Developer/Platforms/MacOSX.platform/Developer/SDKs/MacOSX13.0.sdk" "-no_compact_unwind" "-keep_dwarf_unwind" "-rpath" "/opt/intel//compilers_and_libraries_2020.4.301/mac/compiler/lib" "-o" "cmTC_f856b" "-L/opt/intel//compilers_and_libraries_2020.4.301/mac/compiler/lib" "-L/usr/lib" "-search_paths_first" "-headerpad_max_install_names" "-v" "CMakeFiles/cmTC_f856b.dir/CMakeCXXCompilerABI.cpp.o" "/opt/intel//compilers_and_libraries_2020.4.301/mac/compiler/lib/libimf.a" "/opt/intel//compilers_and_libraries_2020.4.301/mac/compiler/lib/libsvml.a" "/opt/intel//compilers_and_libraries_2020.4.301/mac/compiler/lib/libirng.a" "/opt/intel//compilers_and_libraries_2020.4.301/mac/compiler/lib/libipgo.a" "/opt/intel//compilers_and_libraries_2020.4.301/mac/compiler/lib/libdecimal.a" "-weak-lcilkrts" "-lc++" "-lSystem" "/opt/intel//compilers_and_libraries_2020.4.301/mac/compiler/lib/libirc.a" "/opt/intel//compilers_and_libraries_2020.4.301/mac/compiler/lib/libsvml.a" "/Applications/Xcode.app/Contents/Developer/Toolchains/XcodeDefault.xctoolchain/usr/lib/clang/14.0.0/lib/darwin/libclang_rt.osx.a"" -mIPOPT_il_in_obj -mIPOPT_ipo_activate_warn=FALSE -mIPOPT_obj_output_file_name=/var/folders/cx/cvt79bj56dlg7dl55c0929yc0000gn/T/ipo_iccN2Fc5A.o -mIPOPT_whole_archive_fixup_file_name=/var/folders/cx/cvt79bj56dlg7dl55c0929yc0000gn/T/iccwarchrIvkIo -mGLOB_linker=/Applications/Xcode.app/Contents/Developer/Toolchains/XcodeDefault.xctoolchain/usr/bin/ld -mGLOB_driver_tempfile_name=/var/folders/cx/cvt79bj56dlg7dl55c0929yc0000gn/T/icctempfileO8gPU6 -mGLOB_os_target=GLOB_OS_TARGET_MACH -mGLOB_async_unwind_tables=TRUE -mGLOB_obj_output_file=/var/folders/cx/cvt79bj56dlg7dl55c0929yc0000gn/T/ipo_iccN2Fc5A.o -mGLOB_source_dialect=GLOB_SOURCE_DIALECT_NONE -mP1OPT_source_file_name=ipo_out.c CMakeFiles/cmTC_f856b.dir/CMakeCXXCompilerABI.cpp.o -mIPOPT_object_files=T -mIPOPT_assembly_files=/var/folders/cx/cvt79bj56dlg7dl55c0929yc0000gn/T/iccalisnEZ015 -mIPOPT_generated_tempfiles=/var/folders/cx/cvt79bj56dlg7dl55c0929yc0000gn/T/iccelisWsosTx -mIPOPT_embedded_object_base_name=/var/folders/cx/cvt79bj56dlg7dl55c0929yc0000gn/T/icceobjd3EwY5
ipo: warning #11012: unable to find -l%s in %s
ipo: warning #11012: unable to find -l%s in %s
ipo: warning #11012: unable to find -l%s in %s
ipo: warning #11012: unable to find -l%s in %s
/Applications/Xcode.app/Contents/Developer/Toolchains/XcodeDefault.xctoolchain/usr/bin/ld    -dynamic -arch x86_64 -weak_reference_mismatches non-weak -macosx_version_min 10.16 -syslibroot /Applications/Xcode.app/Contents/Developer/Platforms/MacOSX.platform/Developer/SDKs/MacOSX13.0.sdk -no_compact_unwind -keep_dwarf_unwind -rpath /opt/intel//compilers_and_libraries_2020.4.301/mac/compiler/lib -o cmTC_f856b -L/opt/intel//compilers_and_libraries_2020.4.301/mac/compiler/lib -L/usr/lib CMakeFiles/cmTC_f856b.dir/CMakeCXXCompilerABI.cpp.o -search_paths_first -headerpad_max_install_names -v /opt/intel//compilers_and_libraries_2020.4.301/mac/compiler/lib/libimf.a /opt/intel//compilers_and_libraries_2020.4.301/mac/compiler/lib/libsvml.a /opt/intel//compilers_and_libraries_2020.4.301/mac/compiler/lib/libirng.a /opt/intel//compilers_and_libraries_2020.4.301/mac/compiler/lib/libipgo.a /opt/intel//compilers_and_libraries_2020.4.301/mac/compiler/lib/libdecimal.a -weak-lcilkrts -lc++ -lSystem /opt/intel//compilers_and_libraries_2020.4.301/mac/compiler/lib/libirc.a /opt/intel//compilers_and_libraries_2020.4.301/mac/compiler/lib/libsvml.a /Applications/Xcode.app/Contents/Developer/Toolchains/XcodeDefault.xctoolchain/usr/lib/clang/14.0.0/lib/darwin/libclang_rt.osx.a
@(#)PROGRAM:ld  PROJECT:ld64-820.1
BUILD 18:42:34 Sep 11 2022
configured to support archs: armv6 armv7 armv7s arm64 arm64e arm64_32 i386 x86_64 x86_64h armv6m armv7k armv7m armv7em
Library search paths:
	/opt/intel//compilers_and_libraries_2020.4.301/mac/compiler/lib
	/Applications/Xcode.app/Contents/Developer/Platforms/MacOSX.platform/Developer/SDKs/MacOSX13.0.sdk/usr/lib
	/Applications/Xcode.app/Contents/Developer/Platforms/MacOSX.platform/Developer/SDKs/MacOSX13.0.sdk/usr/lib
Framework search paths:
	/Applications/Xcode.app/Contents/Developer/Platforms/MacOSX.platform/Developer/SDKs/MacOSX13.0.sdk/System/Library/Frameworks/



Parsed CXX implicit include dir info from above output: rv=done
  found start of include info
  found start of implicit include info
    add: [/opt/intel//compilers_and_libraries_2020.4.301/mac/pstl/include]
    add: [/opt/intel//compilers_and_libraries_2020.4.301/mac/compiler/include/icc]
    add: [/opt/intel//compilers_and_libraries_2020.4.301/mac/compiler/include]
    add: [/Applications/Xcode.app/Contents/Developer/Toolchains/XcodeDefault.xctoolchain/usr/include/c++/v1]
    add: [/Applications/Xcode.app/Contents/Developer/Platforms/MacOSX.platform/Developer/SDKs/MacOSX13.0.sdk/System/Library/Frameworks]
    add: [/Applications/Xcode.app/Contents/Developer/Toolchains/XcodeDefault.xctoolchain/usr/lib/clang/14.0.0/include]
    add: [/usr/local/include]
    add: [/Applications/Xcode.app/Contents/Developer/Platforms/MacOSX.platform/Developer/SDKs/MacOSX13.0.sdk/usr/include/]
    add: [/Applications/Xcode.app/Contents/Developer/Platforms/MacOSX.platform/Developer/SDKs/MacOSX13.0.sdk/usr/include]
  end of search list found
  collapse include dir [/opt/intel//compilers_and_libraries_2020.4.301/mac/pstl/include] ==> [/opt/intel/compilers_and_libraries_2020.4.301/mac/pstl/include]
  collapse include dir [/opt/intel//compilers_and_libraries_2020.4.301/mac/compiler/include/icc] ==> [/opt/intel/compilers_and_libraries_2020.4.301/mac/compiler/include/icc]
  collapse include dir [/opt/intel//compilers_and_libraries_2020.4.301/mac/compiler/include] ==> [/opt/intel/compilers_and_libraries_2020.4.301/mac/compiler/include]
  collapse include dir [/Applications/Xcode.app/Contents/Developer/Toolchains/XcodeDefault.xctoolchain/usr/include/c++/v1] ==> [/Applications/Xcode.app/Contents/Developer/Toolchains/XcodeDefault.xctoolchain/usr/include/c++/v1]
  collapse include dir [/Applications/Xcode.app/Contents/Developer/Platforms/MacOSX.platform/Developer/SDKs/MacOSX13.0.sdk/System/Library/Frameworks] ==> [/Applications/Xcode.app/Contents/Developer/Platforms/MacOSX.platform/Developer/SDKs/MacOSX13.0.sdk/System/Library/Frameworks]
  collapse include dir [/Applications/Xcode.app/Contents/Developer/Toolchains/XcodeDefault.xctoolchain/usr/lib/clang/14.0.0/include] ==> [/Applications/Xcode.app/Contents/Developer/Toolchains/XcodeDefault.xctoolchain/usr/lib/clang/14.0.0/include]
  collapse include dir [/usr/local/include] ==> [/usr/local/include]
  collapse include dir [/Applications/Xcode.app/Contents/Developer/Platforms/MacOSX.platform/Developer/SDKs/MacOSX13.0.sdk/usr/include/] ==> [/Applications/Xcode.app/Contents/Developer/Platforms/MacOSX.platform/Developer/SDKs/MacOSX13.0.sdk/usr/include]
  collapse include dir [/Applications/Xcode.app/Contents/Developer/Platforms/MacOSX.platform/Developer/SDKs/MacOSX13.0.sdk/usr/include] ==> [/Applications/Xcode.app/Contents/Developer/Platforms/MacOSX.platform/Developer/SDKs/MacOSX13.0.sdk/usr/include]
  implicit include dirs: [/opt/intel/compilers_and_libraries_2020.4.301/mac/pstl/include;/opt/intel/compilers_and_libraries_2020.4.301/mac/compiler/include/icc;/opt/intel/compilers_and_libraries_2020.4.301/mac/compiler/include;/Applications/Xcode.app/Contents/Developer/Toolchains/XcodeDefault.xctoolchain/usr/include/c++/v1;/Applications/Xcode.app/Contents/Developer/Platforms/MacOSX.platform/Developer/SDKs/MacOSX13.0.sdk/System/Library/Frameworks;/Applications/Xcode.app/Contents/Developer/Toolchains/XcodeDefault.xctoolchain/usr/lib/clang/14.0.0/include;/usr/local/include;/Applications/Xcode.app/Contents/Developer/Platforms/MacOSX.platform/Developer/SDKs/MacOSX13.0.sdk/usr/include]


Parsed CXX implicit link information from above output:
  link line regex: [^( *|.*[/\])(ld|CMAKE_LINK_STARTFILE-NOTFOUND|([^/\]+-)?ld|collect2)[^/\]*( |$)]
  ignore line: [Change Dir: /Users/joel/Google Drive/Code/LAMMPS_Work/Water Clusters/lammps/cmake-build-debug/CMakeFiles/CMakeTmp]
  ignore line: []
  ignore line: [Run Build Command(s):/usr/bin/make -f Makefile cmTC_f856b/fast && /Applications/Xcode.app/Contents/Developer/usr/bin/make  -f CMakeFiles/cmTC_f856b.dir/build.make CMakeFiles/cmTC_f856b.dir/build]
  ignore line: [Building CXX object CMakeFiles/cmTC_f856b.dir/CMakeCXXCompilerABI.cpp.o]
  ignore line: [/usr/local/bin/icc   -v -Wl -v -MD -MT CMakeFiles/cmTC_f856b.dir/CMakeCXXCompilerABI.cpp.o -MF CMakeFiles/cmTC_f856b.dir/CMakeCXXCompilerABI.cpp.o.d -o CMakeFiles/cmTC_f856b.dir/CMakeCXXCompilerABI.cpp.o -c /Applications/CLion.app/Contents/bin/cmake/mac/share/cmake-3.20/Modules/CMakeCXXCompilerABI.cpp]
  ignore line: [icc version 19.1.3.301 (gcc version 4.9.0 compatibility)]
  ignore line: [/opt/intel//compilers_and_libraries_2020.4.301/mac/bin/intel64/mcpcom    --target_efi2 --lang=c++ -oCMakeFiles/cmTC_f856b.dir/CMakeCXXCompilerABI.cpp.o -_g -mP3OPT_inline_alloca -D__ICC=1910 -D__INTEL_COMPILER=1910 -D__INTEL_COMPILER_UPDATE=3 -D__BLOCKS__ -D__SIZE_WIDTH__=64 -D__PTRDIFF_TYPE__=long "-D__SIZE_TYPE__=unsigned long" -D__WCHAR_TYPE__=int -D__WINT_TYPE__=int "-D__INTMAX_TYPE__=long int" "-D__UINTMAX_TYPE__=long unsigned int" -D__LONG_MAX__=9223372036854775807L -D__QMSPP_ -D__OPTIMIZE__ -D__NO_MATH_INLINES -D__NO_STRING_INLINES -D__GNUC_GNU_INLINE__ -D__GNUG__=4 -D__GNUC__=4 -D__GNUC_MINOR__=9 -D__GNUC_PATCHLEVEL__=0 -D__clang__=1 -D__clang_patchlevel__=0 -D__clang_minor__=0 -D__clang_major__=14 -D__clang_version__="14.0.0" -D__APPLE_CC__=5226 -D__ENVIRONMENT_MAC_OS_X_VERSION_MIN_REQUIRED__=101600 -D__LITTLE_ENDIAN__ -D__DYNAMIC__ -D__private_extern__=extern -D__LP64__ -D_LP64 -D_GNU_SOURCE=1 -D__DEPRECATED=1 -D__GXX_WEAK__=1 -D__GXX_ABI_VERSION=1002 -D__USER_LABEL_PREFIX__=_ -D__REGISTER_PREFIX__= -D__INTEL_RTTI__ -D__EXCEPTIONS=1 -D__x86_64 -D__x86_64__ -D__amd64 -D__amd64__ "-_Acpu(x86_64)" "-_Amachine(x86_64)" -D__INTEL_COMPILER_BUILD_DATE=20200925 -D__PIC__ -D__APPLE__ -D__MACH__ -D__MMX__ -D__SSE__ -D__SSE_MATH__ -D__SSE2__ -D__SSE2_MATH__ -D__SSE3__ -D__SSSE3__ -D__core2 -D__core2__ -D__tune_core2__ -_k -_8 -_l --has_new_stdarg_support -_D -_a -_b --gnu_version=40900 -_W5 --clang_version=40000 -p --bool -tused -x --openmp_simd --noopenmp_offload --dependency_file_name CMakeFiles/cmTC_f856b.dir/CMakeCXXCompilerABI.cpp.o.d --compile_dependencies --dependency_target_name CMakeFiles/cmTC_f856b.dir/CMakeCXXCompilerABI.cpp.o --multibyte_chars --blocks --clang_lib_extensions -D_LIBCPP_HAS_NO_VARIADICS -D_LIBCPP_HAS_NO_RVALUE_REFERENCES -mGLOB_diag_suppress_sys -I/opt/intel//compilers_and_libraries_2020.4.301/mac/pstl/include --array_section --simd --simd_func --clang_extensions --bool -mGLOB_em64t=TRUE -mP1OPT_version=19.1-intel64 -mGLOB_diag_file=CMakeFiles/cmTC_f856b.dir/CMakeCXXCompilerABI.cpp.diag -mGLOB_diag_use_message_catalog=FALSE -mGLOB_long_size_64 -mGLOB_routine_pointer_size_64 -mP1OPT_print_version=FALSE -mCG_use_gas_got_workaround=F -mP2OPT_align_option_used=TRUE -mGLOB_gcc_version=490 "-mGLOB_options_string=-v -Wl,-v -MD -MT CMakeFiles/cmTC_f856b.dir/CMakeCXXCompilerABI.cpp.o -MF CMakeFiles/cmTC_f856b.dir/CMakeCXXCompilerABI.cpp.o.d -o CMakeFiles/cmTC_f856b.dir/CMakeCXXCompilerABI.cpp.o -c" -mGLOB_position_independent_code -mGLOB_preemption_model=1 -mGLOB_no_compact_unwind=TRUE -mGLOB_cxx_limited_range=FALSE -mCG_extend_parms=FALSE -mGLOB_compiler_bin_directory=/opt/intel//compilers_and_libraries_2020.4.301/mac/bin/intel64 -mGLOB_as_output_backup_file_name=/var/folders/cx/cvt79bj56dlg7dl55c0929yc0000gn/T/icc4JfszAas_.s -mIPOPT_activate -mIPOPT_lite -mGLOB_uarch_tuning=0x0 -mGLOB_product_id_code=0x22006d93 -mCG_bnl_movbe=T -mP3OPT_use_mspp_call_convention -mP2OPT_subs_out_of_bound=FALSE -mP2OPT_disam_type_based_disam=2 -mP2OPT_disam_assume_ansi_c -mP2OPT_checked_disam_ansi_alias=TRUE -mGLOB_ansi_alias -mPGOPTI_value_profile_use=T -mP2OPT_il0_array_sections=TRUE -mP2OPT_hlo_level=2 -mP2OPT_hlo -mP2OPT_hpo_rtt_control=0 -mIPOPT_args_in_regs=0 -mP2OPT_disam_assume_nonstd_intent_in=FALSE -mGLOB_imf_mapping_library=/opt/intel//compilers_and_libraries_2020.4.301/mac/bin/intel64/libiml_attr.dylib -mPGOPTI_gen_threadsafe_level=0 -mIPOPT_obj_output_file_name=CMakeFiles/cmTC_f856b.dir/CMakeCXXCompilerABI.cpp.o -mIPOPT_whole_archive_fixup_file_name=/var/folders/cx/cvt79bj56dlg7dl55c0929yc0000gn/T/iccwarcho3DqK3 -mGLOB_linker=/Applications/Xcode.app/Contents/Developer/Toolchains/XcodeDefault.xctoolchain/usr/bin/ld -mGLOB_driver_tempfile_name=/var/folders/cx/cvt79bj56dlg7dl55c0929yc0000gn/T/icctempfile3DpX4P -mGLOB_os_target=GLOB_OS_TARGET_MACH -mGLOB_async_unwind_tables=TRUE -mGLOB_obj_output_file=CMakeFiles/cmTC_f856b.dir/CMakeCXXCompilerABI.cpp.o -mGLOB_source_dialect=GLOB_SOURCE_DIALECT_C_PLUS_PLUS -mP1OPT_source_file_name=/Applications/CLion.app/Contents/bin/cmake/mac/share/cmake-3.20/Modules/CMakeCXXCompilerABI.cpp -mP1OPT_full_source_file_name=/Applications/CLion.app/Contents/bin/cmake/mac/share/cmake-3.20/Modules/CMakeCXXCompilerABI.cpp -mGLOB_eh_linux /Applications/CLion.app/Contents/bin/cmake/mac/share/cmake-3.20/Modules/CMakeCXXCompilerABI.cpp]
  ignore line: [#include "..." search starts here:]
  ignore line: [#include <...> search starts here:]
  ignore line: [ /opt/intel//compilers_and_libraries_2020.4.301/mac/pstl/include]
  ignore line: [ /opt/intel//compilers_and_libraries_2020.4.301/mac/compiler/include/icc]
  ignore line: [ /opt/intel//compilers_and_libraries_2020.4.301/mac/compiler/include]
  ignore line: [ /Applications/Xcode.app/Contents/Developer/Toolchains/XcodeDefault.xctoolchain/usr/include/c++/v1]
  ignore line: [ /Applications/Xcode.app/Contents/Developer/Platforms/MacOSX.platform/Developer/SDKs/MacOSX13.0.sdk/System/Library/Frameworks]
  ignore line: [ /Applications/Xcode.app/Contents/Developer/Toolchains/XcodeDefault.xctoolchain/usr/lib/clang/14.0.0/include]
  ignore line: [ /usr/local/include]
  ignore line: [ /Applications/Xcode.app/Contents/Developer/Platforms/MacOSX.platform/Developer/SDKs/MacOSX13.0.sdk/usr/include/]
  ignore line: [ /Applications/Xcode.app/Contents/Developer/Platforms/MacOSX.platform/Developer/SDKs/MacOSX13.0.sdk/usr/include]
  ignore line: [End of search list.]
  ignore line: [Linking CXX executable cmTC_f856b]
  ignore line: [/Applications/CLion.app/Contents/bin/cmake/mac/bin/cmake -E cmake_link_script CMakeFiles/cmTC_f856b.dir/link.txt --verbose=1]
  ignore line: [/usr/local/bin/icc -Wl -search_paths_first -Wl -headerpad_max_install_names  -v -Wl -v CMakeFiles/cmTC_f856b.dir/CMakeCXXCompilerABI.cpp.o -o cmTC_f856b ]
  ignore line: [icc version 19.1.3.301 (gcc version 4.9.0 compatibility)]
  ignore line: [/opt/intel//compilers_and_libraries_2020.4.301/mac/bin/intel64/mcpcom    -mGLOB_em64t=TRUE -mP1OPT_version=19.1-intel64 -mGLOB_diag_file=CMakeFiles/cmTC_f856b.dir/CMakeCXXCompilerABI.cpp.diag -mGLOB_diag_use_message_catalog=FALSE -mGLOB_long_size_64 -mGLOB_routine_pointer_size_64 -mP1OPT_print_version=FALSE -mCG_use_gas_got_workaround=F -mP2OPT_align_option_used=TRUE -mGLOB_gcc_version=490 "-mGLOB_options_string=-Wl,-search_paths_first -Wl,-headerpad_max_install_names -v -Wl,-v -o cmTC_f856b" -mGLOB_position_independent_code -mGLOB_preemption_model=1 -mGLOB_no_compact_unwind=TRUE -mGLOB_cxx_limited_range=FALSE -mCG_extend_parms=FALSE -mGLOB_compiler_bin_directory=/opt/intel//compilers_and_libraries_2020.4.301/mac/bin/intel64 -mGLOB_as_output_backup_file_name=/var/folders/cx/cvt79bj56dlg7dl55c0929yc0000gn/T/icchH1URaas_.s -mGLOB_dashboard_use_source_name -mIPOPT_activate -mGLOB_product_id_code=0x22006d93 -mP3OPT_use_mspp_call_convention -mP2OPT_subs_out_of_bound=FALSE -mP2OPT_disam_type_based_disam=2 -mP2OPT_disam_assume_ansi_c -mP2OPT_checked_disam_ansi_alias=TRUE -mGLOB_ansi_alias -mPGOPTI_value_profile_use=T -mGLOB_opt_report_use_source_name -mP2OPT_il0_array_sections=TRUE -mP2OPT_hlo -mP2OPT_hpo_rtt_control=0 -mIPOPT_args_in_regs=0 -mP2OPT_disam_assume_nonstd_intent_in=FALSE -mGLOB_imf_mapping_library=/opt/intel//compilers_and_libraries_2020.4.301/mac/bin/intel64/libiml_attr.dylib -mPGOPTI_gen_threadsafe_level=0 -mIPOPT_link -mIPOPT_ipo_activate -mIPOPT_mo_activate -mIPOPT_source_files_list=/var/folders/cx/cvt79bj56dlg7dl55c0929yc0000gn/T/iccslisw4TeE0 -mIPOPT_mo_global_data "-mIPOPT_cmdline_link="-dynamic" "-arch" "x86_64" "-weak_reference_mismatches" "non-weak" "-macosx_version_min" "10.16" "-syslibroot" "/Applications/Xcode.app/Contents/Developer/Platforms/MacOSX.platform/Developer/SDKs/MacOSX13.0.sdk" "-no_compact_unwind" "-keep_dwarf_unwind" "-rpath" "/opt/intel//compilers_and_libraries_2020.4.301/mac/compiler/lib" "-o" "cmTC_f856b" "-L/opt/intel//compilers_and_libraries_2020.4.301/mac/compiler/lib" "-L/usr/lib" "-search_paths_first" "-headerpad_max_install_names" "-v" "CMakeFiles/cmTC_f856b.dir/CMakeCXXCompilerABI.cpp.o" "/opt/intel//compilers_and_libraries_2020.4.301/mac/compiler/lib/libimf.a" "/opt/intel//compilers_and_libraries_2020.4.301/mac/compiler/lib/libsvml.a" "/opt/intel//compilers_and_libraries_2020.4.301/mac/compiler/lib/libirng.a" "/opt/intel//compilers_and_libraries_2020.4.301/mac/compiler/lib/libipgo.a" "/opt/intel//compilers_and_libraries_2020.4.301/mac/compiler/lib/libdecimal.a" "-weak-lcilkrts" "-lc++" "-lSystem" "/opt/intel//compilers_and_libraries_2020.4.301/mac/compiler/lib/libirc.a" "/opt/intel//compilers_and_libraries_2020.4.301/mac/compiler/lib/libsvml.a" "/Applications/Xcode.app/Contents/Developer/Toolchains/XcodeDefault.xctoolchain/usr/lib/clang/14.0.0/lib/darwin/libclang_rt.osx.a"" -mIPOPT_il_in_obj -mIPOPT_ipo_activate_warn=FALSE -mIPOPT_obj_output_file_name=/var/folders/cx/cvt79bj56dlg7dl55c0929yc0000gn/T/ipo_iccN2Fc5A.o -mIPOPT_whole_archive_fixup_file_name=/var/folders/cx/cvt79bj56dlg7dl55c0929yc0000gn/T/iccwarchrIvkIo -mGLOB_linker=/Applications/Xcode.app/Contents/Developer/Toolchains/XcodeDefault.xctoolchain/usr/bin/ld -mGLOB_driver_tempfile_name=/var/folders/cx/cvt79bj56dlg7dl55c0929yc0000gn/T/icctempfileO8gPU6 -mGLOB_os_target=GLOB_OS_TARGET_MACH -mGLOB_async_unwind_tables=TRUE -mGLOB_obj_output_file=/var/folders/cx/cvt79bj56dlg7dl55c0929yc0000gn/T/ipo_iccN2Fc5A.o -mGLOB_source_dialect=GLOB_SOURCE_DIALECT_NONE -mP1OPT_source_file_name=ipo_out.c CMakeFiles/cmTC_f856b.dir/CMakeCXXCompilerABI.cpp.o -mIPOPT_object_files=T -mIPOPT_assembly_files=/var/folders/cx/cvt79bj56dlg7dl55c0929yc0000gn/T/iccalisnEZ015 -mIPOPT_generated_tempfiles=/var/folders/cx/cvt79bj56dlg7dl55c0929yc0000gn/T/iccelisWsosTx -mIPOPT_embedded_object_base_name=/var/folders/cx/cvt79bj56dlg7dl55c0929yc0000gn/T/icceobjd3EwY5]
  ignore line: [ipo: warning #11012: unable to find -l%s in %s]
  ignore line: [ipo: warning #11012: unable to find -l%s in %s]
  ignore line: [ipo: warning #11012: unable to find -l%s in %s]
  ignore line: [ipo: warning #11012: unable to find -l%s in %s]
  link line: [/Applications/Xcode.app/Contents/Developer/Toolchains/XcodeDefault.xctoolchain/usr/bin/ld    -dynamic -arch x86_64 -weak_reference_mismatches non-weak -macosx_version_min 10.16 -syslibroot /Applications/Xcode.app/Contents/Developer/Platforms/MacOSX.platform/Developer/SDKs/MacOSX13.0.sdk -no_compact_unwind -keep_dwarf_unwind -rpath /opt/intel//compilers_and_libraries_2020.4.301/mac/compiler/lib -o cmTC_f856b -L/opt/intel//compilers_and_libraries_2020.4.301/mac/compiler/lib -L/usr/lib CMakeFiles/cmTC_f856b.dir/CMakeCXXCompilerABI.cpp.o -search_paths_first -headerpad_max_install_names -v /opt/intel//compilers_and_libraries_2020.4.301/mac/compiler/lib/libimf.a /opt/intel//compilers_and_libraries_2020.4.301/mac/compiler/lib/libsvml.a /opt/intel//compilers_and_libraries_2020.4.301/mac/compiler/lib/libirng.a /opt/intel//compilers_and_libraries_2020.4.301/mac/compiler/lib/libipgo.a /opt/intel//compilers_and_libraries_2020.4.301/mac/compiler/lib/libdecimal.a -weak-lcilkrts -lc++ -lSystem /opt/intel//compilers_and_libraries_2020.4.301/mac/compiler/lib/libirc.a /opt/intel//compilers_and_libraries_2020.4.301/mac/compiler/lib/libsvml.a /Applications/Xcode.app/Contents/Developer/Toolchains/XcodeDefault.xctoolchain/usr/lib/clang/14.0.0/lib/darwin/libclang_rt.osx.a]
    arg [/Applications/Xcode.app/Contents/Developer/Toolchains/XcodeDefault.xctoolchain/usr/bin/ld] ==> ignore
    arg [-dynamic] ==> ignore
    arg [-arch] ==> ignore
    arg [x86_64] ==> ignore
    arg [-weak_reference_mismatches] ==> ignore
    arg [non-weak] ==> ignore
    arg [-macosx_version_min] ==> ignore
    arg [10.16] ==> ignore
    arg [-syslibroot] ==> ignore
    arg [/Applications/Xcode.app/Contents/Developer/Platforms/MacOSX.platform/Developer/SDKs/MacOSX13.0.sdk] ==> ignore
    arg [-no_compact_unwind] ==> ignore
    arg [-keep_dwarf_unwind] ==> ignore
    arg [-rpath] ==> ignore
    arg [/opt/intel//compilers_and_libraries_2020.4.301/mac/compiler/lib] ==> ignore
    arg [-o] ==> ignore
    arg [cmTC_f856b] ==> ignore
    arg [-L/opt/intel//compilers_and_libraries_2020.4.301/mac/compiler/lib] ==> dir [/opt/intel//compilers_and_libraries_2020.4.301/mac/compiler/lib]
    arg [-L/usr/lib] ==> dir [/usr/lib]
    arg [CMakeFiles/cmTC_f856b.dir/CMakeCXXCompilerABI.cpp.o] ==> ignore
    arg [-search_paths_first] ==> ignore
    arg [-headerpad_max_install_names] ==> ignore
    arg [-v] ==> ignore
    arg [/opt/intel//compilers_and_libraries_2020.4.301/mac/compiler/lib/libimf.a] ==> lib [/opt/intel//compilers_and_libraries_2020.4.301/mac/compiler/lib/libimf.a]
    arg [/opt/intel//compilers_and_libraries_2020.4.301/mac/compiler/lib/libsvml.a] ==> lib [/opt/intel//compilers_and_libraries_2020.4.301/mac/compiler/lib/libsvml.a]
    arg [/opt/intel//compilers_and_libraries_2020.4.301/mac/compiler/lib/libirng.a] ==> lib [/opt/intel//compilers_and_libraries_2020.4.301/mac/compiler/lib/libirng.a]
    arg [/opt/intel//compilers_and_libraries_2020.4.301/mac/compiler/lib/libipgo.a] ==> lib [/opt/intel//compilers_and_libraries_2020.4.301/mac/compiler/lib/libipgo.a]
    arg [/opt/intel//compilers_and_libraries_2020.4.301/mac/compiler/lib/libdecimal.a] ==> lib [/opt/intel//compilers_and_libraries_2020.4.301/mac/compiler/lib/libdecimal.a]
    arg [-weak-lcilkrts] ==> ignore
    arg [-lc++] ==> lib [c++]
    arg [-lSystem] ==> lib [System]
    arg [/opt/intel//compilers_and_libraries_2020.4.301/mac/compiler/lib/libirc.a] ==> lib [/opt/intel//compilers_and_libraries_2020.4.301/mac/compiler/lib/libirc.a]
    arg [/opt/intel//compilers_and_libraries_2020.4.301/mac/compiler/lib/libsvml.a] ==> lib [/opt/intel//compilers_and_libraries_2020.4.301/mac/compiler/lib/libsvml.a]
    arg [/Applications/Xcode.app/Contents/Developer/Toolchains/XcodeDefault.xctoolchain/usr/lib/clang/14.0.0/lib/darwin/libclang_rt.osx.a] ==> lib [/Applications/Xcode.app/Contents/Developer/Toolchains/XcodeDefault.xctoolchain/usr/lib/clang/14.0.0/lib/darwin/libclang_rt.osx.a]
  Library search paths: [;/opt/intel//compilers_and_libraries_2020.4.301/mac/compiler/lib;/Applications/Xcode.app/Contents/Developer/Platforms/MacOSX.platform/Developer/SDKs/MacOSX13.0.sdk/usr/lib;/Applications/Xcode.app/Contents/Developer/Platforms/MacOSX.platform/Developer/SDKs/MacOSX13.0.sdk/usr/lib]
  Framework search paths: [;/Applications/Xcode.app/Contents/Developer/Platforms/MacOSX.platform/Developer/SDKs/MacOSX13.0.sdk/System/Library/Frameworks/]
  collapse lib [/opt/intel//compilers_and_libraries_2020.4.301/mac/compiler/lib/libimf.a] ==> [/opt/intel/compilers_and_libraries_2020.4.301/mac/compiler/lib/libimf.a]
  collapse lib [/opt/intel//compilers_and_libraries_2020.4.301/mac/compiler/lib/libsvml.a] ==> [/opt/intel/compilers_and_libraries_2020.4.301/mac/compiler/lib/libsvml.a]
  collapse lib [/opt/intel//compilers_and_libraries_2020.4.301/mac/compiler/lib/libirng.a] ==> [/opt/intel/compilers_and_libraries_2020.4.301/mac/compiler/lib/libirng.a]
  collapse lib [/opt/intel//compilers_and_libraries_2020.4.301/mac/compiler/lib/libipgo.a] ==> [/opt/intel/compilers_and_libraries_2020.4.301/mac/compiler/lib/libipgo.a]
  collapse lib [/opt/intel//compilers_and_libraries_2020.4.301/mac/compiler/lib/libdecimal.a] ==> [/opt/intel/compilers_and_libraries_2020.4.301/mac/compiler/lib/libdecimal.a]
  remove lib [System]
  collapse lib [/opt/intel//compilers_and_libraries_2020.4.301/mac/compiler/lib/libirc.a] ==> [/opt/intel/compilers_and_libraries_2020.4.301/mac/compiler/lib/libirc.a]
  collapse lib [/opt/intel//compilers_and_libraries_2020.4.301/mac/compiler/lib/libsvml.a] ==> [/opt/intel/compilers_and_libraries_2020.4.301/mac/compiler/lib/libsvml.a]
  remove lib [/Applications/Xcode.app/Contents/Developer/Toolchains/XcodeDefault.xctoolchain/usr/lib/clang/14.0.0/lib/darwin/libclang_rt.osx.a]
  collapse library dir [/opt/intel//compilers_and_libraries_2020.4.301/mac/compiler/lib] ==> [/opt/intel/compilers_and_libraries_2020.4.301/mac/compiler/lib]
  collapse library dir [/usr/lib] ==> [/usr/lib]
  collapse library dir [/opt/intel//compilers_and_libraries_2020.4.301/mac/compiler/lib] ==> [/opt/intel/compilers_and_libraries_2020.4.301/mac/compiler/lib]
  collapse library dir [/Applications/Xcode.app/Contents/Developer/Platforms/MacOSX.platform/Developer/SDKs/MacOSX13.0.sdk/usr/lib] ==> [/Applications/Xcode.app/Contents/Developer/Platforms/MacOSX.platform/Developer/SDKs/MacOSX13.0.sdk/usr/lib]
  collapse library dir [/Applications/Xcode.app/Contents/Developer/Platforms/MacOSX.platform/Developer/SDKs/MacOSX13.0.sdk/usr/lib] ==> [/Applications/Xcode.app/Contents/Developer/Platforms/MacOSX.platform/Developer/SDKs/MacOSX13.0.sdk/usr/lib]
  collapse framework dir [/Applications/Xcode.app/Contents/Developer/Platforms/MacOSX.platform/Developer/SDKs/MacOSX13.0.sdk/System/Library/Frameworks/] ==> [/Applications/Xcode.app/Contents/Developer/Platforms/MacOSX.platform/Developer/SDKs/MacOSX13.0.sdk/System/Library/Frameworks]
  implicit libs: [/opt/intel/compilers_and_libraries_2020.4.301/mac/compiler/lib/libimf.a;/opt/intel/compilers_and_libraries_2020.4.301/mac/compiler/lib/libsvml.a;/opt/intel/compilers_and_libraries_2020.4.301/mac/compiler/lib/libirng.a;/opt/intel/compilers_and_libraries_2020.4.301/mac/compiler/lib/libipgo.a;/opt/intel/compilers_and_libraries_2020.4.301/mac/compiler/lib/libdecimal.a;c++;/opt/intel/compilers_and_libraries_2020.4.301/mac/compiler/lib/libirc.a;/opt/intel/compilers_and_libraries_2020.4.301/mac/compiler/lib/libsvml.a]
  implicit objs: []
  implicit dirs: [/opt/intel/compilers_and_libraries_2020.4.301/mac/compiler/lib;/usr/lib;/Applications/Xcode.app/Contents/Developer/Platforms/MacOSX.platform/Developer/SDKs/MacOSX13.0.sdk/usr/lib]
  implicit fwks: [/Applications/Xcode.app/Contents/Developer/Platforms/MacOSX.platform/Developer/SDKs/MacOSX13.0.sdk/System/Library/Frameworks]


