units           lj
atom_style      sphere
dimension       3
newton off


lattice         sc 0.4
Lattice spacing in x,y,z = 1.3572088 1.3572088 1.3572088
region          box block -8 8 -8 8 -8 8
create_box      1 box
Created orthogonal box = (-10.857670 -10.857670 -10.857670) to (10.857670 10.857670 10.857670)
  1 by 1 by 1 MPI processor grid
create_atoms    1 box
Created 4096 atoms
  create_atoms CPU = 0.001 seconds
#mass            * 1.0
velocity        all create 1.0 1 loop geom


neighbor        1.0 bin
neigh_modify    every 1 delay 1 check yes

pair_style none


fix         1 all bd/sphere ${gamma_t} ${gamma_r} ${D_t} ${D_r} ${seed} rng ${rng}
fix         1 all bd/sphere 10 ${gamma_r} ${D_t} ${D_r} ${seed} rng ${rng}
fix         1 all bd/sphere 10 1 ${D_t} ${D_r} ${seed} rng ${rng}
fix         1 all bd/sphere 10 1 5 ${D_r} ${seed} rng ${rng}
fix         1 all bd/sphere 10 1 5 15 ${seed} rng ${rng}
fix         1 all bd/sphere 10 1 5 15 553910 rng ${rng}
fix         1 all bd/sphere 10 1 5 15 553910 rng uniform
fix_modify  1 virial yes

compute press all pressure NULL virial

thermo_style    custom step temp epair c_press

#equilibration
timestep        0.0000000001
thermo          50001
run             50000
WARNING: No pairwise cutoff or binsize set. Atom sorting therefore disabled. (src/atom.cpp:2118)
WARNING: Communication cutoff is 0.0. No ghost atoms will be generated. Atoms may get lost. (src/comm_brick.cpp:167)
Per MPI rank memory allocation (min/avg/max) = 3.581 | 3.581 | 3.581 Mbytes
Step Temp E_pair c_press 
       0            1            0   -32553.271 
   50000 5.2351457e+10            0    -15026.42 
Loop time of 16.0183 on 1 procs for 50000 steps with 4096 atoms

Performance: 0.027 tau/day, 3121.426 timesteps/s
100.0% CPU use with 1 MPI tasks x 1 OpenMP threads

MPI task timing breakdown:
Section |  min time  |  avg time  |  max time  |%varavg| %total
---------------------------------------------------------------
Pair    | 0          | 0          | 0          |   0.0 |  0.00
Neigh   | 0          | 0          | 0          |   0.0 |  0.00
Comm    | 0.074984   | 0.074984   | 0.074984   |   0.0 |  0.47
Output  | 3.0041e-05 | 3.0041e-05 | 3.0041e-05 |   0.0 |  0.00
Modify  | 15.366     | 15.366     | 15.366     |   0.0 | 95.93
Other   |            | 0.5772     |            |       |  3.60

Nlocal:        4096.00 ave        4096 max        4096 min
Histogram: 1 0 0 0 0 0 0 0 0 0
Nghost:        817.000 ave         817 max         817 min
Histogram: 1 0 0 0 0 0 0 0 0 0
Neighs:         0.00000 ave           0 max           0 min
Histogram: 1 0 0 0 0 0 0 0 0 0

Total # of neighbors = 0
Ave neighs/atom = 0.0000000
Neighbor list builds = 0
Dangerous builds = 0
reset_timestep  0


#initialisation for the main run

# MSD
compute         msd  all msd


thermo_style    custom step temp epair c_msd[*] c_press


# write trajectory and thermo in a log-scale frequency
# uncomment the next three lines for dump file
#dump            1 all custom 10000 dump_${params}_3d.lammpstrj id type #		x y xu yu fx fy fz
#dump_modify     1 first yes sort id

timestep        0.00001
thermo          1000

# main run
run             120000
WARNING: Communication cutoff is 0.0. No ghost atoms will be generated. Atoms may get lost. (src/comm_brick.cpp:167)
Per MPI rank memory allocation (min/avg/max) = 3.956 | 3.956 | 3.956 Mbytes
Step Temp E_pair c_msd[1] c_msd[2] c_msd[3] c_msd[4] c_press 
       0 5.2351457e+10            0            0            0            0            0   -233.83012 
    1000    522590.88            0   0.10259269   0.10487519   0.10391005   0.31137793   -13.730626 
    2000    521776.08            0   0.20662097    0.2118237   0.20371673   0.62216139   -141.90848 
    3000     529408.9            0   0.30711557    0.3105565   0.30293728   0.92060935    28.335187 
    4000    518069.42            0   0.39918073   0.40643835   0.40168024    1.2072993   -12.262269 
    5000    520487.75            0   0.50222348   0.50854461   0.50304351    1.5138116    303.56775 
    6000     527970.5            0   0.60443861   0.60363711   0.59884932     1.806925    218.55799 
    7000    519424.68            0   0.69529071   0.70025532   0.70347351    2.0990195   -363.51723 
    8000    521925.72            0   0.80545039   0.81520807   0.79930708    2.4199655    510.47732 
    9000    518397.28            0   0.91236827    0.9050426   0.89431985    2.7117307    537.74151 
   10000    525696.47            0   0.99494325   0.99433832   0.98574884    2.9750304    411.56896 
   11000    524505.88            0    1.0863677    1.1232636    1.0810609    3.2906921    32.652569 
   12000    525350.08            0    1.1816136    1.2412674     1.189996     3.612877    45.304061 
   13000    524598.12            0    1.2841566    1.3381915    1.2906249     3.912973   -376.50739 
   14000    525438.09            0    1.3964076    1.4420032    1.3915611    4.2299719   -31.273339 
   15000    523531.08            0    1.4829127    1.5436611    1.4892074    4.5157811   -357.26366 
   16000    532366.43            0    1.5871965    1.6432286    1.6020146    4.8324397    435.10667 
   17000    523629.21            0    1.6968632    1.7574539    1.6967316    5.1510487    280.59816 
   18000    521432.94            0    1.7973983    1.8462477    1.8087416    5.4523876    134.69384 
   19000    530778.78            0     1.888653    1.9328611    1.9268155    5.7483296   -64.346115 
   20000    525623.21            0    1.9718697    2.0048196    2.0068177     5.983507    73.884028 
   21000    524862.26            0    2.0414226    2.0967449    2.0878261    6.2259936    163.95173 
   22000    529123.04            0     2.143889    2.1850282    2.1972491    6.5261662    234.87793 
   23000    519629.76            0    2.2297952    2.2661611    2.2805197     6.776476     57.65702 
   24000    523746.18            0    2.3293654    2.3658544    2.3842082     7.079428    46.291089 
   25000    515851.07            0    2.4177426    2.4559274    2.5029961    7.3766661   -16.353546 
   26000    515592.59            0    2.5352044    2.5438918    2.5657776    7.6448738   -65.259248 
   27000    527764.96            0    2.6498176    2.6423592    2.6715377    7.9637146    324.48367 
   28000    527177.18            0    2.7405087    2.7431537    2.7702133    8.2538757   -47.906223 
   29000    521079.66            0    2.8294642    2.8410515    2.8546167    8.5251323   -135.36173 
   30000     526092.8            0     2.961898    2.9361476    2.9319586    8.8300042    206.28635 
   31000    529595.93            0    3.0638234    3.0128995    3.0434232    9.1201461   -35.946596 
   32000    521173.83            0     3.159344    3.1397814    3.1455147    9.4446401    328.73193 
   33000    522989.77            0    3.2567127    3.2348491    3.2444068    9.7359686    362.33435 
   34000    522930.45            0    3.3489514    3.3433962    3.3391822     10.03153    178.73773 
   35000    530664.64            0    3.4445399    3.4843743    3.4205275    10.349442    146.02898 
   36000    521443.26            0     3.520475    3.6171115    3.5179112    10.655498    244.07172 
   37000    529669.54            0    3.6076942    3.7233869    3.6169718    10.948053     79.46077 
   38000    527521.93            0    3.7093699    3.8275855    3.7451165    11.282072   -91.131074 
   39000    523237.65            0    3.8088585    3.9559041    3.8748751    11.639638   -70.265271 
   40000    522798.75            0      3.89319    4.0420406    3.9196106    11.854841    91.631855 
   41000    524228.77            0    3.9863379    4.1602581    4.0393136     12.18591    113.26515 
   42000    524546.08            0    4.0969366    4.2738786    4.1218115    12.492627    313.83957 
   43000    515948.22            0    4.2161418    4.3700009    4.2178962    12.804039    92.993253 
   44000    527319.42            0    4.3267431    4.4688062    4.3274029    13.122952   -118.91153 
   45000    526222.74            0    4.4289127    4.5531203    4.4604075    13.442441   -474.98113 
   46000    524617.54            0    4.5422968    4.6316235    4.5445894     13.71851   -303.23458 
   47000    524067.07            0    4.6284944    4.6989745    4.5884153    13.915884   -343.41107 
   48000    535659.25            0    4.7221068    4.7505302    4.7212887    14.193926    149.75872 
   49000    527425.65            0    4.8098179    4.8761354    4.8362998    14.522253   -272.18936 
   50000    516588.98            0    4.9077783    4.9950242    4.9826783    14.885481   -52.925733 
   51000    522291.86            0    5.0022325    5.0659091    5.0525647    15.120706   -52.985883 
   52000    530056.07            0     5.123751    5.1470734    5.1603805    15.431205   -231.29334 
   53000    525624.96            0    5.2412036    5.2543541    5.2717587    15.767316    294.19678 
   54000    524407.27            0    5.3530927     5.359043     5.342451    16.054587   -55.282671 
   55000    519989.37            0    5.4458173    5.4781678     5.413865     16.33785   -135.28414 
   56000    524987.68            0    5.5282178    5.5825979    5.5127172    16.623533    84.654044 
   57000    525610.66            0    5.6202713    5.6925409    5.5964466    16.909259    407.16526 
   58000    523097.93            0    5.7390671    5.7830376    5.6921201    17.214225   -271.05243 
   59000    525357.74            0    5.8037507    5.8654514    5.7920744    17.461276   -213.07815 
   60000    522185.96            0    5.9067925    5.9909357     5.903525    17.801253    330.09637 
   61000    527694.33            0    6.0576096    6.0907943    6.0202838    18.168688    310.22884 
   62000    522936.57            0    6.1422565    6.1888677     6.124212    18.455336   -24.591697 
   63000    526642.55            0    6.2261061    6.2832608    6.2023277    18.711695   -130.32823 
   64000    514826.49            0    6.3032614    6.3628539    6.3184362    18.984552    195.43036 
   65000    529338.23            0    6.4152502    6.4482512    6.4241507    19.287652   -77.817059 
   66000    527425.07            0    6.5122194    6.5052947    6.5518104    19.569324    8.0143425 
   67000    525258.85            0    6.6292334    6.6417881    6.6438938    19.914915     152.1905 
   68000    527067.89            0    6.7569918    6.6951219    6.7357134    20.187827   -337.54654 
   69000    522395.33            0    6.8401085    6.7836633    6.8243746    20.448146    34.755329 
   70000    522200.34            0    6.9549662    6.8773008    6.9537894    20.786056    352.30283 
   71000    527550.11            0    7.0441399    6.9837133    7.0860791    21.113932    171.42143 
   72000    529564.22            0    7.1744229    7.0581688    7.1507041    21.383296    269.04569 
   73000    524175.53            0     7.248828    7.1693905    7.2974868    21.715705   -84.993601 
   74000     528604.1            0    7.3358903    7.2983204     7.390523    22.024734   -6.8495991 
   75000    519136.15            0     7.445248    7.4224403    7.4690469    22.336735    250.23521 
   76000    518470.58            0    7.5747768    7.5354904    7.5612252    22.671492    274.53956 
   77000    518459.51            0    7.6660567    7.6557812    7.7020797    23.023918    430.07722 
   78000    516646.23            0    7.7596088    7.7130901    7.7896654    23.262364    536.21298 
   79000    517511.57            0    7.9021784      7.82098    7.8840028    23.607161    193.80468 
   80000    520654.84            0     7.991107    7.8932454    8.0049184    23.889271   -6.0066355 
   81000    522331.74            0    8.0616391    7.9990606    8.0954141    24.156114    47.271954 
   82000     521540.3            0    8.1268306    8.0763829    8.1861513    24.389365    36.265762 
   83000    529154.07            0    8.2537975    8.1854268    8.2745822    24.713807    113.94154 
   84000    525977.29            0    8.2999431      8.26591    8.2970498    24.862903   -72.444836 
   85000    520505.41            0    8.3872349    8.3551374    8.4251458    25.167518    -346.6703 
   86000    516334.67            0    8.4947842    8.4504822    8.5238751    25.469142   -3.8332672 
   87000    524745.34            0    8.5405071    8.5348571    8.6344387    25.709803   -149.22382 
   88000    521384.87            0    8.5798155    8.6260785    8.7133565    25.919251    22.009599 
   89000    519680.71            0    8.6657392    8.6857605    8.8319304     26.18343   -180.94487 
   90000     522482.4            0    8.7310324    8.7844751    8.9636862    26.479194   -102.50361 
   91000    527450.69            0    8.8250902    8.8445728    9.0456076    26.715271    325.68024 
   92000    519060.77            0    8.9054775    8.9412744    9.1259074    26.972659    130.73028 
   93000    518170.14            0    9.0378587    9.0315875    9.2346184    27.304065   -111.68498 
   94000    531639.53            0    9.1268874    9.0952299    9.3437063    27.565824   -26.423328 
   95000     519776.1            0    9.2332576    9.1903006    9.4516001    27.875158   -113.46356 
   96000    527082.72            0    9.2993234    9.2533436     9.534409    28.087076   -46.720611 
   97000    526965.16            0    9.3485677    9.3197496    9.6631942    28.331512    159.18386 
   98000    529790.04            0    9.4759113    9.5177629     9.783846     28.77752    343.32872 
   99000    520964.82            0    9.6488022    9.6573355     9.882432     29.18857   -257.85576 
  100000    520863.58            0    9.7452168    9.7659565    9.9878877    29.499061   -108.52324 
  101000    526760.86            0    9.8073751    9.8508213    10.127532    29.785728    120.22249 
  102000    519249.89            0    9.9315855    9.9767409    10.221605    30.129931   -176.50647 
  103000     525003.9            0    10.023982    10.062451    10.315002    30.401435     422.1401 
  104000    519112.73            0    10.086117    10.136879    10.415222    30.638218   -147.66505 
  105000    517898.24            0    10.180438    10.240942    10.525346    30.946725    158.63054 
  106000    528046.35            0    10.258163     10.41411    10.601663    31.273936   -128.04669 
  107000     527105.8            0    10.364015    10.485036    10.795177    31.644228    183.82165 
  108000    522024.28            0    10.450786    10.544065    10.902961    31.897812   -39.692553 
  109000    519497.83            0    10.556206     10.61633    11.046222    32.218758    173.75988 
  110000     521070.8            0     10.64856    10.745382    11.071387    32.465329   -128.45389 
  111000    525657.64            0    10.830485    10.852954    11.188295    32.871734   -214.60249 
  112000    519426.33            0    10.987769     10.97575     11.26012    33.223639    292.35901 
  113000    526472.45            0    11.029941    11.086376    11.418772    33.535089    189.69245 
  114000    520070.28            0    11.107229    11.183295    11.454757    33.745281   -40.433571 
  115000    525812.59            0    11.153992    11.305378    11.537521     33.99689   -106.38733 
  116000    524464.26            0    11.256779    11.413082    11.633295    34.303156   -159.59643 
  117000    519838.94            0    11.344413    11.480104    11.706366    34.530883   -2.0346135 
  118000    524075.83            0    11.441416    11.597533    11.783056    34.822005   -350.05313 
  119000    533816.71            0     11.52766    11.681986    11.917713    35.127359   -521.58975 
  120000    524509.31            0     11.63865    11.792667    12.080379    35.511696    273.09647 
Loop time of 39.6359 on 1 procs for 120000 steps with 4096 atoms

Performance: 2615.809 tau/day, 3027.557 timesteps/s
100.0% CPU use with 1 MPI tasks x 1 OpenMP threads

MPI task timing breakdown:
Section |  min time  |  avg time  |  max time  |%varavg| %total
---------------------------------------------------------------
Pair    | 0          | 0          | 0          |   0.0 |  0.00
Neigh   | 0.0059817  | 0.0059817  | 0.0059817  |   0.0 |  0.02
Comm    | 0.039473   | 0.039473   | 0.039473   |   0.0 |  0.10
Output  | 0.0063653  | 0.0063653  | 0.0063653  |   0.0 |  0.02
Modify  | 38.085     | 38.085     | 38.085     |   0.0 | 96.09
Other   |            | 1.499      |            |       |  3.78

Nlocal:        4096.00 ave        4096 max        4096 min
Histogram: 1 0 0 0 0 0 0 0 0 0
Nghost:         0.00000 ave           0 max           0 min
Histogram: 1 0 0 0 0 0 0 0 0 0
Neighs:         0.00000 ave           0 max           0 min
Histogram: 1 0 0 0 0 0 0 0 0 0

Total # of neighbors = 0
Ave neighs/atom = 0.0000000
Neighbor list builds = 992
Dangerous builds = 0


Total wall time: 0:00:55
