############################################################
# group name of the atoms under study      : all
# total number of atoms in the group       : 64
# dimension of the system                  : 1 D
# number of atoms per unit cell            : 2
# dimension of the FFT mesh                : 32 x 1 x 1
# number of wait steps before measurement  : 500000
# frequency of GFC measurement             : 10
# output result after this many measurement: 50000
# number of processors used by this run    : 1
############################################################
# mapping information between lattice index and atom id
# nx ny nz nucell
32 1 1 2
# l1 l2 l3 k atom_id
0 0 0 0 1
0 0 0 1 2
1 0 0 0 3
1 0 0 1 4
2 0 0 0 5
2 0 0 1 6
3 0 0 0 7
3 0 0 1 8
4 0 0 0 9
4 0 0 1 10
5 0 0 0 11
5 0 0 1 12
6 0 0 0 13
6 0 0 1 14
7 0 0 0 15
7 0 0 1 16
8 0 0 0 17
8 0 0 1 18
9 0 0 0 19
9 0 0 1 20
10 0 0 0 21
10 0 0 1 22
11 0 0 0 23
11 0 0 1 24
12 0 0 0 25
12 0 0 1 26
13 0 0 0 27
13 0 0 1 28
14 0 0 0 29
14 0 0 1 30
15 0 0 0 31
15 0 0 1 32
16 0 0 0 33
16 0 0 1 34
17 0 0 0 35
17 0 0 1 36
18 0 0 0 37
18 0 0 1 38
19 0 0 0 39
19 0 0 1 40
20 0 0 0 41
20 0 0 1 42
21 0 0 0 43
21 0 0 1 44
22 0 0 0 45
22 0 0 1 46
23 0 0 0 47
23 0 0 1 48
24 0 0 0 49
24 0 0 1 50
25 0 0 0 51
25 0 0 1 52
26 0 0 0 53
26 0 0 1 54
27 0 0 0 55
27 0 0 1 56
28 0 0 0 57
28 0 0 1 58
29 0 0 0 59
29 0 0 1 60
30 0 0 0 61
30 0 0 1 62
31 0 0 0 63
31 0 0 1 64
############################################################
############################################################
# Current time step                      : 1000000
# Total number of measurements           : 50000
# Average temperature of the measurement : 0.00499889
# Boltzmann constant under current units : 1
# basis vector A1 = [2 0 0]
# basis vector A2 = [0 1 0]
# basis vector A3 = [0 0 1]
############################################################
# qx	 qy 	 qz 		 Phi(q)
0 0 0 2.0269 0 -1.43323 0 -1.43323 0 1.01345 0
0.03125 0 0 2.06958 0 -1.44367 0.144297 -1.44367 -0.144297 1.03745 0
0.0625 0 0 2.00734 -7.10386e-17 -1.36818 0.273607 -1.36818 -0.273607 1.02097 0
0.09375 0 0 2.06033 7.36546e-16 -1.32894 0.389454 -1.32894 -0.389454 1.00889 3.19674e-16
0.125 0 0 2.04516 7.25738e-16 -1.20961 0.516478 -1.20961 -0.516478 1.0073 2.84154e-16
0.15625 0 0 2.05756 0 -1.12954 0.615757 -1.12954 -0.615757 1.02862 0
0.1875 0 0 2.01319 0 -0.970491 0.627631 -0.970491 -0.627631 0.998014 0
0.21875 0 0 1.92269 1.42077e-16 -0.863486 0.66779 -0.863486 -0.66779 1.00343 8.73509e-17
0.25 0 0 1.99044 1.71855e-16 -0.671658 0.661397 -0.671658 -0.661397 0.956893 7.10386e-17
0.28125 0 0 1.96341 -7.10386e-17 -0.556809 0.66713 -0.556809 -0.66713 0.987126 4.2268e-17
0.3125 0 0 2.04354 0 -0.442943 0.661601 -0.442943 -0.661601 0.961726 1.77596e-17
0.34375 0 0 1.98412 0 -0.313464 0.632666 -0.313464 -0.632666 1.01134 -2.21836e-17
0.375 0 0 2.00509 2.17993e-17 -0.187554 0.499349 -0.187554 -0.499349 0.953607 -8.87982e-18
0.40625 0 0 1.91679 0 -0.0962947 0.408121 -0.0962947 -0.408121 1.02919 0
0.4375 0 0 1.98963 0 -0.0137565 0.277826 -0.0137565 -0.277826 1.01624 0
0.46875 0 0 2.08228 0 -0.0312083 0.0872272 -0.0312083 -0.0872272 0.991567 0
0.5 0 0 1.95481 0 0.0542224 0 0.0542224 0 1.00583 0
0.53125 0 0 2.08228 0 -0.0312083 -0.0872272 -0.0312083 0.0872272 0.991567 0
0.5625 0 0 1.98963 0 -0.0137565 -0.277826 -0.0137565 0.277826 1.01624 0
0.59375 0 0 1.91679 0 -0.0962947 -0.408121 -0.0962947 0.408121 1.02919 0
0.625 0 0 2.00509 -2.17993e-17 -0.187554 -0.499349 -0.187554 0.499349 0.953607 8.87982e-18
0.65625 0 0 1.98412 0 -0.313464 -0.632666 -0.313464 0.632666 1.01134 2.21836e-17
0.6875 0 0 2.04354 0 -0.442943 -0.661601 -0.442943 0.661601 0.961726 -1.77596e-17
0.71875 0 0 1.96341 7.10386e-17 -0.556809 -0.66713 -0.556809 0.66713 0.987126 -4.2268e-17
0.75 0 0 1.99044 -1.71855e-16 -0.671658 -0.661397 -0.671658 0.661397 0.956893 -7.10386e-17
0.78125 0 0 1.92269 -1.42077e-16 -0.863486 -0.66779 -0.863486 0.66779 1.00343 -8.73509e-17
0.8125 0 0 2.01319 0 -0.970491 -0.627631 -0.970491 0.627631 0.998014 0
0.84375 0 0 2.05756 0 -1.12954 -0.615757 -1.12954 0.615757 1.02862 0
0.875 0 0 2.04516 -7.25738e-16 -1.20961 -0.516478 -1.20961 0.516478 1.0073 -2.84154e-16
0.90625 0 0 2.06033 -7.36546e-16 -1.32894 -0.389454 -1.32894 0.389454 1.00889 -3.19674e-16
0.9375 0 0 2.00734 7.10386e-17 -1.36818 -0.273607 -1.36818 0.273607 1.02097 0
0.96875 0 0 2.06958 0 -1.44367 -0.144297 -1.44367 0.144297 1.03745 0
############################################################
# Current time step                      : 1500000
# Total number of measurements           : 100000
# Average temperature of the measurement : 0.00499969
# Boltzmann constant under current units : 1
# basis vector A1 = [2 0 0]
# basis vector A2 = [0 1 0]
# basis vector A3 = [0 0 1]
############################################################
# qx	 qy 	 qz 		 Phi(q)
0 0 0 2.00227 0 -1.41582 0 -1.41582 0 1.00114 0
0.03125 0 0 2.06839 -2.94857e-15 -1.44775 0.141336 -1.44775 -0.141336 1.03568 -1.48867e-15
0.0625 0 0 1.99449 0 -1.35985 0.267438 -1.35985 -0.267438 0.997747 0
0.09375 0 0 2.01906 7.07225e-16 -1.30258 0.390432 -1.30258 -0.390432 1.00279 3.55249e-16
0.125 0 0 2.0047 0 -1.19787 0.503497 -1.19787 -0.503497 1.00067 -3.55249e-17
0.15625 0 0 2.05042 4.26299e-16 -1.12849 0.613659 -1.12849 -0.613659 1.03457 1.85685e-16
0.1875 0 0 1.99151 0 -0.971684 0.625667 -0.971684 -0.625667 0.990665 0
0.21875 0 0 1.96519 -7.10498e-17 -0.861495 0.687109 -0.861495 -0.687109 1.0008 0
0.25 0 0 2.01865 0 -0.687312 0.684014 -0.687312 -0.684014 0.977055 0
0.28125 0 0 1.9933 0 -0.560168 0.698726 -0.560168 -0.698726 1.00805 -4.40715e-17
0.3125 0 0 2.01323 0 -0.446505 0.648764 -0.446505 -0.648764 1.00283 -1.77625e-17
0.34375 0 0 2.00398 0 -0.313827 0.630741 -0.313827 -0.630741 0.996834 0
0.375 0 0 2.0191 0 -0.216211 0.499651 -0.216211 -0.499651 0.978322 0
0.40625 0 0 1.97734 -4.44061e-18 -0.102328 0.398954 -0.102328 -0.398954 1.03793 0
0.4375 0 0 1.99332 -2.22031e-18 -0.0639782 0.238226 -0.0639782 -0.238226 1.00811 -1.3774e-18
0.46875 0 0 2.02854 0 -0.0151203 0.0911116 -0.0151203 -0.0911116 1.00593 0
0.5 0 0 1.99466 0 0.0671755 0 0.0671755 0 0.967275 0
0.53125 0 0 2.02854 0 -0.0151203 -0.0911116 -0.0151203 0.0911116 1.00593 0
0.5625 0 0 1.99332 2.22031e-18 -0.0639782 -0.238226 -0.0639782 0.238226 1.00811 1.3774e-18
0.59375 0 0 1.97734 4.44061e-18 -0.102328 -0.398954 -0.102328 0.398954 1.03793 0
0.625 0 0 2.0191 0 -0.216211 -0.499651 -0.216211 0.499651 0.978322 0
0.65625 0 0 2.00398 0 -0.313827 -0.630741 -0.313827 0.630741 0.996834 0
0.6875 0 0 2.01323 0 -0.446505 -0.648764 -0.446505 0.648764 1.00283 1.77625e-17
0.71875 0 0 1.9933 0 -0.560168 -0.698726 -0.560168 0.698726 1.00805 4.40715e-17
0.75 0 0 2.01865 0 -0.687312 -0.684014 -0.687312 0.684014 0.977055 0
0.78125 0 0 1.96519 7.10498e-17 -0.861495 -0.687109 -0.861495 0.687109 1.0008 0
0.8125 0 0 1.99151 0 -0.971684 -0.625667 -0.971684 0.625667 0.990665 0
0.84375 0 0 2.05042 -4.26299e-16 -1.12849 -0.613659 -1.12849 0.613659 1.03457 -1.85685e-16
0.875 0 0 2.0047 0 -1.19787 -0.503497 -1.19787 0.503497 1.00067 3.55249e-17
0.90625 0 0 2.01906 -7.07225e-16 -1.30258 -0.390432 -1.30258 0.390432 1.00279 -3.55249e-16
0.9375 0 0 1.99449 0 -1.35985 -0.267438 -1.35985 0.267438 0.997747 0
0.96875 0 0 2.06839 2.94857e-15 -1.44775 -0.141336 -1.44775 0.141336 1.03568 1.48867e-15
############################################################
# Current time step                      : 2000000
# Total number of measurements           : 150000
# Average temperature of the measurement : 0.00499897
# Boltzmann constant under current units : 1
# basis vector A1 = [2 0 0]
# basis vector A2 = [0 1 0]
# basis vector A3 = [0 0 1]
############################################################
# qx	 qy 	 qz 		 Phi(q)
0 0 0 1.99479 0 -1.41053 0 -1.41053 0 0.997396 0
0.03125 0 0 2.03068 0 -1.41965 0.138345 -1.41965 -0.138345 1.0155 0
0.0625 0 0 1.99892 7.10396e-17 -1.36162 0.269053 -1.36162 -0.269053 1.00066 0
0.09375 0 0 2.00599 0 -1.29893 0.389829 -1.29893 -0.389829 0.995323 0
0.125 0 0 1.991 6.87803e-16 -1.20232 0.495552 -1.20232 -0.495552 0.991252 2.84159e-16
0.15625 0 0 2.05187 1.42079e-16 -1.12612 0.617447 -1.12612 -0.617447 1.02736 0
0.1875 0 0 1.97476 7.10396e-17 -0.972012 0.630423 -0.972012 -0.630423 0.996946 0
0.21875 0 0 2.00314 0 -0.862555 0.695244 -0.862555 -0.695244 0.999215 0
0.25 0 0 1.9755 0 -0.69573 0.680591 -0.69573 -0.680591 0.988546 0
0.28125 0 0 1.99393 0 -0.560979 0.692292 -0.560979 -0.692292 0.995507 -3.55198e-17
0.3125 0 0 2.00817 0 -0.436753 0.642127 -0.436753 -0.642127 0.989051 0
0.34375 0 0 2.02348 0 -0.310766 0.620888 -0.310766 -0.620888 1.01631 0
0.375 0 0 2.01177 0 -0.213987 0.483325 -0.213987 -0.483325 0.98933 0
0.40625 0 0 1.97394 0 -0.116509 0.382146 -0.116509 -0.382146 1.03672 0
0.4375 0 0 1.98656 0 -0.0609164 0.250798 -0.0609164 -0.250798 1.01266 1.39007e-18
0.46875 0 0 2.03013 0 -0.0242785 0.120597 -0.0242785 -0.120597 1.02741 1.78858e-19
0.5 0 0 1.98872 0 0.0648313 0 0.0648313 0 0.973791 0
0.53125 0 0 2.03013 0 -0.0242785 -0.120597 -0.0242785 0.120597 1.02741 -1.78858e-19
0.5625 0 0 1.98656 0 -0.0609164 -0.250798 -0.0609164 0.250798 1.01266 -1.39007e-18
0.59375 0 0 1.97394 0 -0.116509 -0.382146 -0.116509 0.382146 1.03672 0
0.625 0 0 2.01177 0 -0.213987 -0.483325 -0.213987 0.483325 0.98933 0
0.65625 0 0 2.02348 0 -0.310766 -0.620888 -0.310766 0.620888 1.01631 0
0.6875 0 0 2.00817 0 -0.436753 -0.642127 -0.436753 0.642127 0.989051 0
0.71875 0 0 1.99393 0 -0.560979 -0.692292 -0.560979 0.692292 0.995507 3.55198e-17
0.75 0 0 1.9755 0 -0.69573 -0.680591 -0.69573 0.680591 0.988546 0
0.78125 0 0 2.00314 0 -0.862555 -0.695244 -0.862555 0.695244 0.999215 0
0.8125 0 0 1.97476 -7.10396e-17 -0.972012 -0.630423 -0.972012 0.630423 0.996946 0
0.84375 0 0 2.05187 -1.42079e-16 -1.12612 -0.617447 -1.12612 0.617447 1.02736 0
0.875 0 0 1.991 -6.87803e-16 -1.20232 -0.495552 -1.20232 0.495552 0.991252 -2.84159e-16
0.90625 0 0 2.00599 0 -1.29893 -0.389829 -1.29893 0.389829 0.995323 0
0.9375 0 0 1.99892 -7.10396e-17 -1.36162 -0.269053 -1.36162 0.269053 1.00066 0
0.96875 0 0 2.03068 0 -1.41965 -0.138345 -1.41965 0.138345 1.0155 0
