units           lj
dimension       3
newton off


lattice         sc 0.4
Lattice spacing in x,y,z = 1.3572088 1.3572088 1.3572088
region          box block -8 8 -8 8 -8 8
create_box      1 box
Created orthogonal box = (-10.857670 -10.857670 -10.857670) to (10.857670 10.857670 10.857670)
  1 by 1 by 1 MPI processor grid
create_atoms    1 box
Created 4096 atoms
  create_atoms CPU = 0.002 seconds
mass            * 1.0
velocity        all create 1.0 1 loop geom


neighbor        1.0 bin
neigh_modify    every 1 delay 1 check yes



pair_style none

# simple overdamped brownian dynamics time-stepper
fix         step all brownian ${gamma_t} ${D_t} ${seed}
fix         step all brownian 1 ${D_t} ${seed}
fix         step all brownian 1 1 ${seed}
fix         step all brownian 1 1 1974019

# turn on the virial contribution from the noise
# (this is the ideal gas pressure, but it is really noisy
# for small systems)
fix_modify  step virial yes

compute press all pressure NULL virial

thermo_style    custom step temp epair c_press

#equilibration
timestep        0.0000000001
thermo          50001
run             50000
WARNING: No pairwise cutoff or binsize set. Atom sorting therefore disabled. (src/atom.cpp:2118)
WARNING: Communication cutoff is 0.0. No ghost atoms will be generated. Atoms may get lost. (src/comm_brick.cpp:167)
Per MPI rank memory allocation (min/avg/max) = 2.319 | 2.319 | 2.319 Mbytes
Step Temp E_pair c_press 
       0            1            0    1500.0667 
   50000 2.0204192e+10            0    809.28898 
Loop time of 8.36695 on 1 procs for 50000 steps with 4096 atoms

Performance: 0.052 tau/day, 5975.895 timesteps/s
100.0% CPU use with 1 MPI tasks x 1 OpenMP threads

MPI task timing breakdown:
Section |  min time  |  avg time  |  max time  |%varavg| %total
---------------------------------------------------------------
Pair    | 0          | 0          | 0          |   0.0 |  0.00
Neigh   | 0          | 0          | 0          |   0.0 |  0.00
Comm    | 0.081773   | 0.081773   | 0.081773   |   0.0 |  0.98
Output  | 3.0396e-05 | 3.0396e-05 | 3.0396e-05 |   0.0 |  0.00
Modify  | 7.8039     | 7.8039     | 7.8039     |   0.0 | 93.27
Other   |            | 0.4812     |            |       |  5.75

Nlocal:        4096.00 ave        4096 max        4096 min
Histogram: 1 0 0 0 0 0 0 0 0 0
Nghost:        817.000 ave         817 max         817 min
Histogram: 1 0 0 0 0 0 0 0 0 0
Neighs:         0.00000 ave           0 max           0 min
Histogram: 1 0 0 0 0 0 0 0 0 0

Total # of neighbors = 0
Ave neighs/atom = 0.0000000
Neighbor list builds = 0
Dangerous builds = 0
reset_timestep  0


#initialisation for the main run

# MSD
compute         msd  all msd


thermo_style    custom step temp epair c_msd[*] c_press


timestep        0.00001
thermo          1000

# main run
run             120000
WARNING: Communication cutoff is 0.0. No ghost atoms will be generated. Atoms may get lost. (src/comm_brick.cpp:167)
Per MPI rank memory allocation (min/avg/max) = 2.694 | 2.694 | 2.694 Mbytes
Step Temp E_pair c_msd[1] c_msd[2] c_msd[3] c_msd[4] c_press 
       0 2.0204192e+10            0            0            0            0            0     3.053092 
    1000    199589.87            0  0.020515986  0.019445659  0.020084014  0.060045658   -10.855191 
    2000    202255.37            0  0.039423387  0.039839097  0.041243768   0.12050625   -7.8484884 
    3000    197932.37            0  0.058057959  0.060232381  0.061205106   0.17949545    14.441358 
    4000    201354.42            0   0.08020915  0.080140903  0.081351793   0.24170185   -2.7088264 
    5000    201599.34            0   0.10065125  0.099423954   0.10004367   0.30011888    10.000367 
    6000     198355.3            0   0.12039302   0.12228165   0.12136204   0.36403671   -7.7331104 
    7000    201842.08            0   0.13901495   0.14401324   0.14070032   0.42372851     1.049759 
    8000    200224.96            0   0.16063188   0.16389028   0.16409878   0.48862093    14.748306 
    9000    198468.62            0   0.18050666   0.18555949   0.18441359   0.55047975   -7.2751841 
   10000    197958.21            0   0.20229316   0.20438608   0.20471694   0.61139618   -8.8169492 
   11000     200852.8            0   0.22244961   0.22388152   0.22417791   0.67050904  -0.56323783 
   12000    200135.84            0   0.24070342   0.23964066   0.24829459   0.72863867   -20.246433 
   13000    199160.33            0   0.26021951    0.2581362   0.27210493   0.79046065    6.2400743 
   14000    200016.58            0   0.28005738   0.27429833   0.29107673   0.84543244    9.8390268 
   15000    200805.25            0   0.30110658   0.29756813   0.31002936   0.90870407   -9.7474978 
   16000    201221.83            0   0.31982855   0.31758368   0.33140494   0.96881716   -11.937757 
   17000    199690.18            0   0.33896659   0.33908504   0.35143307    1.0294847   -11.627541 
   18000    197165.97            0   0.35589324    0.3605585   0.37062404    1.0870758    17.045279 
   19000    202921.66            0   0.36968243    0.3825335   0.38579438    1.1380103   -3.2942099 
   20000    200415.26            0   0.39189833   0.39811842   0.40650662    1.1965234  -0.55679809 
   21000    198882.79            0   0.41394816   0.42495341   0.42660986    1.2655114   0.26572202 
   22000    199352.13            0   0.43200564   0.44555233   0.44842807     1.325986    5.9839474 
   23000    200565.11            0   0.45248704   0.46736174    0.4633773    1.3832261   0.51141727 
   24000    197632.73            0   0.47648878   0.49070755   0.48561349    1.4528098    11.301781 
   25000    203284.74            0   0.50103025    0.5117464   0.50162451    1.5144012    4.0966379 
   26000    200458.42            0   0.52111051   0.53245594   0.52193205    1.5754985   -9.2090189 
   27000    197553.02            0   0.54097922     0.553215    0.5440757    1.6382699   -6.0708365 
   28000    200874.32            0   0.55707209   0.57015852   0.56334199    1.6905726   -17.349073 
   29000    199494.43            0   0.57734934   0.59276209   0.58014344    1.7502549   -7.0407471 
   30000    199898.09            0   0.60161157    0.6156313   0.60516078    1.8224036   -1.3770813 
   31000     200867.7            0   0.62383361   0.64008503    0.6272796    1.8911982   -8.3200079 
   32000    198811.59            0   0.64361889   0.66089102   0.64987533    1.9543852  -0.21133799 
   33000    198224.12            0   0.66695348   0.67669734   0.67749939    2.0211502   0.87075722 
   34000     202553.2            0   0.69470773   0.69930784   0.69600623    2.0900218    1.7428524 
   35000    199227.86            0   0.71973625   0.72255845   0.71991572    2.1622104    2.4381317 
   36000    200719.05            0   0.73772312   0.74086704   0.74438632    2.2229765   -8.8184183 
   37000    198054.45            0   0.75901548   0.76107029   0.76677002    2.2868558    9.0699905 
   38000    198496.92            0   0.77679013   0.78067416   0.78055585    2.3380201   -8.8374756 
   39000    199224.19            0   0.79689891    0.8074183   0.79624042    2.4005576   -2.3099574 
   40000    199514.11            0   0.81493522    0.8271518   0.81729253    2.4593796    8.5411105 
   41000    199926.55            0   0.82918834   0.84950171   0.83531381    2.5140039   -6.8276624 
   42000    201659.21            0   0.84991161   0.87416096   0.86612093    2.5901935   -11.006396 
   43000    201502.51            0   0.87967597   0.89570393   0.88920119    2.6645811    9.4305203 
   44000    194956.27            0    0.9022655   0.91604833   0.90539218     2.723706    1.7636771 
   45000    201853.02            0   0.92302957   0.93661741   0.93225051    2.7918975    9.6483674 
   46000    200572.92            0   0.94062662   0.94933155   0.94953376    2.8394919    1.0882497 
   47000    202008.49            0   0.95397524   0.97655157   0.96534559    2.8958724   -7.9450141 
   48000    199748.89            0   0.97441115   0.99687233   0.98429144    2.9555749    5.0525854 
   49000     203008.7            0   0.99757948    1.0095536   0.99836015    3.0054932    28.410878 
   50000    198810.18            0    1.0182591    1.0287254    1.0110652    3.0580497    22.596989 
   51000       201716            0    1.0414747    1.0448379    1.0361279    3.1224404   -0.3397634 
   52000    200682.63            0    1.0640391    1.0597767    1.0596255    3.1834413    8.9163814 
   53000    201068.23            0    1.0804112    1.0740541     1.077586    3.2320513    8.9631815 
   54000    203379.33            0    1.0965663    1.0832317    1.0981473    3.2779453   -7.8020084 
   55000    197117.81            0    1.1145489    1.1008769    1.1259188    3.3413446    13.723633 
   56000    201100.37            0    1.1420502    1.1311309    1.1425839     3.415765     10.39045 
   57000    199911.61            0    1.1641357    1.1461183    1.1598876    3.4701416   -1.5384143 
   58000     202180.4            0    1.1787793    1.1703422    1.1794284    3.5285498    4.9552552 
   59000    202359.35            0    1.2017068    1.1846051    1.1912556    3.5775675    14.774737 
   60000    196182.35            0    1.2297664    1.2087508    1.2116928      3.65021    12.484104 
   61000    201858.45            0    1.2505094    1.2255583    1.2330327    3.7091004    3.6962199 
   62000    198313.02            0    1.2756755    1.2437434    1.2514738    3.7708927   -6.5600779 
   63000     198423.1            0    1.2998594     1.262369    1.2656961    3.8279245    3.1919497 
   64000    202601.56            0    1.3177969    1.2812961    1.2841642    3.8832572    7.1735962 
   65000    201270.73            0    1.3353533    1.3006911     1.306668    3.9427124    3.7612957 
   66000    199480.32            0    1.3502663    1.3165416    1.3300249    3.9968327   -8.0484056 
   67000    202829.47            0    1.3628924    1.3369328     1.339246    4.0390712    -2.962791 
   68000    200269.53            0    1.3901352    1.3600404    1.3528283    4.1030039    29.395886 
   69000    201514.31            0    1.4135333    1.3834796    1.3719116    4.1689245    9.5358653 
   70000    198898.14            0    1.4323413    1.4056025    1.4015088    4.2394526    13.713608 
   71000    198446.83            0    1.4424061    1.4229225    1.4231698    4.2884984    9.5266069 
   72000    199550.94            0    1.4730822    1.4438093    1.4436864     4.360578    5.4060926 
   73000    201536.57            0    1.4860349    1.4557531    1.4673417    4.4091297    2.7527606 
   74000    201688.68            0    1.5078921    1.4770318    1.4889958    4.4739197   -2.5507167 
   75000    203168.01            0    1.5264946    1.4942757    1.5095341    4.5303045    13.955087 
   76000    198782.86            0    1.5363851    1.5145529    1.5306446    4.5815826    1.6748995 
   77000    199306.04            0      1.55336    1.5308045    1.5501462    4.6343107    1.4463705 
   78000    199420.52            0    1.5679804    1.5445387    1.5765555    4.6890745   -15.926362 
   79000    198711.33            0    1.5818761    1.5651424    1.5966885     4.743707   -23.662716 
   80000    202734.35            0    1.6045976    1.5878467    1.6155179    4.8079623    1.4177771 
   81000    199953.12            0    1.6266918    1.6125491    1.6370893    4.8763302     14.40188 
   82000    201254.27            0    1.6418366    1.6362867    1.6497081    4.9278313      -4.3503 
   83000    200442.35            0    1.6671772    1.6544269    1.6638838    4.9854878   -5.5569751 
   84000    201442.09            0    1.6772029    1.6819435    1.6824211    5.0415676   -17.634517 
   85000    202012.75            0    1.7026782    1.7059915    1.7079961    5.1166659    8.8311485 
   86000     198613.4            0     1.725679    1.7251262    1.7235885    5.1743936    10.070509 
   87000    198650.79            0     1.748013    1.7447674    1.7397963    5.2325767    7.3326989 
   88000    199753.54            0    1.7793864    1.7677848    1.7548586    5.3020298   -3.8460869 
   89000    200851.56            0    1.7992856    1.7843281    1.7671516    5.3507653    10.274664 
   90000    202029.24            0    1.8178051    1.8010651    1.7886511    5.4075213    1.1705818 
   91000    200963.98            0    1.8425785    1.8123748    1.8079693    5.4629226   -8.0390883 
   92000     200443.4            0    1.8743616    1.8355736    1.8340515    5.5439867   -12.186363 
   93000     197974.1            0    1.8911764    1.8440063    1.8442582     5.579441    10.189145 
   94000    201285.41            0    1.9040394    1.8567044    1.8663386    5.6270824    7.8537148 
   95000    198472.81            0    1.9268236    1.8638624    1.8855767    5.6762627    11.556616 
   96000    198171.93            0    1.9378011    1.8811168    1.9024245    5.7213424   -7.3493903 
   97000     200055.5            0    1.9539002    1.9031647    1.9221125    5.7791774   -7.2823252 
   98000    200350.77            0     1.973424    1.9255707    1.9393139    5.8383087    2.3526328 
   99000    198923.17            0    1.9946733    1.9416292    1.9616759    5.8979785   -8.6362233 
  100000    196205.31            0     2.015688     1.967164    1.9801696    5.9630216    1.5261152 
  101000    198842.45            0    2.0402634    1.9858628    1.9939889    6.0201151    6.8070808 
  102000    199060.56            0    2.0583018    2.0040652    2.0225396    6.0849067    5.4626963 
  103000    204892.64            0    2.0788003    2.0245826    2.0405395    6.1439224   -19.988675 
  104000    198709.07            0    2.0990457    2.0519007    2.0571079    6.2080544   -21.365135 
  105000    198916.99            0    2.1089408    2.0758832    2.0899796    6.2748037    4.3696238 
  106000    202191.68            0    2.1172909    2.0923523    2.1208274    6.3304706    8.2072292 
  107000    202428.89            0    2.1387532     2.114944    2.1418816    6.3955788    4.1099611 
  108000    197690.67            0    2.1620575     2.136726    2.1703555     6.469139    5.7183695 
  109000    200098.73            0    2.1814376    2.1464455    2.1828177    6.5107008    7.4366333 
  110000    197901.18            0    2.1955124    2.1764141    2.1994286    6.5713551   -6.4288954 
  111000    199478.54            0    2.2167884    2.1900638    2.2140739    6.6209261    22.379137 
  112000    198391.65            0     2.249996    2.2100316    2.2309406    6.6909682   -20.040892 
  113000    200542.42            0    2.2634106    2.2313768    2.2610988    6.7558862    0.2953844 
  114000    202117.15            0      2.28441    2.2517036    2.2787302    6.8148438     16.75177 
  115000    200004.06            0    2.2957226    2.2730837    2.2901883    6.8589947   -4.3125612 
  116000    200648.11            0    2.3184059    2.2934521    2.3257075    6.9375656    5.7210624 
  117000    198600.57            0    2.3413891    2.3102468    2.3511234    7.0027593   -2.9987639 
  118000    199817.34            0    2.3732051    2.3347741    2.3601752    7.0681544   -3.3658539 
  119000    200556.96            0    2.3873448    2.3595646    2.3774937    7.1244031    20.860601 
  120000    200997.81            0    2.4097258    2.3736031    2.3871081     7.170437   -5.3623487 
Loop time of 20.5037 on 1 procs for 120000 steps with 4096 atoms

Performance: 5056.640 tau/day, 5852.593 timesteps/s
99.9% CPU use with 1 MPI tasks x 1 OpenMP threads

MPI task timing breakdown:
Section |  min time  |  avg time  |  max time  |%varavg| %total
---------------------------------------------------------------
Pair    | 0          | 0          | 0          |   0.0 |  0.00
Neigh   | 0.0012425  | 0.0012425  | 0.0012425  |   0.0 |  0.01
Comm    | 0.015074   | 0.015074   | 0.015074   |   0.0 |  0.07
Output  | 0.006156   | 0.006156   | 0.006156   |   0.0 |  0.03
Modify  | 19.243     | 19.243     | 19.243     |   0.0 | 93.85
Other   |            | 1.238      |            |       |  6.04

Nlocal:        4096.00 ave        4096 max        4096 min
Histogram: 1 0 0 0 0 0 0 0 0 0
Nghost:         0.00000 ave           0 max           0 min
Histogram: 1 0 0 0 0 0 0 0 0 0
Neighs:         0.00000 ave           0 max           0 min
Histogram: 1 0 0 0 0 0 0 0 0 0

Total # of neighbors = 0
Ave neighs/atom = 0.0000000
Neighbor list builds = 205
Dangerous builds = 0


Total wall time: 0:00:28
