Deleting       atc/ATC_Error.h
Deleting       atc/ATC_HardyKernel.cpp
Deleting       atc/ATC_HardyKernel.h
Deleting       atc/ATC_Transfer.cpp
Deleting       atc/ATC_Transfer.h
Deleting       atc/ATC_TransferHardy.cpp
Deleting       atc/ATC_TransferHardy.h
Deleting       atc/ATC_TransferThermal.cpp
Deleting       atc/ATC_TransferThermal.h
Deleting       atc/ATC_TransferUtility.cpp
Deleting       atc/ATC_TypeDefs.h
Deleting       atc/Array.h
Deleting       atc/Array2D.h
Deleting       atc/AtomicRegulator.cpp
Deleting       atc/AtomicRegulator.h
Deleting       atc/CG.h
Deleting       atc/CloneVector.h
Deleting       atc/DenseMatrix.h
Deleting       atc/DenseVector.h
Deleting       atc/DiagonalMatrix.h
Deleting       atc/ElasticTimeIntegrator.cpp
Deleting       atc/ElasticTimeIntegrator.h
Deleting       atc/ElectronFlux.cpp
Deleting       atc/ElectronFlux.h
Deleting       atc/ElectronHeatCapacity.cpp
Deleting       atc/ElectronHeatCapacity.h
Deleting       atc/ElectronHeatFlux.cpp
Deleting       atc/ElectronHeatFlux.h
Deleting       atc/ElectronPhononExchange.cpp
Deleting       atc/ElectronPhononExchange.h
Deleting       atc/ExtrinsicModel.cpp
Deleting       atc/ExtrinsicModel.h
Deleting       atc/ExtrinsicModelTwoTemperature.cpp
Deleting       atc/ExtrinsicModelTwoTemperature.h
Deleting       atc/FE_Element.cpp
Deleting       atc/FE_Element.h
Deleting       atc/FE_Engine.cpp
Deleting       atc/FE_Engine.h
Deleting       atc/FE_Mesh.cpp
Deleting       atc/FE_Mesh.h
Deleting       atc/FieldEulerIntegrator.cpp
Deleting       atc/FieldEulerIntegrator.h
Deleting       atc/GMRES.h
Deleting       atc/ImplicitSolveOperator.cpp
Deleting       atc/ImplicitSolveOperator.h
Deleting       atc/Kinetostat.cpp
Deleting       atc/Kinetostat.h
Deleting       atc/LammpsInterface.cpp
Deleting       atc/LammpsInterface.h
Adding         atc/Makefile.lammps
Adding         atc/Makefile.mpic++
Deleting       atc/Material.cpp
Deleting       atc/Material.h
Deleting       atc/Matrix.cpp
Deleting       atc/Matrix.h
Deleting       atc/MatrixDef.h
Deleting       atc/MatrixLibrary.h
Deleting       atc/OutputManager.cpp
Deleting       atc/OutputManager.h
Deleting       atc/PhysicsModel.h
Deleting       atc/PhysicsModelThermal.cpp
Deleting       atc/PhysicsModelThermal.h
Deleting       atc/PhysicsModelTwoTemperature.cpp
Deleting       atc/PhysicsModelTwoTemperature.h
Deleting       atc/PrescribedDataManager.cpp
Deleting       atc/PrescribedDataManager.h
Deleting       atc/Quadrature.h
Deleting       atc/Solver.cpp
Deleting       atc/Solver.h
Deleting       atc/SparseMatrix-inl.h
Deleting       atc/SparseMatrix.h
Deleting       atc/SparseVector-inl.h
Deleting       atc/SparseVector.h
Deleting       atc/StringManip.h
Deleting       atc/Thermostat.cpp
Deleting       atc/Thermostat.h
Deleting       atc/TimeFilter.cpp
Deleting       atc/TimeFilter.h
Deleting       atc/TimeIntegrator.cpp
Deleting       atc/TimeIntegrator.h
Deleting       atc/Utility.h
Deleting       atc/Vector.cpp
Deleting       atc/Vector.h
Deleting       atc/XT_Function.cpp
Deleting       atc/XT_Function.h
Adding         atc/build.log
Adding         atc/svn.stdout
Transmitting file data ....
Committed revision 10557.
