Adding         atc/cauchy_born
Adding         atc/cauchy_born/Ar_CauchyBorn.mat
Adding         atc/cauchy_born/Ar_CauchyBorn_linear.mat
Adding         atc/cauchy_born/Au_CauchyBorn.mat
Adding         atc/cauchy_born/Au_CauchyBorn_linear.mat
Adding         atc/cauchy_born/Au_eam.mat
Adding         atc/cauchy_born/Au_eam_linear.mat
Adding         atc/cauchy_born/Cu_CauchyBorn.mat
Adding         atc/cauchy_born/cb_biaxial.screen
Adding         atc/cauchy_born/cb_shear.screen
Adding         atc/cauchy_born/cb_unistrain.screen
Adding         atc/cauchy_born/cb_unistrain_eam.screen
Adding         atc/cauchy_born/cb_unistrain_eam_linear.screen
Adding         atc/cauchy_born/cb_unistrain_linear.screen
Adding         atc/cauchy_born/cb_volumetric.screen
Adding         atc/cauchy_born/flying_cube.screen
Adding         atc/cauchy_born/ftcb_constV.screen
Adding         atc/cauchy_born/in.cb_biaxial
Adding         atc/cauchy_born/in.cb_shear
Adding         atc/cauchy_born/in.cb_unistrain
Adding         atc/cauchy_born/in.cb_unistrain_eam
Adding         atc/cauchy_born/in.cb_unistrain_eam_linear
Adding         atc/cauchy_born/in.cb_unistrain_linear
Adding         atc/cauchy_born/in.cb_volumetric
Adding         atc/cauchy_born/in.flying_cube
Adding         atc/cauchy_born/in.ftcb_constV
Adding         atc/cauchy_born/in.read_xref
Adding         atc/cauchy_born/read_xref.screen
Adding         atc/drift_diffusion
Adding         atc/drift_diffusion/Ar_ddm.mat
Adding         atc/drift_diffusion/CNT_ddm.mat
Adding         atc/drift_diffusion/Cu_cddm.mat
Adding         atc/drift_diffusion/SiGe_ddm_schrodinger.mat
Adding         atc/drift_diffusion/SiVacuum_cddm_schrodinger.mat
Adding         atc/drift_diffusion/SiVacuum_ddm_schrodinger.mat
Adding         atc/drift_diffusion/Si_ddm.mat
Adding         atc/drift_diffusion/Si_ddm_eq.mat
Adding         atc/drift_diffusion/Si_ddm_schrodinger.mat
Adding         atc/drift_diffusion/Si_ddm_thermopower.mat
Adding         atc/drift_diffusion/convective_pulse.screen
Adding         atc/drift_diffusion/ddm_schrodinger.screen
Adding         atc/drift_diffusion/finite_well.screen
Adding         atc/drift_diffusion/in.convective_pulse
Adding         atc/drift_diffusion/in.ddm_schrodinger
Adding         atc/drift_diffusion/in.finite_well
Adding         atc/drift_diffusion/in.no_atoms_ddm
Adding         atc/drift_diffusion/in.null_material_ddm
Adding         atc/drift_diffusion/in.poisson1d_noatoms
Adding         atc/drift_diffusion/in.poisson2d_noatoms
Adding         atc/drift_diffusion/in.schrodinger-poisson2d_Jconstraint
Adding         atc/drift_diffusion/in.schrodinger-poisson2d_convective
Adding         atc/drift_diffusion/in.schrodinger-poisson2d_noatoms
Adding         atc/drift_diffusion/no_atoms_ddm.screen
Adding         atc/drift_diffusion/null_material_ddm.screen
Adding         atc/drift_diffusion/poisson1d_noatoms.screen
Adding         atc/drift_diffusion/poisson2d_noatoms.screen
Adding         atc/drift_diffusion/schrodinger-poisson2d_Jconstraint.screen
Adding         atc/drift_diffusion/schrodinger-poisson2d_convective.screen
Adding         atc/drift_diffusion/schrodinger-poisson2d_noatoms.screen
Adding         atc/dxa
Adding         atc/dxa/in.eam_tension_frame
Adding         atc/dxa/in.eam_tension_mesh_frame
Adding         atc/elastic
Adding         atc/elastic/Ar_CauchyBorn.mat
Adding         atc/elastic/Ar_CauchyBornLinear.mat
Adding         atc/elastic/Ar_damped.mat
Adding         atc/elastic/Ar_elastic.mat
Adding         atc/elastic/Ar_thermo_elastic.mat
Adding         atc/elastic/Au_elastic.mat
Adding         atc/elastic/CNT.mat
Adding         atc/elastic/CNT_electrostatic.mat
Adding         atc/elastic/CNT_electrostatic2.mat
Adding         atc/elastic/CNT_id.mat
Adding         atc/elastic/bar1d.screen
Adding         atc/elastic/bar1d_damped.screen
Adding         atc/elastic/bar1d_flux.screen
Adding         atc/elastic/bar1d_frac_step.screen
Adding         atc/elastic/bar1d_ghost_flux.screen
Adding         atc/elastic/bar1d_thermo_elastic.screen
Adding         atc/elastic/cnt_electrostatic.screen
Adding         atc/elastic/cnt_electrostatic2.screen
Adding         atc/elastic/cnt_fixed_charge.screen
Adding         atc/elastic/eam_energy.screen
Adding         atc/elastic/electron_density.screen
Adding         atc/elastic/electrostatic_bending.screen
Adding         atc/elastic/electrostatic_bending_dos.screen
Adding         atc/elastic/in.bar1d
Adding         atc/elastic/in.bar1d_damped
Adding         atc/elastic/in.bar1d_flux
Adding         atc/elastic/in.bar1d_frac_step
Adding         atc/elastic/in.bar1d_ghost_flux
Adding         atc/elastic/in.bar1d_thermo_elastic
Adding         atc/elastic/in.cnt_electrostatic
Adding         atc/elastic/in.cnt_electrostatic2
Adding         atc/elastic/in.cnt_fixed_charge
Adding         atc/elastic/in.eam_energy
Adding         atc/elastic/in.electron_density
Adding         atc/elastic/in.electrostatic_bending
Adding         atc/elastic/in.electrostatic_bending_dos
Adding         atc/elastic/in.no_atoms
Adding         atc/elastic/in.no_atoms_cb
Adding         atc/elastic/in.no_atoms_cb_linear
Adding         atc/elastic/no_atoms.screen
Adding         atc/elastic/no_atoms_cb.screen
Adding         atc/elastic/no_atoms_cb_linear.screen
Adding         atc/fluids
Adding         atc/fluids/Ar_elastic.mat
Adding         atc/fluids/Ar_electrostatic.mat
Adding         atc/fluids/Ar_liquid.mat
Adding         atc/fluids/Ar_species.mat
Adding         atc/fluids/Ar_species_dl.mat
Adding         atc/fluids/Ar_thermal.mat
Adding         atc/fluids/Ar_visc_no_atoms.mat
Adding         atc/fluids/Ar_viscosity.mat
Adding         atc/fluids/bar1d_fluids.screen
Adding         atc/fluids/concentration.screen
Adding         atc/fluids/conducting_interface.screen
Adding         atc/fluids/dielectric.mat
Adding         atc/fluids/dielectric_interface.screen
Adding         atc/fluids/double_layer.screen
Adding         atc/fluids/in.bar1d_fluids
Adding         atc/fluids/in.concentration
Adding         atc/fluids/in.conducting_interface
Adding         atc/fluids/in.dielectric_interface
Adding         atc/fluids/in.double_layer
Adding         atc/fluids/in.liquid_electrostatic
Adding         atc/fluids/in.opp_force
Adding         atc/fluids/in.poisson
Adding         atc/fluids/in.shear_flow
Adding         atc/fluids/in.shear_no_atoms
Adding         atc/fluids/liquid_electrostatic.screen
Adding         atc/fluids/opp_force.screen
Adding         atc/fluids/poisson.screen
Adding         atc/fluids/shear_flow.screen
Adding         atc/fluids/shear_no_atoms.screen
Sending        atc/hardy/consistency.screen
Sending        atc/hardy/eam_kernel_convergence.screen
Sending        atc/hardy/eam_unistrain_cell.screen
Sending        atc/hardy/eam_unistrain_mesh.screen
Sending        atc/hardy/eam_unistrain_qcylinder.screen
Sending        atc/hardy/eam_unistrain_qsphere.screen
Sending        atc/hardy/eam_unistrain_step.screen
Sending        atc/hardy/eam_volume_stretch.screen
Sending        atc/hardy/eshelby_static.screen
Sending        atc/hardy/in.consistency
Sending        atc/hardy/in.eam_kernel_convergence
Sending        atc/hardy/in.eam_unistrain_cell
Sending        atc/hardy/in.eam_unistrain_mesh
Sending        atc/hardy/in.eam_unistrain_qcylinder
Sending        atc/hardy/in.eam_unistrain_qsphere
Sending        atc/hardy/in.eam_unistrain_step
Sending        atc/hardy/in.eam_volume_stretch
Sending        atc/hardy/in.eshelby_static
Sending        atc/hardy/in.nvt
Sending        atc/hardy/nvt.screen
Adding         atc/mesh
Adding         atc/mesh/Ar_ttm.mat
Adding         atc/mesh/Si.mat
Adding         atc/mesh/gaussianIC1d_hex.screen
Adding         atc/mesh/gaussianIC2d_hex.screen
Adding         atc/mesh/gaussianIC2d_hex20_uniform.screen
Adding         atc/mesh/gaussianIC2d_hex27_uniform.screen
Adding         atc/mesh/gaussianIC2d_hex_uniform.screen
Adding         atc/mesh/gaussianIC2d_tet.screen
Adding         atc/mesh/in.gaussianIC1d_hex
Adding         atc/mesh/in.gaussianIC2d_hex
Adding         atc/mesh/in.gaussianIC2d_hex20_uniform
Adding         atc/mesh/in.gaussianIC2d_hex27_uniform
Adding         atc/mesh/in.gaussianIC2d_tet
Adding         atc/mesh/in.kernel2d_hex
Adding         atc/mesh/in.kernel2d_tet
Adding         atc/mesh/in.mesh2d_tet
Adding         atc/mesh/in.semicircle
Adding         atc/mesh/kernel2d_hex.screen
Adding         atc/mesh/kernel2d_tet.screen
Adding         atc/mesh/mesh2d_tet.screen
Adding         atc/mesh/semicircle.screen
Adding         atc/molecule
Adding         atc/molecule/harmonic_bonds.screen
Adding         atc/molecule/in.harmonic_bonds
Adding         atc/molecule/in.polarize
Adding         atc/molecule/in.quartic_bonds
Adding         atc/molecule/in.water
Adding         atc/molecule/polarize.screen
Adding         atc/molecule/quartic_bonds.screen
Adding         atc/molecule/water.mat
Adding         atc/molecule/water.screen
Adding         atc/svn.stdout
Adding         atc/thermal
Adding         atc/thermal/Ar_thermal.mat
Adding         atc/thermal/bar1d.screen
Adding         atc/thermal/bar1d_all_atoms.screen
Adding         atc/thermal/bar1d_combined.screen
Adding         atc/thermal/bar1d_flux.screen
Adding         atc/thermal/bar1d_frac_step.screen
Adding         atc/thermal/bar1d_hoover.screen
Adding         atc/thermal/bar1d_interpolate.screen
Adding         atc/thermal/bar1d_lumped.screen
Adding         atc/thermal/in.bar1d
Adding         atc/thermal/in.bar1d_all_atoms
Adding         atc/thermal/in.bar1d_combined
Adding         atc/thermal/in.bar1d_flux
Adding         atc/thermal/in.bar1d_frac_step
Adding         atc/thermal/in.bar1d_hoover
Adding         atc/thermal/in.bar1d_interpolate
Adding         atc/thermal/in.bar1d_lumped
Adding         atc/thermal/in.no_atoms
Adding         atc/thermal/no_atoms.screen
Adding         atc/two_temperature
Adding         atc/two_temperature/Ar_ttm.mat
Adding         atc/two_temperature/Cu_ttm.mat
Adding         atc/two_temperature/bar1d_ttm.screen
Adding         atc/two_temperature/cutout.screen
Adding         atc/two_temperature/gaussianIC_ttm.screen
Adding         atc/two_temperature/in.bar1d_ttm
Adding         atc/two_temperature/in.cutout
Adding         atc/two_temperature/in.gaussianIC_ttm
Adding         atc/two_temperature/in.no_atoms
Adding         atc/two_temperature/in.restart
Adding         atc/two_temperature/in.uniform_exchange
Adding         atc/two_temperature/in.uniform_heating
Adding         atc/two_temperature/no_atoms.screen
Adding         atc/two_temperature/restart.screen
Adding         atc/two_temperature/uniform_exchange.screen
Adding         atc/two_temperature/uniform_heating.screen
Transmitting file data ....