Sending        atc/cauchy_born/cb_biaxial.screen
Sending        atc/cauchy_born/cb_shear.screen
Sending        atc/cauchy_born/cb_unistrain.screen
Sending        atc/cauchy_born/cb_unistrain_eam.screen
Sending        atc/cauchy_born/cb_unistrain_eam_linear.screen
Sending        atc/cauchy_born/cb_unistrain_linear.screen
Sending        atc/cauchy_born/cb_volumetric.screen
Sending        atc/cauchy_born/flying_cube.screen
Sending        atc/cauchy_born/ftcb_constV.screen
Sending        atc/cauchy_born/read_xref.screen
Sending        atc/drift_diffusion/convective_pulse.screen
Sending        atc/drift_diffusion/ddm_schrodinger.screen
Sending        atc/drift_diffusion/finite_well.screen
Sending        atc/drift_diffusion/no_atoms_ddm.screen
Sending        atc/drift_diffusion/null_material_ddm.screen
Sending        atc/drift_diffusion/poisson1d_noatoms.screen
Sending        atc/drift_diffusion/poisson2d_noatoms.screen
Sending        atc/drift_diffusion/schrodinger-poisson2d_Jconstraint.screen
Sending        atc/drift_diffusion/schrodinger-poisson2d_convective.screen
Sending        atc/drift_diffusion/schrodinger-poisson2d_noatoms.screen
Sending        atc/elastic/bar1d.screen
Sending        atc/elastic/bar1d_damped.screen
Sending        atc/elastic/bar1d_flux.screen
Sending        atc/elastic/bar1d_frac_step.screen
Sending        atc/elastic/bar1d_ghost_flux.screen
Sending        atc/elastic/bar1d_thermo_elastic.screen
Sending        atc/elastic/cnt_electrostatic.screen
Sending        atc/elastic/cnt_electrostatic2.screen
Sending        atc/elastic/cnt_fixed_charge.screen
Sending        atc/elastic/eam_energy.screen
Sending        atc/elastic/electron_density.screen
Sending        atc/elastic/electrostatic_bending.screen
Sending        atc/elastic/electrostatic_bending_dos.screen
Sending        atc/elastic/no_atoms.screen
Sending        atc/elastic/no_atoms_cb.screen
Sending        atc/elastic/no_atoms_cb_linear.screen
Sending        atc/fluids/bar1d_fluids.screen
Sending        atc/fluids/concentration.screen
Sending        atc/fluids/conducting_interface.screen
Sending        atc/fluids/dielectric_interface.screen
Sending        atc/fluids/double_layer.screen
Sending        atc/fluids/liquid_electrostatic.screen
Sending        atc/fluids/opp_force.screen
Sending        atc/fluids/poisson.screen
Sending        atc/fluids/shear_flow.screen
Sending        atc/fluids/shear_no_atoms.screen
Sending        atc/hardy/consistency.screen
Sending        atc/hardy/eam_kernel_convergence.screen
Sending        atc/hardy/eam_unistrain_cell.screen
Sending        atc/hardy/eam_unistrain_mesh.screen
Sending        atc/hardy/eam_unistrain_qcylinder.screen
Sending        atc/hardy/eam_unistrain_qsphere.screen
Sending        atc/hardy/eam_unistrain_step.screen
Sending        atc/hardy/eam_volume_stretch.screen
Sending        atc/hardy/eshelby_static.screen
Sending        atc/hardy/nvt.screen
Sending        atc/mesh/gaussianIC1d_hex.screen
Sending        atc/mesh/gaussianIC2d_hex.screen
Sending        atc/mesh/gaussianIC2d_hex20_uniform.screen
Sending        atc/mesh/gaussianIC2d_hex27_uniform.screen
Sending        atc/mesh/gaussianIC2d_hex_uniform.screen
Sending        atc/mesh/gaussianIC2d_tet.screen
Sending        atc/mesh/kernel2d_hex.screen
Sending        atc/mesh/kernel2d_tet.screen
Sending        atc/mesh/mesh2d_tet.screen
Sending        atc/mesh/semicircle.screen
Sending        atc/molecule/harmonic_bonds.screen
Sending        atc/molecule/polarize.screen
Sending        atc/molecule/quartic_bonds.screen
Sending        atc/molecule/water.screen
Adding         atc/svn_add.stdout
Adding         atc/svn_commit.stdout
Sending        atc/thermal/bar1d.screen
Sending        atc/thermal/bar1d_all_atoms.screen
Sending        atc/thermal/bar1d_combined.screen
Sending        atc/thermal/bar1d_flux.screen
Sending        atc/thermal/bar1d_frac_step.screen
Sending        atc/thermal/bar1d_hoover.screen
Sending        atc/thermal/bar1d_interpolate.screen
Sending        atc/thermal/bar1d_lumped.screen
Sending        atc/thermal/no_atoms.screen
Sending        atc/two_temperature/bar1d_ttm.screen
Sending        atc/two_temperature/cutout.screen
Sending        atc/two_temperature/gaussianIC_ttm.screen
Sending        atc/two_temperature/no_atoms.screen
Sending        atc/two_temperature/restart.screen
Sending        atc/two_temperature/uniform_exchange.screen
Sending        atc/two_temperature/uniform_heating.screen
Transmitting file data ..............................................................................