units           lj
dimension       2
newton off


lattice         sq 0.4
Lattice spacing in x,y,z = 1.5811388 1.5811388 1.5811388
region          box block -16 16 -16 16 -0.2 0.2
create_box      1 box
Created orthogonal box = (-25.298221 -25.298221 -0.31622777) to (25.298221 25.298221 0.31622777)
  1 by 1 by 1 MPI processor grid
create_atoms    1 box
Created 1024 atoms
  create_atoms CPU = 0.001 seconds
mass            * 1.0
velocity        all create 1.0 1 loop geom


neighbor        1.0 bin
neigh_modify    every 1 delay 1 check yes



pair_style none



#compute      d  all property/atom  mux muy muz

fix         step all brownian ${gamma_t} ${D_t} ${seed}
fix         step all brownian 1 ${D_t} ${seed}
fix         step all brownian 1 1 ${seed}
fix         step all brownian 1 1 1974019
fix	    vel all propel/self ${fp} velocity
fix	    vel all propel/self 4 velocity
fix         2 all enforce2d
fix_modify  vel virial yes

compute press all pressure NULL virial

thermo_style    custom step temp epair c_press

#equilibration
timestep        0.0000000001
thermo          50001
run             50000
WARNING: No pairwise cutoff or binsize set. Atom sorting therefore disabled. (src/atom.cpp:2118)
WARNING: Communication cutoff is 0.0. No ghost atoms will be generated. Atoms may get lost. (src/comm_brick.cpp:167)
Per MPI rank memory allocation (min/avg/max) = 2.289 | 2.289 | 2.289 Mbytes
Step Temp E_pair c_press 
       0            1            0  -0.18336111 
   50000 1.9663098e+10            0  -0.75033044 
Loop time of 2.45902 on 1 procs for 50000 steps with 1024 atoms

Performance: 0.176 tau/day, 20333.276 timesteps/s
100.0% CPU use with 1 MPI tasks x 1 OpenMP threads

MPI task timing breakdown:
Section |  min time  |  avg time  |  max time  |%varavg| %total
---------------------------------------------------------------
Pair    | 0          | 0          | 0          |   0.0 |  0.00
Neigh   | 0          | 0          | 0          |   0.0 |  0.00
Comm    | 0.0078395  | 0.0078395  | 0.0078395  |   0.0 |  0.32
Output  | 2.2947e-05 | 2.2947e-05 | 2.2947e-05 |   0.0 |  0.00
Modify  | 2.332      | 2.332      | 2.332      |   0.0 | 94.83
Other   |            | 0.1192     |            |       |  4.85

Nlocal:        1024.00 ave        1024 max        1024 min
Histogram: 1 0 0 0 0 0 0 0 0 0
Nghost:        65.0000 ave          65 max          65 min
Histogram: 1 0 0 0 0 0 0 0 0 0
Neighs:         0.00000 ave           0 max           0 min
Histogram: 1 0 0 0 0 0 0 0 0 0

Total # of neighbors = 0
Ave neighs/atom = 0.0000000
Neighbor list builds = 0
Dangerous builds = 0
reset_timestep  0


#initialisation for the main run

# MSD
compute         msd  all msd


thermo_style    custom step temp epair c_msd[*] c_press


timestep        0.00001
thermo          1000

# main run
run             120000
WARNING: Communication cutoff is 0.0. No ghost atoms will be generated. Atoms may get lost. (src/comm_brick.cpp:167)
Per MPI rank memory allocation (min/avg/max) = 2.664 | 2.664 | 2.664 Mbytes
Step Temp E_pair c_msd[1] c_msd[2] c_msd[3] c_msd[4] c_press 
       0 1.9663098e+10            0            0            0            0            0  -0.75033044 
    1000    199346.07            0   0.01933096  0.020555579            0  0.039886539  -0.45701943 
    2000       198310            0  0.040165459  0.041283119            0  0.081448577   0.34264096 
    3000    204115.93            0  0.057654441  0.060411193            0   0.11806563  -0.41710363 
    4000    196903.18            0  0.075874071   0.08470884            0   0.16058291  -0.18627889 
    5000    201382.13            0  0.097484871    0.1049401            0   0.20242497  -0.12876225 
    6000    195317.96            0   0.11872475   0.12469358            0   0.24341834   -0.3084651 
    7000    192139.34            0   0.14148561   0.14363452            0   0.28512013 0.0032867364 
    8000    201737.84            0   0.16055109   0.16405717            0   0.32460826   0.36435453 
    9000    199390.58            0   0.17897382   0.18795928            0    0.3669331  0.025659298 
   10000    207807.41            0   0.19680417   0.20733821            0   0.40414239  -0.35368379 
   11000    201936.29            0   0.21666426   0.22702132            0   0.44368558  0.044253449 
   12000    196863.68            0    0.2394452   0.24672678            0   0.48617198  0.059027892 
   13000    199368.34            0   0.26647368    0.2700584            0   0.53653208   0.27090461 
   14000    201246.39            0   0.28799289   0.29823282            0   0.58622571   0.59883778 
   15000    195355.47            0   0.29975278   0.32348787            0   0.62324065  -0.70763643 
   16000    198372.41            0   0.32191014   0.34434864            0   0.66625878  -0.36543908 
   17000    193442.08            0   0.33927003   0.36811239            0   0.70738242   0.28541473 
   18000       197441            0   0.36067818   0.38982011            0   0.75049829  -0.45670227 
   19000     208769.5            0   0.37965583   0.41015661            0   0.78981244  -0.47803396 
   20000     198311.2            0    0.3968078   0.42701175            0   0.82381955  -0.18642397 
   21000    201365.22            0    0.4151043   0.44909345            0   0.86419775   0.86839756 
   22000    198253.24            0    0.4396583   0.46388261            0   0.90354091  -0.19592545 
   23000    204598.51            0   0.45382292   0.49253671            0   0.94635963  -0.24169987 
   24000    211421.88            0   0.46086338   0.51831304            0   0.97917642   0.49751915 
   25000    198690.71            0   0.47110913   0.53640271            0    1.0075118  -0.24475563 
   26000    203981.49            0   0.49265476   0.55310571            0    1.0457605   0.20237224 
   27000    201128.99            0   0.52865208   0.57516064            0    1.1038127  -0.40826104 
   28000    198529.77            0   0.54479087   0.59876678            0    1.1435576   0.41576857 
   29000    205024.27            0   0.56195744   0.61217109            0    1.1741285  -0.79146635 
   30000    201565.62            0   0.58276132   0.63743585            0    1.2201972 -0.065832917 
   31000    197893.43            0   0.61132665   0.66126375            0    1.2725904   0.47907079 
   32000    201395.11            0   0.61904956   0.67520462            0    1.2942542   -0.7408472 
   33000    202064.22            0   0.64760511   0.69087605            0    1.3384812  -0.14601514 
   34000    191227.75            0   0.65698736   0.73857849            0    1.3955659    0.2177548 
   35000    199474.65            0   0.66491543   0.76604575            0    1.4309612  -0.64627039 
   36000    195252.77            0   0.67565581   0.79911139            0    1.4747672    0.0293298 
   37000    198167.14            0   0.68899202   0.81268008            0    1.5016721 -0.0055245918 
   38000    202995.35            0   0.70224976   0.82436547            0    1.5266152   -0.2826768 
   39000    197129.03            0   0.71270072    0.8579444            0    1.5706451  0.063623666 
   40000    199153.69            0   0.73777312   0.88820969            0    1.6259828  -0.26740551 
   41000    205347.31            0   0.75613153    0.9006214            0    1.6567529   0.82415354 
   42000    199423.73            0   0.76864739   0.92457092            0    1.6932183  -0.16636304 
   43000       198052            0   0.79841199   0.93832523            0    1.7367372 -0.016241224 
   44000    205205.39            0   0.81727188   0.96823569            0    1.7855076  -0.10405924 
   45000    199116.46            0   0.83208052   0.99352694            0    1.8256075  0.040835286 
   46000    198759.48            0   0.84291542    1.0038949            0    1.8468104   0.46109436 
   47000     189676.9            0   0.86430719    1.0131299            0    1.8774371  -0.67947102 
   48000     199801.4            0   0.90662572    1.0286589            0    1.9352846   -0.5293946 
   49000    199730.89            0   0.93530132    1.0568273            0    1.9921286  -0.27562311 
   50000    203272.56            0   0.96366375    1.0790026            0    2.0426664  -0.10629234 
   51000    196992.09            0   0.97818106    1.1030549            0    2.0812359   0.31719382 
   52000    204063.62            0    1.0068773    1.1239506            0     2.130828 -7.1998264e-05 
   53000    204349.41            0    1.0277098    1.1546477            0    2.1823575   0.16897786 
   54000     203207.3            0    1.0415673    1.1881409            0    2.2297082  -0.25033492 
   55000    194841.07            0    1.0600954    1.2179033            0    2.2779987 0.0062433629 
   56000    198601.58            0     1.071562    1.2363958            0    2.3079578  -0.13124124 
   57000     196654.6            0    1.0997086    1.2486573            0    2.3483659  -0.46425912 
   58000    197781.48            0     1.112526    1.2706195            0    2.3831455   0.26007922 
   59000     199853.9            0    1.1295132    1.2978402            0    2.4273533 -0.030877018 
   60000    201698.14            0    1.1690892    1.3228782            0    2.4919675  -0.23190043 
   61000    199260.52            0    1.1870513    1.3431945            0    2.5302458 -0.040373885 
   62000    196909.15            0    1.2007194    1.3683525            0    2.5690719   0.21318495 
   63000    203927.79            0    1.2442809    1.3964232            0    2.6407041   0.10156282 
   64000    205322.27            0    1.2721207    1.4159422            0    2.6880629   0.33393307 
   65000     199142.6            0    1.2989685    1.4330729            0    2.7320414  -0.65644005 
   66000    205023.06            0    1.2948208    1.4255094            0    2.7203302   0.22290721 
   67000    209750.01            0    1.3127511    1.4369628            0    2.7497139  -0.40241279 
   68000    200205.19            0    1.3355277    1.4541568            0    2.7896846    0.6665415 
   69000    198653.01            0    1.3500764    1.4962697            0    2.8463461  -0.28396983 
   70000    207485.71            0    1.3825583    1.5095552            0    2.8921135   0.34774599 
   71000    203918.68            0    1.4090995    1.5246756            0    2.9337751  0.071958672 
   72000    199038.47            0    1.4246969    1.5612784            0    2.9859753  -0.42129173 
   73000     197380.7            0     1.445835    1.6025372            0    3.0483722 -0.099854135 
   74000    205006.49            0    1.4703253     1.606784            0    3.0771093     0.137244 
   75000    196040.42            0    1.4897388    1.6297195            0    3.1194583  -0.46715263 
   76000    200022.09            0    1.5178017    1.6560075            0    3.1738092  -0.21504553 
   77000     200766.4            0    1.5184584    1.6673791            0    3.1858374   0.54447858 
   78000    199636.76            0    1.5344452    1.6845098            0    3.2189549  0.021903761 
   79000    204188.86            0    1.5567356    1.7205197            0    3.2772553   0.15356898 
   80000    199862.31            0    1.5669731    1.7265239            0    3.2934969  -0.26342032 
   81000    198557.57            0    1.5735674    1.7468943            0    3.3204617   0.22068216 
   82000     203675.4            0    1.5898596    1.7646027            0    3.3544624   0.51221445 
   83000    203412.56            0    1.6066548    1.7813624            0    3.3880172   0.33512263 
   84000    200896.36            0    1.6112635     1.812552            0    3.4238154    1.1657793 
   85000    198987.17            0     1.652135    1.8336748            0    3.4858098  -0.20419704 
   86000    203027.04            0    1.6728041     1.864244            0    3.5370481   0.61746313 
   87000     203913.8            0    1.6783324    1.8762967            0     3.554629   0.28428076 
   88000    205061.23            0    1.6781682     1.879458            0    3.5576262  0.089285353 
   89000    198210.89            0    1.7017682    1.9029345            0    3.6047027  -0.23977904 
   90000    196170.91            0    1.7291253    1.9258436            0    3.6549689   0.15806438 
   91000    202846.79            0    1.7592339    1.9431644            0    3.7023983   0.17723099 
   92000    198976.91            0     1.762318    1.9742003            0    3.7365183   0.25668658 
   93000    194578.12            0    1.7880716    2.0009816            0    3.7890532   0.20231476 
   94000    200319.82            0    1.7854494     2.020855            0    3.8063044   0.14729427 
   95000    202430.33            0    1.7925005    2.0480213            0    3.8405218  -0.28291245 
   96000    200145.58            0    1.8113602    2.0621043            0    3.8734644   0.05547277 
   97000    194617.53            0    1.8286924    2.0729365            0    3.9016289  -0.59829377 
   98000    200829.37            0    1.8485835     2.077731            0    3.9263145   0.78242718 
   99000    198197.55            0    1.8537119    2.0873455            0    3.9410573  -0.52970118 
  100000    204149.63            0    1.8897394    2.0942927            0    3.9840321   0.58118967 
  101000    198654.59            0    1.9126448    2.1380708            0    4.0507156  -0.61766977 
  102000    201198.05            0    1.9433521     2.143049            0    4.0864011   0.15570108 
  103000    200383.43            0    1.9669578    2.1361518            0    4.1031095  -0.10556532 
  104000    204363.26            0    1.9827272    2.1564095            0    4.1391367 -0.060748593 
  105000    198267.87            0    1.9904164    2.1804141            0    4.1708305   0.40995747 
  106000    202082.12            0     1.993709    2.1925288            0    4.1862378  -0.52458386 
  107000    200209.49            0     2.015427     2.219161            0     4.234588  -0.67350679 
  108000    203112.58            0    2.0467303    2.2405372            0    4.2872675   0.25033168 
  109000    203844.13            0     2.056314    2.2623929            0    4.3187068    0.3384149 
  110000    201740.33            0    2.0706519     2.285547            0    4.3561989   0.35582365 
  111000    202493.05            0    2.0725826     2.308685            0    4.3812676  -0.26487212 
  112000    205404.09            0    2.0969613    2.3252767            0     4.422238   0.58346057 
  113000    201223.54            0    2.0876103    2.3316941            0    4.4193044   0.37747414 
  114000    208649.11            0    2.1095116    2.3488008            0    4.4583124  0.068129648 
  115000     202708.5            0    2.1233837    2.3701129            0    4.4934966  -0.23734073 
  116000    202482.42            0    2.1221907    2.4262516            0    4.5484424 -0.087142119 
  117000    200384.65            0    2.1487723    2.4619437            0    4.6107161  -0.13673271 
  118000    196885.36            0     2.158057    2.4818335            0    4.6398905   0.31912412 
  119000    194064.42            0    2.1821315    2.5032336            0    4.6853651   0.17615749 
  120000    195203.09            0    2.1939678     2.539838            0    4.7338058    0.5106086 
Loop time of 6.05038 on 1 procs for 120000 steps with 1024 atoms

Performance: 17136.102 tau/day, 19833.451 timesteps/s
100.0% CPU use with 1 MPI tasks x 1 OpenMP threads

MPI task timing breakdown:
Section |  min time  |  avg time  |  max time  |%varavg| %total
---------------------------------------------------------------
Pair    | 0          | 0          | 0          |   0.0 |  0.00
Neigh   | 0.00031301 | 0.00031301 | 0.00031301 |   0.0 |  0.01
Comm    | 0.0072472  | 0.0072472  | 0.0072472  |   0.0 |  0.12
Output  | 0.0036492  | 0.0036492  | 0.0036492  |   0.0 |  0.06
Modify  | 5.7173     | 5.7173     | 5.7173     |   0.0 | 94.50
Other   |            | 0.3218     |            |       |  5.32

Nlocal:        1024.00 ave        1024 max        1024 min
Histogram: 1 0 0 0 0 0 0 0 0 0
Nghost:         0.00000 ave           0 max           0 min
Histogram: 1 0 0 0 0 0 0 0 0 0
Neighs:         0.00000 ave           0 max           0 min
Histogram: 1 0 0 0 0 0 0 0 0 0

Total # of neighbors = 0
Ave neighs/atom = 0.0000000
Neighbor list builds = 154
Dangerous builds = 0


Total wall time: 0:00:08
