svn: warning: 'man_add_molecule.html' is already under version control
svn: warning: 'man_add_species.html' is already under version control
svn: warning: 'man_atom_element_map.html' is already under version control
svn: warning: 'man_atom_weight.html' is already under version control
svn: warning: 'man_atomic_charge.html' is already under version control
svn: warning: 'man_boundary.html' is already under version control
svn: warning: 'man_boundary_dynamics.html' is already under version control
svn: warning: 'man_boundary_faceset.html' is already under version control
svn: warning: 'man_boundary_integral.html' is already under version control
svn: warning: 'man_consistent_fe_initialization.html' is already under version control
svn: warning: 'man_contour_integral.html' is already under version control
svn: warning: 'man_control.html' is already under version control
svn: warning: 'man_control_momentum.html' is already under version control
svn: warning: 'man_control_thermal.html' is already under version control
svn: warning: 'man_control_thermal_correction_max_iterations.html' is already under version control
svn: warning: 'man_decomposition.html' is already under version control
svn: warning: 'man_electron_integration.html' is already under version control
svn: warning: 'man_equilibrium_start.html' is already under version control
svn: warning: 'man_extrinsic_exchange.html' is already under version control
svn: warning: 'man_fe_md_boundary.html' is already under version control
svn: warning: 'man_fem_mesh.html' is already under version control
svn: warning: 'man_filter_scale.html' is already under version control
svn: warning: 'man_filter_type.html' is already under version control
svn: warning: 'man_fix_atc.html' is already under version control
svn: warning: 'man_fix_flux.html' is already under version control
svn: warning: 'man_fix_nodes.html' is already under version control
svn: warning: 'man_hardy_computes.html' is already under version control
svn: warning: 'man_hardy_fields.html' is already under version control
svn: warning: 'man_hardy_gradients.html' is already under version control
svn: warning: 'man_hardy_kernel.html' is already under version control
svn: warning: 'man_hardy_on_the_fly.html' is already under version control
svn: warning: 'man_hardy_rates.html' is already under version control
svn: warning: 'man_initial.html' is already under version control
svn: warning: 'man_internal_atom_integrate.html' is already under version control
svn: warning: 'man_internal_element_set.html' is already under version control
svn: warning: 'man_internal_quadrature.html' is already under version control
svn: warning: 'man_kernel_function.html' is already under version control
svn: warning: 'man_localized_lambda.html' is already under version control
svn: warning: 'man_lumped_lambda_solve.html' is already under version control
svn: warning: 'man_mask_direction.html' is already under version control
svn: warning: 'man_mass_matrix.html' is already under version control
svn: warning: 'man_material.html' is already under version control
svn: warning: 'man_mesh_add_to_nodeset.html' is already under version control
svn: warning: 'man_mesh_create.html' is already under version control
svn: warning: 'man_mesh_create_elementset.html' is already under version control
svn: warning: 'man_mesh_create_faceset_box.html' is already under version control
svn: warning: 'man_mesh_create_faceset_plane.html' is already under version control
svn: warning: 'man_mesh_create_nodeset.html' is already under version control
svn: warning: 'man_mesh_delete_elements.html' is already under version control
svn: warning: 'man_mesh_nodeset_to_elementset.html' is already under version control
svn: warning: 'man_mesh_output.html' is already under version control
svn: warning: 'man_mesh_quadrature.html' is already under version control
svn: warning: 'man_mesh_read.html' is already under version control
svn: warning: 'man_mesh_write.html' is already under version control
svn: warning: 'man_momentum_time_integration.html' is already under version control
svn: warning: 'man_output.html' is already under version control
svn: warning: 'man_output_elementset.html' is already under version control
svn: warning: 'man_output_nodeset.html' is already under version control
svn: warning: 'man_pair_interactions.html' is already under version control
svn: warning: 'man_poisson_solver.html' is already under version control
svn: warning: 'man_read_restart.html' is already under version control
svn: warning: 'man_remove_molecule.html' is already under version control
svn: warning: 'man_remove_source.html' is already under version control
svn: warning: 'man_remove_species.html' is already under version control
svn: warning: 'man_reset_atomic_reference_positions.html' is already under version control
svn: warning: 'man_reset_time.html' is already under version control
svn: warning: 'man_sample_frequency.html' is already under version control
svn: warning: 'man_set.html' is already under version control
svn: warning: 'man_source.html' is already under version control
svn: warning: 'man_source_integration.html' is already under version control
svn: warning: 'man_temperature_definition.html' is already under version control
svn: warning: 'man_thermal_time_integration.html' is already under version control
svn: warning: 'man_time_filter.html' is already under version control
svn: warning: 'man_track_displacement.html' is already under version control
svn: warning: 'man_unfix_flux.html' is already under version control
svn: warning: 'man_unfix_nodes.html' is already under version control
svn: warning: 'man_write_atom_weights.html' is already under version control
svn: warning: 'man_write_restart.html' is already under version control
A         svn_add.stdout
A         svn_commit.stdout
