units           lj
atom_style      hybrid dipole sphere ellipsoid
WARNING: Atom_style hybrid defines both pertype and peratom masses - both must be set, only peratom masses will be used (src/atom_vec_hybrid.cpp:157)
WARNING: Peratom rmass is in multiple sub-styles - must be used consistently (src/atom_vec_hybrid.cpp:219)
dimension       3
newton off


lattice         sc 0.4
Lattice spacing in x,y,z = 1.3572088 1.3572088 1.3572088
region          box block -4 4 -4 4 -4 4
create_box      1 box
Created orthogonal box = (-5.4288352 -5.4288352 -5.4288352) to (5.4288352 5.4288352 5.4288352)
  1 by 1 by 1 MPI processor grid
create_atoms    1 box
Created 512 atoms
  create_atoms CPU = 0.002 seconds
mass            * 1.0
set             type  * dipole/random ${seed} 1.0
set             type  * dipole/random 1974019 1.0
Setting atom values ...
  512 settings made for dipole/random
set 		type * shape 1 1 1
Setting atom values ...
  512 settings made for shape
set		type  * quat/random ${seed}
set		type  * quat/random 1974019
Setting atom values ...
  512 settings made for quat/random
velocity        all create 1.0 1 loop geom

pair_style none


fix         1 all brownian/asphere ${gamma_t} ${gamma_r} ${D_t} ${D_r} 	    ${seed} rng ${rng} dipole
fix         1 all brownian/asphere 1 ${gamma_r} ${D_t} ${D_r} 	    ${seed} rng ${rng} dipole
fix         1 all brownian/asphere 1 0.33 ${D_t} ${D_r} 	    ${seed} rng ${rng} dipole
fix         1 all brownian/asphere 1 0.33 1 ${D_r} 	    ${seed} rng ${rng} dipole
fix         1 all brownian/asphere 1 0.33 1 3 	    ${seed} rng ${rng} dipole
fix         1 all brownian/asphere 1 0.33 1 3 	    1974019 rng ${rng} dipole
fix         1 all brownian/asphere 1 0.33 1 3 	    1974019 rng gaussian dipole


compute press all pressure NULL virial

thermo_style    custom step temp epair c_press

#equilibration
timestep        0.0000000001
thermo          50000
run             50000
WARNING: No pairwise cutoff or binsize set. Atom sorting therefore disabled. (src/atom.cpp:2118)
WARNING: Communication cutoff is 0.0. No ghost atoms will be generated. Atoms may get lost. (src/comm_brick.cpp:167)
Per MPI rank memory allocation (min/avg/max) = 5.379 | 5.379 | 5.379 Mbytes
Step Temp E_pair c_press 
       0            1            0            0 
   50000 1.9891104e+10            0            0 
Loop time of 5.53749 on 1 procs for 50000 steps with 512 atoms

Performance: 0.078 tau/day, 9029.362 timesteps/s
100.0% CPU use with 1 MPI tasks x 1 OpenMP threads

MPI task timing breakdown:
Section |  min time  |  avg time  |  max time  |%varavg| %total
---------------------------------------------------------------
Pair    | 0          | 0          | 0          |   0.0 |  0.00
Neigh   | 0          | 0          | 0          |   0.0 |  0.00
Comm    | 0.11711    | 0.11711    | 0.11711    |   0.0 |  2.11
Output  | 2.034e-05  | 2.034e-05  | 2.034e-05  |   0.0 |  0.00
Modify  | 5.3401     | 5.3401     | 5.3401     |   0.0 | 96.44
Other   |            | 0.08027    |            |       |  1.45

Nlocal:        512.000 ave         512 max         512 min
Histogram: 1 0 0 0 0 0 0 0 0 0
Nghost:        217.000 ave         217 max         217 min
Histogram: 1 0 0 0 0 0 0 0 0 0
Neighs:         0.00000 ave           0 max           0 min
Histogram: 1 0 0 0 0 0 0 0 0 0

Total # of neighbors = 0
Ave neighs/atom = 0.0000000
Neighbor list builds = 0
Dangerous builds = 0
reset_timestep  0


# MSD
compute         msd  all msd


thermo_style    custom step temp epair c_msd[*] c_press


timestep        0.00001
thermo          10000

# main run
run             120000
WARNING: Communication cutoff is 0.0. No ghost atoms will be generated. Atoms may get lost. (src/comm_brick.cpp:167)
Per MPI rank memory allocation (min/avg/max) = 5.754 | 5.754 | 5.754 Mbytes
Step Temp E_pair c_msd[1] c_msd[2] c_msd[3] c_msd[4] c_press 
       0 1.9891104e+10            0            0            0            0            0            0 
   10000    201972.17            0   0.19918647   0.20079752   0.20495007   0.60493407            0 
   20000    197255.49            0   0.40800225   0.37910274   0.38545643    1.1725614            0 
   30000    195533.67            0   0.60991554    0.5898132   0.56621596    1.7659447            0 
   40000    192777.99            0    0.7761198   0.86101776   0.76531344     2.402451            0 
   50000    195241.43            0    1.0053256    1.0477568   0.96681401    3.0198964            0 
   60000    201887.49            0    1.2298892    1.1979933    1.1950141    3.6228965            0 
   70000    200187.14            0    1.4407329     1.356743    1.3992739    4.1967498            0 
   80000    202737.24            0    1.6305637    1.5663775    1.5724692    4.7694104            0 
   90000    185530.51            0    1.7937597    1.7795995    1.7222809    5.2956401            0 
  100000    204405.47            0    2.0149709    1.9738573    1.9423625    5.9311907            0 
  110000     194892.4            0    2.1974948    2.1560014    2.1453303    6.4988264            0 
  120000    198462.51            0    2.3761388     2.334739     2.287964    6.9988418            0 
Loop time of 13.0463 on 1 procs for 120000 steps with 512 atoms

Performance: 7947.110 tau/day, 9198.044 timesteps/s
100.0% CPU use with 1 MPI tasks x 1 OpenMP threads

MPI task timing breakdown:
Section |  min time  |  avg time  |  max time  |%varavg| %total
---------------------------------------------------------------
Pair    | 0          | 0          | 0          |   0.0 |  0.00
Neigh   | 0.0011789  | 0.0011789  | 0.0011789  |   0.0 |  0.01
Comm    | 0.030109   | 0.030109   | 0.030109   |   0.0 |  0.23
Output  | 0.00030614 | 0.00030614 | 0.00030614 |   0.0 |  0.00
Modify  | 12.834     | 12.834     | 12.834     |   0.0 | 98.38
Other   |            | 0.1803     |            |       |  1.38

Nlocal:        512.000 ave         512 max         512 min
Histogram: 1 0 0 0 0 0 0 0 0 0
Nghost:         0.00000 ave           0 max           0 min
Histogram: 1 0 0 0 0 0 0 0 0 0
Neighs:         0.00000 ave           0 max           0 min
Histogram: 1 0 0 0 0 0 0 0 0 0

Total # of neighbors = 0
Ave neighs/atom = 0.0000000
Neighbor list builds = 1748
Dangerous builds = 0
Total wall time: 0:00:18
