OMP: Warning #52: OMP_SCHEDULE value ", 4" is invalid chunk size.
OMP: Info #104: OMP_SCHEDULE value "0" will be used.

 ____       ____       ____       ____
/    \     /    \     /    \     /    \
|  #################################  |
\__#_/     \____/     \____/     \_#__/
   #    _        _______  _____    #
   #   (_)      |_   __ \|_   _|   #      -*-     v 2.0    -*-
   #   __  ______ | |__) | | |     #
   Y  [  ||______||  ___/  | |     #      A Universal Force Engine
  0 0  | |       _| |_    _| |_    #
   #  [___]     |_____|  |_____|   #
 __#_       ____       ____       _#__
/  # \     /    \     /    \     / #  \
|  #################################  |
\____/     \____/     \____/     \____/

    
 # @simulation: Fetchingffsocket
 # Initializing system object 
 # Initializing simulation object 
 # Initializing from file spring.xyz. Dimension: length, units: automatic, cell_units: automatic
Unknown element given, you must specify the mass
 # Initialize is rescaling from     1 beads to     4 beads
 # Initializing from file spring.xyz. Dimension: length, units: automatic, cell_units: automatic
Unknown element given, you must specify the mass
 # Initializing from file spring.xyz. Dimension: length, units: automatic, cell_units: automatic
Unknown element given, you must specify the mass
 # Initializing from file spring.xyz. Dimension: length, units: automatic, cell_units: automatic
Unknown element given, you must specify the mass
 !W! Momenta not specified in initialize. Will start with zero velocity if they are not specified in beads.
 # Binding the forces 
Traceback (most recent call last):
  File "/Users/yifan/Packages/i-pi/ipi/interfaces/sockets.py", line 570, in open
    self.server.bind("/tmp/ipi_" + self.address)
OSError: [Errno 48] Address already in use

During handling of the above exception, another exception occurred:

Traceback (most recent call last):
  File "/Users/yifan/Packages/i-pi/bin/i-pi", line 105, in <module>
    main(args[0], options)
  File "/Users/yifan/Packages/i-pi/bin/i-pi", line 48, in main
    simulation = Simulation.load_from_xml(fn_input, request_banner=True, custom_verbosity=options.verbosity)
  File "/Users/yifan/Packages/i-pi/ipi/engine/simulation.py", line 97, in load_from_xml
    simulation.bind(read_only)
  File "/Users/yifan/Packages/i-pi/ipi/engine/simulation.py", line 202, in bind
    f.start()
  File "/Users/yifan/Packages/i-pi/ipi/engine/forcefields.py", line 332, in start
    self.socket.open()
  File "/Users/yifan/Packages/i-pi/ipi/interfaces/sockets.py", line 578, in open
    + " exists, and remove it if unused."
RuntimeError: Error opening unix socket. Check if a file /tmp/ipi_lmp2 exists, and remove it if unused.
OMP: Warning #52: OMP_SCHEDULE value ", 4" is invalid chunk size.
OMP: Info #104: OMP_SCHEDULE value "0" will be used.

 ____       ____       ____       ____
/    \     /    \     /    \     /    \
|  #################################  |
\__#_/     \____/     \____/     \_#__/
   #    _        _______  _____    #
   #   (_)      |_   __ \|_   _|   #      -*-     v 2.0    -*-
   #   __  ______ | |__) | | |     #
   Y  [  ||______||  ___/  | |     #      A Universal Force Engine
  0 0  | |       _| |_    _| |_    #
   #  [___]     |_____|  |_____|   #
 __#_       ____       ____       _#__
/  # \     /    \     /    \     / #  \
|  #################################  |
\____/     \____/     \____/     \____/

    
 # @simulation: Fetchingffsocket
 # Initializing system object 
 # Initializing simulation object 
 # Initializing from file spring.xyz. Dimension: length, units: automatic, cell_units: automatic
Unknown element given, you must specify the mass
 # Initialize is rescaling from     1 beads to     4 beads
 # Initializing from file spring.xyz. Dimension: length, units: automatic, cell_units: automatic
Unknown element given, you must specify the mass
 # Initializing from file spring.xyz. Dimension: length, units: automatic, cell_units: automatic
Unknown element given, you must specify the mass
 # Initializing from file spring.xyz. Dimension: length, units: automatic, cell_units: automatic
Unknown element given, you must specify the mass
 !W! Momenta not specified in initialize. Will start with zero velocity if they are not specified in beads.
 # Binding the forces 
 @ForceField: Starting the polling thread main loop.
Backup performed: spring.data -> #spring.data#5#
Backup performed: spring.x_0.pdb -> #spring.x_0.pdb#5#
Backup performed: spring.x_1.pdb -> #spring.x_1.pdb#5#
Backup performed: spring.x_2.pdb -> #spring.x_2.pdb#5#
Backup performed: spring.x_3.pdb -> #spring.x_3.pdb#5#
 # i-PI loaded input file:  input_ipi.xml
 @SOCKET:   Client asked for connection from . Now hand-shaking.
 @SOCKET:   Handshaking was successful. Added to the client list.
 # Average timings at MD step       0. t/step: 4.66168e-02
 # Average timings at MD step    1000. t/step: 4.72670e-02
 # Average timings at MD step    2000. t/step: 4.78274e-02
 # Average timings at MD step    3000. t/step: 4.76534e-02
 # Average timings at MD step    4000. t/step: 4.75414e-02
 # Average timings at MD step    5000. t/step: 4.72704e-02
 # Average timings at MD step    6000. t/step: 4.73815e-02
 # Average timings at MD step    7000. t/step: 4.88227e-02
 # Average timings at MD step    8000. t/step: 5.10782e-02
 # Average timings at MD step    9000. t/step: 5.05219e-02
 # Average timings at MD step   10000. t/step: 5.46797e-02
 # Average timings at MD step   11000. t/step: 5.61021e-02
 # Average timings at MD step   12000. t/step: 5.51820e-02
 # Average timings at MD step   13000. t/step: 5.57244e-02
 # Average timings at MD step   14000. t/step: 5.58666e-02
 # Average timings at MD step   15000. t/step: 5.55587e-02
 # Average timings at MD step   16000. t/step: 5.52654e-02
 # Average timings at MD step   17000. t/step: 5.06823e-02
 # Average timings at MD step   18000. t/step: 5.23154e-02
 # Average timings at MD step   19000. t/step: 5.23042e-02
 # Average timings at MD step   20000. t/step: 5.26664e-02
 # Average timings at MD step   21000. t/step: 5.53783e-02
 # Average timings at MD step   22000. t/step: 5.53181e-02
 # Average timings at MD step   23000. t/step: 5.56441e-02
 # Average timings at MD step   24000. t/step: 5.59966e-02
 # Average timings at MD step   25000. t/step: 5.58299e-02
 # Average timings at MD step   26000. t/step: 5.57371e-02
 # Average timings at MD step   27000. t/step: 5.57996e-02
 # Average timings at MD step   28000. t/step: 5.52958e-02
 # Average timings at MD step   29000. t/step: 5.59300e-02
 # Average timings at MD step   30000. t/step: 5.60554e-02
 # Average timings at MD step   31000. t/step: 5.55484e-02
 # Average timings at MD step   32000. t/step: 5.55003e-02
 # Average timings at MD step   33000. t/step: 5.55666e-02
 # Average timings at MD step   34000. t/step: 5.58991e-02
 # Average timings at MD step   35000. t/step: 5.57853e-02
 # Average timings at MD step   36000. t/step: 5.56947e-02
 # Average timings at MD step   37000. t/step: 5.54896e-02
 # Average timings at MD step   38000. t/step: 5.58868e-02
 # Average timings at MD step   39000. t/step: 5.60015e-02
 # Average timings at MD step   40000. t/step: 5.60744e-02
 # Average timings at MD step   41000. t/step: 5.56782e-02
 # Average timings at MD step   42000. t/step: 5.57739e-02
 # Average timings at MD step   43000. t/step: 5.55878e-02
 # Average timings at MD step   44000. t/step: 5.52626e-02
 # Average timings at MD step   45000. t/step: 5.56960e-02
 # Average timings at MD step   46000. t/step: 5.57121e-02
 # Average timings at MD step   47000. t/step: 5.60804e-02
 # Average timings at MD step   48000. t/step: 5.59375e-02
 # Average timings at MD step   49000. t/step: 5.58582e-02
 # Average timings at MD step   50000. t/step: 5.54074e-02
 # Average timings at MD step   51000. t/step: 5.59546e-02
 # Average timings at MD step   52000. t/step: 5.56414e-02
 # Average timings at MD step   53000. t/step: 5.54596e-02
 # Average timings at MD step   54000. t/step: 5.55461e-02
 # Average timings at MD step   55000. t/step: 5.58228e-02
 # Average timings at MD step   56000. t/step: 5.55447e-02
 # Average timings at MD step   57000. t/step: 5.60524e-02
 # Average timings at MD step   58000. t/step: 5.58696e-02
 # Average timings at MD step   59000. t/step: 5.55229e-02
 # Average timings at MD step   60000. t/step: 5.59192e-02
 # Average timings at MD step   61000. t/step: 5.58246e-02
 # Average timings at MD step   62000. t/step: 5.58560e-02
 # Average timings at MD step   63000. t/step: 5.56426e-02
 # Average timings at MD step   64000. t/step: 5.58281e-02
 # Average timings at MD step   65000. t/step: 5.55100e-02
 # Average timings at MD step   66000. t/step: 5.58927e-02
 # Average timings at MD step   67000. t/step: 5.55496e-02
 # Average timings at MD step   68000. t/step: 5.59288e-02
 # Average timings at MD step   69000. t/step: 5.55034e-02
 # Average timings at MD step   70000. t/step: 5.55171e-02
 # Average timings at MD step   71000. t/step: 5.59390e-02
 # Average timings at MD step   72000. t/step: 5.57114e-02
 # Average timings at MD step   73000. t/step: 5.56509e-02
 # Average timings at MD step   74000. t/step: 5.60978e-02
 # Average timings at MD step   75000. t/step: 5.60281e-02
 # Average timings at MD step   76000. t/step: 5.55872e-02
 # Average timings at MD step   77000. t/step: 5.58572e-02
 # Average timings at MD step   78000. t/step: 5.58796e-02
 # Average timings at MD step   79000. t/step: 5.53270e-02
 # Average timings at MD step   80000. t/step: 5.58269e-02
 # Average timings at MD step   81000. t/step: 5.57324e-02
 # Average timings at MD step   82000. t/step: 5.55509e-02
 # Average timings at MD step   83000. t/step: 5.59653e-02
 # Average timings at MD step   84000. t/step: 5.61859e-02
 # Average timings at MD step   85000. t/step: 5.60298e-02
 # Average timings at MD step   86000. t/step: 5.55820e-02
 # Average timings at MD step   87000. t/step: 5.57166e-02
 # Average timings at MD step   88000. t/step: 5.57966e-02
 # Average timings at MD step   89000. t/step: 5.58673e-02
 # Average timings at MD step   90000. t/step: 5.54867e-02
 # Average timings at MD step   91000. t/step: 5.59539e-02
 # Average timings at MD step   92000. t/step: 5.59505e-02
 # Average timings at MD step   93000. t/step: 5.58696e-02
 # Average timings at MD step   94000. t/step: 5.56414e-02
 # Average timings at MD step   95000. t/step: 5.59486e-02
 # Average timings at MD step   96000. t/step: 5.58168e-02
 # Average timings at MD step   97000. t/step: 5.59280e-02
 # Average timings at MD step   98000. t/step: 5.56611e-02
 # Average timings at MD step   99000. t/step: 5.57301e-02
 # Average timings at MD step  100000. t/step: 5.57012e-02
 # Average timings at MD step  101000. t/step: 5.58780e-02
 # Average timings at MD step  102000. t/step: 5.55069e-02
 # Average timings at MD step  103000. t/step: 5.60473e-02
 # Average timings at MD step  104000. t/step: 5.58799e-02
 # Average timings at MD step  105000. t/step: 5.55634e-02
 # Average timings at MD step  106000. t/step: 5.56991e-02
 # Average timings at MD step  107000. t/step: 5.56545e-02
 # Average timings at MD step  108000. t/step: 5.52321e-02
 # Average timings at MD step  109000. t/step: 5.59936e-02
 # Average timings at MD step  110000. t/step: 5.57072e-02
 # Average timings at MD step  111000. t/step: 5.55581e-02
 # Average timings at MD step  112000. t/step: 5.56455e-02
 # Average timings at MD step  113000. t/step: 5.55320e-02
 # Average timings at MD step  114000. t/step: 5.58771e-02
 # Average timings at MD step  115000. t/step: 5.59156e-02
 # Average timings at MD step  116000. t/step: 5.55436e-02
 # Average timings at MD step  117000. t/step: 5.56602e-02
 # Average timings at MD step  118000. t/step: 5.60171e-02
 # Average timings at MD step  119000. t/step: 5.55132e-02
 # Average timings at MD step  120000. t/step: 5.61498e-02
 # Average timings at MD step  121000. t/step: 5.57138e-02
 # Average timings at MD step  122000. t/step: 5.57763e-02
 # Average timings at MD step  123000. t/step: 5.57801e-02
 # Average timings at MD step  124000. t/step: 5.55021e-02
 # Average timings at MD step  125000. t/step: 5.54412e-02
 # Average timings at MD step  126000. t/step: 5.30647e-02
 # Average timings at MD step  127000. t/step: 5.03670e-02
 # Average timings at MD step  128000. t/step: 5.22565e-02
 # Average timings at MD step  129000. t/step: 5.16839e-02
 # Average timings at MD step  130000. t/step: 5.20674e-02
 # Average timings at MD step  131000. t/step: 5.12378e-02
 # Average timings at MD step  132000. t/step: 5.25821e-02
 # Average timings at MD step  133000. t/step: 5.11038e-02
 # Average timings at MD step  134000. t/step: 5.13526e-02
 # Average timings at MD step  135000. t/step: 5.18598e-02
 # Average timings at MD step  136000. t/step: 5.20656e-02
 # Average timings at MD step  137000. t/step: 5.21300e-02
 # Average timings at MD step  138000. t/step: 5.19209e-02
 # Average timings at MD step  139000. t/step: 5.17314e-02
 # Average timings at MD step  140000. t/step: 5.22098e-02
 # Average timings at MD step  141000. t/step: 5.22118e-02
 # Average timings at MD step  142000. t/step: 5.27368e-02
 # Average timings at MD step  143000. t/step: 5.22564e-02
 # Average timings at MD step  144000. t/step: 5.46198e-02
 # Average timings at MD step  145000. t/step: 5.53540e-02
 # Average timings at MD step  146000. t/step: 5.64155e-02
 # Average timings at MD step  147000. t/step: 5.55535e-02
 # Average timings at MD step  148000. t/step: 5.64149e-02
 # Average timings at MD step  149000. t/step: 5.56759e-02
 # Average timings at MD step  150000. t/step: 5.55478e-02
 # Average timings at MD step  151000. t/step: 5.55468e-02
 # Average timings at MD step  152000. t/step: 5.60663e-02
 # Average timings at MD step  153000. t/step: 5.55710e-02
 # Average timings at MD step  154000. t/step: 5.56562e-02
 # Average timings at MD step  155000. t/step: 5.53833e-02
 # Average timings at MD step  156000. t/step: 5.47816e-02
 # Average timings at MD step  157000. t/step: 5.53577e-02
 # Average timings at MD step  158000. t/step: 5.58909e-02
 # Average timings at MD step  159000. t/step: 5.59202e-02
 # Average timings at MD step  160000. t/step: 5.52242e-02
 # Average timings at MD step  161000. t/step: 5.57994e-02
 # Average timings at MD step  162000. t/step: 5.55122e-02
 # Average timings at MD step  163000. t/step: 5.58285e-02
 # Average timings at MD step  164000. t/step: 5.59645e-02
 # Average timings at MD step  165000. t/step: 5.60525e-02
 # Average timings at MD step  166000. t/step: 5.54222e-02
 # Average timings at MD step  167000. t/step: 5.59715e-02
 # Average timings at MD step  168000. t/step: 5.58014e-02
 # Average timings at MD step  169000. t/step: 5.62035e-02
 # Average timings at MD step  170000. t/step: 5.53618e-02
 # Average timings at MD step  171000. t/step: 5.60016e-02
 # Average timings at MD step  172000. t/step: 5.53361e-02
 # Average timings at MD step  173000. t/step: 5.53226e-02
 # Average timings at MD step  174000. t/step: 5.61074e-02
 # Average timings at MD step  175000. t/step: 5.56932e-02
 # Average timings at MD step  176000. t/step: 5.59804e-02
 # Average timings at MD step  177000. t/step: 5.54767e-02
 # Average timings at MD step  178000. t/step: 5.61980e-02
 # Average timings at MD step  179000. t/step: 5.60848e-02
 # Average timings at MD step  180000. t/step: 5.60579e-02
 # Average timings at MD step  181000. t/step: 5.53815e-02
 # Average timings at MD step  182000. t/step: 5.60905e-02
 # Average timings at MD step  183000. t/step: 5.55602e-02
 # Average timings at MD step  184000. t/step: 5.58712e-02
 # Average timings at MD step  185000. t/step: 5.61822e-02
 # Average timings at MD step  186000. t/step: 5.63444e-02
 # Average timings at MD step  187000. t/step: 5.55097e-02
 # Average timings at MD step  188000. t/step: 5.62162e-02
 # Average timings at MD step  189000. t/step: 5.63110e-02
 # Average timings at MD step  190000. t/step: 5.59568e-02
 # Average timings at MD step  191000. t/step: 5.58473e-02
 # Average timings at MD step  192000. t/step: 5.60186e-02
 # Average timings at MD step  193000. t/step: 5.53868e-02
 # Average timings at MD step  194000. t/step: 5.57458e-02
 # Average timings at MD step  195000. t/step: 5.54964e-02
 # Average timings at MD step  196000. t/step: 5.57763e-02
 # Average timings at MD step  197000. t/step: 5.57128e-02
 # Average timings at MD step  198000. t/step: 5.61816e-02
 # Average timings at MD step  199000. t/step: 5.59437e-02
 # Average timings at MD step  200000. t/step: 5.60458e-02
 # Average timings at MD step  201000. t/step: 5.59195e-02
 # Average timings at MD step  202000. t/step: 5.62711e-02
 # Average timings at MD step  203000. t/step: 5.60415e-02
 # Average timings at MD step  204000. t/step: 5.58103e-02
 # Average timings at MD step  205000. t/step: 5.56045e-02
 # Average timings at MD step  206000. t/step: 5.53285e-02
 # Average timings at MD step  207000. t/step: 5.58096e-02
 # Average timings at MD step  208000. t/step: 5.56672e-02
 # Average timings at MD step  209000. t/step: 5.59790e-02
 # Average timings at MD step  210000. t/step: 5.53454e-02
 # Average timings at MD step  211000. t/step: 5.57433e-02
 # Average timings at MD step  212000. t/step: 5.55274e-02
 # Average timings at MD step  213000. t/step: 5.57401e-02
 # Average timings at MD step  214000. t/step: 5.61503e-02
 # Average timings at MD step  215000. t/step: 5.54911e-02
 # Average timings at MD step  216000. t/step: 5.53737e-02
 # Average timings at MD step  217000. t/step: 5.59347e-02
 # Average timings at MD step  218000. t/step: 5.57126e-02
 # Average timings at MD step  219000. t/step: 5.58539e-02
 # Average timings at MD step  220000. t/step: 5.58613e-02
 # Average timings at MD step  221000. t/step: 5.56411e-02
 # Average timings at MD step  222000. t/step: 5.60371e-02
 # Average timings at MD step  223000. t/step: 5.56293e-02
 # Average timings at MD step  224000. t/step: 5.53949e-02
 # Average timings at MD step  225000. t/step: 5.60578e-02
 # Average timings at MD step  226000. t/step: 5.56431e-02
 # Average timings at MD step  227000. t/step: 5.54511e-02
 # Average timings at MD step  228000. t/step: 5.62427e-02
 # Average timings at MD step  229000. t/step: 5.55272e-02
 # Average timings at MD step  230000. t/step: 5.53908e-02
 # Average timings at MD step  231000. t/step: 5.60819e-02
 # Average timings at MD step  232000. t/step: 5.60796e-02
 # Average timings at MD step  233000. t/step: 5.58340e-02
 # Average timings at MD step  234000. t/step: 5.58577e-02
 # Average timings at MD step  235000. t/step: 5.56891e-02
 # Average timings at MD step  236000. t/step: 5.57094e-02
 # Average timings at MD step  237000. t/step: 5.61210e-02
 # Average timings at MD step  238000. t/step: 5.62564e-02
 # Average timings at MD step  239000. t/step: 5.56847e-02
 # Average timings at MD step  240000. t/step: 5.59642e-02
 # Average timings at MD step  241000. t/step: 5.64682e-02
 # Average timings at MD step  242000. t/step: 5.64081e-02
 # Average timings at MD step  243000. t/step: 5.59387e-02
 # Average timings at MD step  244000. t/step: 5.58151e-02
 # Average timings at MD step  245000. t/step: 5.53397e-02
 # Average timings at MD step  246000. t/step: 5.60863e-02
 # Average timings at MD step  247000. t/step: 5.58211e-02
 # Average timings at MD step  248000. t/step: 5.62520e-02
 # Average timings at MD step  249000. t/step: 5.62710e-02
 # Average timings at MD step  250000. t/step: 5.61045e-02
 # Average timings at MD step  251000. t/step: 5.62458e-02
 # Average timings at MD step  252000. t/step: 5.64152e-02
 # Average timings at MD step  253000. t/step: 5.59484e-02
 # Average timings at MD step  254000. t/step: 5.55073e-02
 # Average timings at MD step  255000. t/step: 5.58849e-02
 # Average timings at MD step  256000. t/step: 5.60312e-02
 # Average timings at MD step  257000. t/step: 5.58545e-02
 # Average timings at MD step  258000. t/step: 5.56762e-02
 # Average timings at MD step  259000. t/step: 5.55834e-02
 # Average timings at MD step  260000. t/step: 5.60371e-02
 # Average timings at MD step  261000. t/step: 5.62050e-02
 # Average timings at MD step  262000. t/step: 5.57351e-02
 # Average timings at MD step  263000. t/step: 5.60073e-02
 # Average timings at MD step  264000. t/step: 5.61992e-02
 # Average timings at MD step  265000. t/step: 5.56742e-02
 # Average timings at MD step  266000. t/step: 5.60531e-02
 # Average timings at MD step  267000. t/step: 5.64355e-02
 # Average timings at MD step  268000. t/step: 5.59303e-02
 # Average timings at MD step  269000. t/step: 5.59537e-02
 # Average timings at MD step  270000. t/step: 5.57846e-02
 # Average timings at MD step  271000. t/step: 5.53967e-02
 # Average timings at MD step  272000. t/step: 5.58469e-02
 # Average timings at MD step  273000. t/step: 5.56908e-02
 # Average timings at MD step  274000. t/step: 5.61839e-02
 # Average timings at MD step  275000. t/step: 5.58610e-02
 # Average timings at MD step  276000. t/step: 5.59841e-02
 # Average timings at MD step  277000. t/step: 5.60270e-02
 # Average timings at MD step  278000. t/step: 5.60054e-02
 # Average timings at MD step  279000. t/step: 5.63490e-02
 # Average timings at MD step  280000. t/step: 5.54470e-02
 # Average timings at MD step  281000. t/step: 5.58563e-02
 # Average timings at MD step  282000. t/step: 5.53756e-02
 # Average timings at MD step  283000. t/step: 5.58609e-02
 # Average timings at MD step  284000. t/step: 5.57096e-02
 # Average timings at MD step  285000. t/step: 5.58600e-02
 # Average timings at MD step  286000. t/step: 5.61255e-02
 # Average timings at MD step  287000. t/step: 5.60475e-02
 # Average timings at MD step  288000. t/step: 5.61089e-02
 # Average timings at MD step  289000. t/step: 5.58893e-02
 # Average timings at MD step  290000. t/step: 5.63579e-02
 # Average timings at MD step  291000. t/step: 5.61136e-02
 # Average timings at MD step  292000. t/step: 5.62027e-02
 # Average timings at MD step  293000. t/step: 5.63976e-02
 # Average timings at MD step  294000. t/step: 5.60349e-02
 # Average timings at MD step  295000. t/step: 5.53262e-02
 # Average timings at MD step  296000. t/step: 5.57241e-02
 # Average timings at MD step  297000. t/step: 5.61166e-02
 # Average timings at MD step  298000. t/step: 5.60759e-02
 # Average timings at MD step  299000. t/step: 5.62288e-02
 # Average timings at MD step  300000. t/step: 5.60813e-02
 # Average timings at MD step  301000. t/step: 5.64235e-02
 # Average timings at MD step  302000. t/step: 5.60508e-02
 # Average timings at MD step  303000. t/step: 5.59526e-02
 # Average timings at MD step  304000. t/step: 5.57530e-02
 # Average timings at MD step  305000. t/step: 5.55884e-02
 # Average timings at MD step  306000. t/step: 5.59531e-02
 # Average timings at MD step  307000. t/step: 5.56775e-02
 # Average timings at MD step  308000. t/step: 5.63041e-02
 # Average timings at MD step  309000. t/step: 5.61312e-02
 # Average timings at MD step  310000. t/step: 5.61846e-02
 # Average timings at MD step  311000. t/step: 5.61470e-02
 # Average timings at MD step  312000. t/step: 5.59356e-02
 # Average timings at MD step  313000. t/step: 5.62471e-02
 # Average timings at MD step  314000. t/step: 5.62881e-02
 # Average timings at MD step  315000. t/step: 5.60845e-02
 # Average timings at MD step  316000. t/step: 5.61169e-02
 # Average timings at MD step  317000. t/step: 5.59787e-02
 # Average timings at MD step  318000. t/step: 5.61238e-02
 # Average timings at MD step  319000. t/step: 5.57454e-02
 # Average timings at MD step  320000. t/step: 5.63897e-02
 # Average timings at MD step  321000. t/step: 5.59921e-02
 # Average timings at MD step  322000. t/step: 5.57979e-02
 # Average timings at MD step  323000. t/step: 5.63873e-02
 # Average timings at MD step  324000. t/step: 5.61663e-02
 # Average timings at MD step  325000. t/step: 5.58059e-02
 # Average timings at MD step  326000. t/step: 5.60144e-02
 # Average timings at MD step  327000. t/step: 5.56292e-02
 # Average timings at MD step  328000. t/step: 5.66791e-02
 # Average timings at MD step  329000. t/step: 5.55352e-02
 # Average timings at MD step  330000. t/step: 5.61097e-02
 # Average timings at MD step  331000. t/step: 5.60242e-02
 # Average timings at MD step  332000. t/step: 5.60233e-02
 # Average timings at MD step  333000. t/step: 5.62185e-02
 # Average timings at MD step  334000. t/step: 5.60826e-02
 # Average timings at MD step  335000. t/step: 5.65980e-02
 # Average timings at MD step  336000. t/step: 5.62342e-02
 # Average timings at MD step  337000. t/step: 5.57717e-02
 # Average timings at MD step  338000. t/step: 5.62233e-02
 # Average timings at MD step  339000. t/step: 5.57625e-02
 # Average timings at MD step  340000. t/step: 5.59826e-02
 # Average timings at MD step  341000. t/step: 5.56857e-02
 # Average timings at MD step  342000. t/step: 5.56582e-02
 # Average timings at MD step  343000. t/step: 5.64110e-02
 # Average timings at MD step  344000. t/step: 5.55424e-02
 # Average timings at MD step  345000. t/step: 5.61596e-02
 # Average timings at MD step  346000. t/step: 5.65174e-02
 # Average timings at MD step  347000. t/step: 5.58133e-02
 # Average timings at MD step  348000. t/step: 5.56518e-02
 # Average timings at MD step  349000. t/step: 5.60378e-02
 # Average timings at MD step  350000. t/step: 5.58853e-02
 # Average timings at MD step  351000. t/step: 5.58220e-02
 # Average timings at MD step  352000. t/step: 5.63105e-02
 # Average timings at MD step  353000. t/step: 5.59689e-02
 # Average timings at MD step  354000. t/step: 5.60794e-02
 # Average timings at MD step  355000. t/step: 5.58870e-02
 # Average timings at MD step  356000. t/step: 5.56985e-02
 # Average timings at MD step  357000. t/step: 5.60613e-02
 # Average timings at MD step  358000. t/step: 5.60395e-02
 # Average timings at MD step  359000. t/step: 5.61701e-02
 # Average timings at MD step  360000. t/step: 5.59517e-02
 # Average timings at MD step  361000. t/step: 5.61731e-02
 # Average timings at MD step  362000. t/step: 5.53644e-02
 # Average timings at MD step  363000. t/step: 5.56444e-02
 # Average timings at MD step  364000. t/step: 5.63628e-02
 # Average timings at MD step  365000. t/step: 5.65446e-02
 # Average timings at MD step  366000. t/step: 5.60218e-02
 # Average timings at MD step  367000. t/step: 5.67490e-02
 # Average timings at MD step  368000. t/step: 5.59649e-02
 # Average timings at MD step  369000. t/step: 5.58066e-02
 # Average timings at MD step  370000. t/step: 5.56752e-02
 # Average timings at MD step  371000. t/step: 5.58375e-02
 # Average timings at MD step  372000. t/step: 5.62025e-02
 # Average timings at MD step  373000. t/step: 5.61359e-02
 # Average timings at MD step  374000. t/step: 5.60283e-02
 # Average timings at MD step  375000. t/step: 5.62031e-02
 # Average timings at MD step  376000. t/step: 5.63394e-02
 # Average timings at MD step  377000. t/step: 5.57664e-02
 # Average timings at MD step  378000. t/step: 5.57631e-02
 # Average timings at MD step  379000. t/step: 5.58000e-02
 # Average timings at MD step  380000. t/step: 5.61056e-02
 # Average timings at MD step  381000. t/step: 5.60318e-02
 # Average timings at MD step  382000. t/step: 5.61125e-02
 # Average timings at MD step  383000. t/step: 5.60318e-02
 # Average timings at MD step  384000. t/step: 5.60076e-02
 # Average timings at MD step  385000. t/step: 5.59925e-02
 # Average timings at MD step  386000. t/step: 5.61115e-02
 # Average timings at MD step  387000. t/step: 5.62446e-02
 # Average timings at MD step  388000. t/step: 5.59821e-02
 # Average timings at MD step  389000. t/step: 5.59652e-02
 # Average timings at MD step  390000. t/step: 5.55081e-02
 # Average timings at MD step  391000. t/step: 5.61005e-02
 # Average timings at MD step  392000. t/step: 5.58781e-02
 # Average timings at MD step  393000. t/step: 5.58538e-02
 # Average timings at MD step  394000. t/step: 5.58312e-02
 # Average timings at MD step  395000. t/step: 5.53852e-02
 # Average timings at MD step  396000. t/step: 5.59917e-02
 # Average timings at MD step  397000. t/step: 5.55609e-02
 # Average timings at MD step  398000. t/step: 5.64749e-02
 # Average timings at MD step  399000. t/step: 5.56843e-02
 # Average timings at MD step  400000. t/step: 5.56107e-02
 # Average timings at MD step  401000. t/step: 5.55135e-02
 # Average timings at MD step  402000. t/step: 5.61345e-02
 # Average timings at MD step  403000. t/step: 5.60390e-02
 # Average timings at MD step  404000. t/step: 5.59905e-02
 # Average timings at MD step  405000. t/step: 5.57486e-02
 # Average timings at MD step  406000. t/step: 5.59012e-02
 # Average timings at MD step  407000. t/step: 5.61385e-02
 # Average timings at MD step  408000. t/step: 5.53041e-02
 # Average timings at MD step  409000. t/step: 5.63568e-02
 # Average timings at MD step  410000. t/step: 5.60018e-02
 # Average timings at MD step  411000. t/step: 5.58518e-02
 # Average timings at MD step  412000. t/step: 5.56592e-02
 # Average timings at MD step  413000. t/step: 5.60619e-02
 # Average timings at MD step  414000. t/step: 5.62115e-02
 # Average timings at MD step  415000. t/step: 5.59222e-02
 # Average timings at MD step  416000. t/step: 5.59949e-02
 # Average timings at MD step  417000. t/step: 5.60849e-02
 # Average timings at MD step  418000. t/step: 5.58341e-02
 # Average timings at MD step  419000. t/step: 5.61124e-02
 # Average timings at MD step  420000. t/step: 5.59062e-02
 # Average timings at MD step  421000. t/step: 5.59828e-02
 # Average timings at MD step  422000. t/step: 5.62809e-02
 # Average timings at MD step  423000. t/step: 5.62953e-02
 # Average timings at MD step  424000. t/step: 5.64242e-02
 # Average timings at MD step  425000. t/step: 5.59079e-02
 # Average timings at MD step  426000. t/step: 5.60066e-02
 # Average timings at MD step  427000. t/step: 5.62335e-02
 # Average timings at MD step  428000. t/step: 5.59173e-02
 # Average timings at MD step  429000. t/step: 5.56697e-02
 # Average timings at MD step  430000. t/step: 5.64874e-02
 # Average timings at MD step  431000. t/step: 5.53304e-02
 # Average timings at MD step  432000. t/step: 5.59740e-02
 # Average timings at MD step  433000. t/step: 5.58771e-02
 # Average timings at MD step  434000. t/step: 5.61000e-02
 # Average timings at MD step  435000. t/step: 5.59682e-02
 # Average timings at MD step  436000. t/step: 5.57057e-02
 # Average timings at MD step  437000. t/step: 5.56081e-02
 # Average timings at MD step  438000. t/step: 5.62257e-02
 # Average timings at MD step  439000. t/step: 5.58203e-02
 # Average timings at MD step  440000. t/step: 5.63578e-02
 # Average timings at MD step  441000. t/step: 5.59744e-02
 # Average timings at MD step  442000. t/step: 5.60317e-02
 # Average timings at MD step  443000. t/step: 5.59228e-02
 # Average timings at MD step  444000. t/step: 5.60329e-02
 # Average timings at MD step  445000. t/step: 5.60533e-02
 # Average timings at MD step  446000. t/step: 5.61547e-02
 # Average timings at MD step  447000. t/step: 5.57084e-02
 # Average timings at MD step  448000. t/step: 5.58172e-02
 # Average timings at MD step  449000. t/step: 5.57821e-02
 # Average timings at MD step  450000. t/step: 5.54968e-02
 # Average timings at MD step  451000. t/step: 5.57837e-02
 # Average timings at MD step  452000. t/step: 5.60161e-02
 # Average timings at MD step  453000. t/step: 5.56850e-02
 # Average timings at MD step  454000. t/step: 5.58986e-02
 # Average timings at MD step  455000. t/step: 5.56923e-02
 # Average timings at MD step  456000. t/step: 5.55639e-02
 # Average timings at MD step  457000. t/step: 5.57138e-02
 # Average timings at MD step  458000. t/step: 5.62743e-02
 # Average timings at MD step  459000. t/step: 5.59033e-02
 # Average timings at MD step  460000. t/step: 5.62118e-02
 # Average timings at MD step  461000. t/step: 5.57167e-02
 # Average timings at MD step  462000. t/step: 5.63000e-02
 # Average timings at MD step  463000. t/step: 5.63877e-02
 # Average timings at MD step  464000. t/step: 5.60772e-02
 # Average timings at MD step  465000. t/step: 5.55166e-02
 # Average timings at MD step  466000. t/step: 5.57419e-02
 # Average timings at MD step  467000. t/step: 5.59923e-02
 # Average timings at MD step  468000. t/step: 5.54708e-02
 # Average timings at MD step  469000. t/step: 5.62687e-02
 # Average timings at MD step  470000. t/step: 5.60599e-02
 # Average timings at MD step  471000. t/step: 5.58905e-02
 # Average timings at MD step  472000. t/step: 5.58236e-02
 # Average timings at MD step  473000. t/step: 5.58156e-02
 # Average timings at MD step  474000. t/step: 5.63515e-02
 # Average timings at MD step  475000. t/step: 5.58800e-02
 # Average timings at MD step  476000. t/step: 5.61544e-02
 # Average timings at MD step  477000. t/step: 5.60089e-02
 # Average timings at MD step  478000. t/step: 5.63269e-02
 # Average timings at MD step  479000. t/step: 5.58488e-02
 # Average timings at MD step  480000. t/step: 5.55786e-02
 # Average timings at MD step  481000. t/step: 5.57311e-02
 # Average timings at MD step  482000. t/step: 5.53433e-02
 # Average timings at MD step  483000. t/step: 5.62617e-02
 # Average timings at MD step  484000. t/step: 5.63674e-02
 # Average timings at MD step  485000. t/step: 5.61906e-02
 # Average timings at MD step  486000. t/step: 5.58154e-02
 # Average timings at MD step  487000. t/step: 5.58045e-02
 # Average timings at MD step  488000. t/step: 5.61891e-02
 # Average timings at MD step  489000. t/step: 5.60553e-02
 # Average timings at MD step  490000. t/step: 5.59385e-02
 # Average timings at MD step  491000. t/step: 5.61558e-02
 # Average timings at MD step  492000. t/step: 5.66581e-02
 # Average timings at MD step  493000. t/step: 5.57461e-02
 # Average timings at MD step  494000. t/step: 5.60326e-02
 # Average timings at MD step  495000. t/step: 5.58114e-02
 # Average timings at MD step  496000. t/step: 5.59744e-02
 # Average timings at MD step  497000. t/step: 5.61324e-02
 # Average timings at MD step  498000. t/step: 5.61378e-02
 # Average timings at MD step  499000. t/step: 5.60064e-02
 # Average timings at MD step  500000. t/step: 5.61213e-02
 # Average timings at MD step  501000. t/step: 5.57432e-02
 # Average timings at MD step  502000. t/step: 5.52013e-02
 # Average timings at MD step  503000. t/step: 5.58207e-02
 # Average timings at MD step  504000. t/step: 5.59231e-02
 # Average timings at MD step  505000. t/step: 5.62053e-02
 # Average timings at MD step  506000. t/step: 5.61576e-02
 # Average timings at MD step  507000. t/step: 5.60987e-02
 # Average timings at MD step  508000. t/step: 5.54116e-02
 # Average timings at MD step  509000. t/step: 5.58252e-02
 # Average timings at MD step  510000. t/step: 5.57009e-02
 # Average timings at MD step  511000. t/step: 5.60981e-02
 # Average timings at MD step  512000. t/step: 5.61243e-02
 # Average timings at MD step  513000. t/step: 5.61104e-02
 # Average timings at MD step  514000. t/step: 5.56003e-02
 # Average timings at MD step  515000. t/step: 5.61619e-02
 # Average timings at MD step  516000. t/step: 5.56980e-02
 # Average timings at MD step  517000. t/step: 5.61205e-02
 # Average timings at MD step  518000. t/step: 5.59155e-02
 # Average timings at MD step  519000. t/step: 5.58993e-02
 # Average timings at MD step  520000. t/step: 5.60527e-02
 # Average timings at MD step  521000. t/step: 5.61844e-02
 # Average timings at MD step  522000. t/step: 5.59972e-02
 # Average timings at MD step  523000. t/step: 5.64103e-02
 # Average timings at MD step  524000. t/step: 5.60367e-02
 # Average timings at MD step  525000. t/step: 5.60295e-02
 # Average timings at MD step  526000. t/step: 5.61743e-02
 # Average timings at MD step  527000. t/step: 5.57663e-02
 # Average timings at MD step  528000. t/step: 5.60329e-02
 # Average timings at MD step  529000. t/step: 5.62613e-02
 # Average timings at MD step  530000. t/step: 5.58198e-02
 # Average timings at MD step  531000. t/step: 5.60663e-02
 # Average timings at MD step  532000. t/step: 5.62126e-02
 # Average timings at MD step  533000. t/step: 5.59207e-02
 # Average timings at MD step  534000. t/step: 5.64943e-02
 # Average timings at MD step  535000. t/step: 5.60083e-02
 # Average timings at MD step  536000. t/step: 5.61477e-02
 # Average timings at MD step  537000. t/step: 5.58542e-02
 # Average timings at MD step  538000. t/step: 5.58071e-02
 # Average timings at MD step  539000. t/step: 5.58392e-02
 # Average timings at MD step  540000. t/step: 5.54772e-02
 # Average timings at MD step  541000. t/step: 5.59221e-02
 # Average timings at MD step  542000. t/step: 5.60149e-02
 # Average timings at MD step  543000. t/step: 5.61819e-02
 # Average timings at MD step  544000. t/step: 5.64405e-02
 # Average timings at MD step  545000. t/step: 5.58900e-02
 # Average timings at MD step  546000. t/step: 5.60498e-02
 # Average timings at MD step  547000. t/step: 5.56642e-02
 # Average timings at MD step  548000. t/step: 5.60074e-02
 # Average timings at MD step  549000. t/step: 5.63226e-02
 # Average timings at MD step  550000. t/step: 5.59876e-02
 # Average timings at MD step  551000. t/step: 5.62931e-02
 # Average timings at MD step  552000. t/step: 5.57245e-02
 # Average timings at MD step  553000. t/step: 5.58503e-02
 # Average timings at MD step  554000. t/step: 5.60880e-02
 # Average timings at MD step  555000. t/step: 5.61407e-02
 # Average timings at MD step  556000. t/step: 5.57318e-02
 # Average timings at MD step  557000. t/step: 5.59370e-02
 # Average timings at MD step  558000. t/step: 5.63423e-02
 # Average timings at MD step  559000. t/step: 5.60398e-02
 # Average timings at MD step  560000. t/step: 5.59722e-02
 # Average timings at MD step  561000. t/step: 5.62836e-02
 # Average timings at MD step  562000. t/step: 5.59841e-02
 # Average timings at MD step  563000. t/step: 5.55274e-02
 # Average timings at MD step  564000. t/step: 5.60421e-02
 # Average timings at MD step  565000. t/step: 5.57803e-02
 # Average timings at MD step  566000. t/step: 5.59435e-02
 # Average timings at MD step  567000. t/step: 5.58195e-02
 # Average timings at MD step  568000. t/step: 5.63067e-02
 # Average timings at MD step  569000. t/step: 5.60412e-02
 # Average timings at MD step  570000. t/step: 5.61063e-02
 # Average timings at MD step  571000. t/step: 5.58983e-02
 # Average timings at MD step  572000. t/step: 5.55247e-02
 # Average timings at MD step  573000. t/step: 5.56889e-02
 # Average timings at MD step  574000. t/step: 5.58638e-02
 # Average timings at MD step  575000. t/step: 5.61315e-02
 # Average timings at MD step  576000. t/step: 5.60286e-02
 # Average timings at MD step  577000. t/step: 5.56263e-02
 # Average timings at MD step  578000. t/step: 5.58217e-02
 # Average timings at MD step  579000. t/step: 5.57206e-02
 # Average timings at MD step  580000. t/step: 5.57580e-02
 # Average timings at MD step  581000. t/step: 5.61379e-02
 # Average timings at MD step  582000. t/step: 5.63723e-02
 # Average timings at MD step  583000. t/step: 5.61363e-02
 # Average timings at MD step  584000. t/step: 5.63606e-02
 # Average timings at MD step  585000. t/step: 5.60577e-02
 # Average timings at MD step  586000. t/step: 5.59693e-02
 # Average timings at MD step  587000. t/step: 5.57170e-02
 # Average timings at MD step  588000. t/step: 5.60321e-02
 # Average timings at MD step  589000. t/step: 5.61482e-02
 # Average timings at MD step  590000. t/step: 5.62954e-02
 # Average timings at MD step  591000. t/step: 5.52700e-02
 # Average timings at MD step  592000. t/step: 5.64291e-02
 # Average timings at MD step  593000. t/step: 5.56358e-02
 # Average timings at MD step  594000. t/step: 5.68484e-02
 # Average timings at MD step  595000. t/step: 5.55761e-02
 # Average timings at MD step  596000. t/step: 5.59243e-02
 # Average timings at MD step  597000. t/step: 5.60703e-02
 # Average timings at MD step  598000. t/step: 5.59248e-02
 # Average timings at MD step  599000. t/step: 5.62182e-02
 # Average timings at MD step  600000. t/step: 5.58274e-02
 # Average timings at MD step  601000. t/step: 5.60620e-02
 # Average timings at MD step  602000. t/step: 5.59492e-02
 # Average timings at MD step  603000. t/step: 5.56933e-02
 # Average timings at MD step  604000. t/step: 5.60566e-02
 # Average timings at MD step  605000. t/step: 5.58903e-02
 # Average timings at MD step  606000. t/step: 5.60126e-02
 # Average timings at MD step  607000. t/step: 5.52567e-02
 # Average timings at MD step  608000. t/step: 5.58671e-02
 # Average timings at MD step  609000. t/step: 5.62745e-02
 # Average timings at MD step  610000. t/step: 5.61014e-02
 # Average timings at MD step  611000. t/step: 5.65943e-02
 # Average timings at MD step  612000. t/step: 5.58305e-02
 # Average timings at MD step  613000. t/step: 5.59456e-02
 # Average timings at MD step  614000. t/step: 5.58354e-02
 # Average timings at MD step  615000. t/step: 5.58222e-02
 # Average timings at MD step  616000. t/step: 5.57908e-02
 # Average timings at MD step  617000. t/step: 5.59139e-02
 # Average timings at MD step  618000. t/step: 5.56588e-02
 # Average timings at MD step  619000. t/step: 5.60447e-02
 # Average timings at MD step  620000. t/step: 5.64594e-02
 # Average timings at MD step  621000. t/step: 5.57803e-02
 # Average timings at MD step  622000. t/step: 5.61194e-02
 # Average timings at MD step  623000. t/step: 5.56537e-02
 # Average timings at MD step  624000. t/step: 5.56796e-02
 # Average timings at MD step  625000. t/step: 5.57988e-02
 # Average timings at MD step  626000. t/step: 5.56877e-02
 # Average timings at MD step  627000. t/step: 5.59467e-02
 # Average timings at MD step  628000. t/step: 5.54397e-02
 # Average timings at MD step  629000. t/step: 5.64510e-02
 # Average timings at MD step  630000. t/step: 5.61762e-02
 # Average timings at MD step  631000. t/step: 5.60940e-02
 # Average timings at MD step  632000. t/step: 5.57884e-02
 # Average timings at MD step  633000. t/step: 5.60356e-02
 # Average timings at MD step  634000. t/step: 5.61052e-02
 # Average timings at MD step  635000. t/step: 5.54617e-02
 # Average timings at MD step  636000. t/step: 5.61469e-02
 # Average timings at MD step  637000. t/step: 5.59492e-02
 # Average timings at MD step  638000. t/step: 5.54392e-02
 # Average timings at MD step  639000. t/step: 5.60203e-02
 # Average timings at MD step  640000. t/step: 5.61578e-02
 # Average timings at MD step  641000. t/step: 5.59198e-02
 # Average timings at MD step  642000. t/step: 5.56191e-02
 # Average timings at MD step  643000. t/step: 5.46940e-02
 # Average timings at MD step  644000. t/step: 5.00077e-02
 # Average timings at MD step  645000. t/step: 5.20107e-02
 # Average timings at MD step  646000. t/step: 5.17532e-02
 # Average timings at MD step  647000. t/step: 5.24337e-02
 # Average timings at MD step  648000. t/step: 5.25865e-02
 # Average timings at MD step  649000. t/step: 5.27402e-02
 # Average timings at MD step  650000. t/step: 5.38919e-02
 # Average timings at MD step  651000. t/step: 5.60950e-02
 # Average timings at MD step  652000. t/step: 5.56962e-02
 # Average timings at MD step  653000. t/step: 5.36865e-02
 # Average timings at MD step  654000. t/step: 5.04738e-02
 # Average timings at MD step  655000. t/step: 5.17838e-02
 # Average timings at MD step  656000. t/step: 5.10434e-02
 # Average timings at MD step  657000. t/step: 5.14847e-02
 # Average timings at MD step  658000. t/step: 5.10096e-02
 # Average timings at MD step  659000. t/step: 5.09269e-02
 # Average timings at MD step  660000. t/step: 5.07703e-02
 # Average timings at MD step  661000. t/step: 5.13914e-02
 # Average timings at MD step  662000. t/step: 5.13657e-02
 # Average timings at MD step  663000. t/step: 5.18588e-02
 # Average timings at MD step  664000. t/step: 5.13605e-02
 # Average timings at MD step  665000. t/step: 5.07451e-02
 # Average timings at MD step  666000. t/step: 5.09656e-02
 # Average timings at MD step  667000. t/step: 5.10556e-02
 # Average timings at MD step  668000. t/step: 5.13371e-02
 # Average timings at MD step  669000. t/step: 5.11044e-02
 # Average timings at MD step  670000. t/step: 5.08184e-02
 # Average timings at MD step  671000. t/step: 5.12688e-02
 # Average timings at MD step  672000. t/step: 5.09672e-02
 # Average timings at MD step  673000. t/step: 5.08040e-02
 # Average timings at MD step  674000. t/step: 5.11898e-02
 # Average timings at MD step  675000. t/step: 5.16814e-02
 # Average timings at MD step  676000. t/step: 5.21663e-02
 # Average timings at MD step  677000. t/step: 5.16120e-02
 # Average timings at MD step  678000. t/step: 5.15431e-02
 # Average timings at MD step  679000. t/step: 5.26090e-02
 # Average timings at MD step  680000. t/step: 5.20364e-02
 # Average timings at MD step  681000. t/step: 5.21658e-02
 # Average timings at MD step  682000. t/step: 5.17250e-02
 # Average timings at MD step  683000. t/step: 5.15998e-02
 # Average timings at MD step  684000. t/step: 5.14440e-02
 # Average timings at MD step  685000. t/step: 5.11426e-02
 # Average timings at MD step  686000. t/step: 5.13960e-02
 # Average timings at MD step  687000. t/step: 5.17174e-02
 # Average timings at MD step  688000. t/step: 5.13261e-02
 # Average timings at MD step  689000. t/step: 5.21610e-02
 # Average timings at MD step  690000. t/step: 5.22398e-02
 # Average timings at MD step  691000. t/step: 5.14853e-02
 # Average timings at MD step  692000. t/step: 5.15403e-02
 # Average timings at MD step  693000. t/step: 5.12093e-02
 # Average timings at MD step  694000. t/step: 4.87476e-02
 # Average timings at MD step  695000. t/step: 5.19723e-02
 # Average timings at MD step  696000. t/step: 5.19495e-02
 # Average timings at MD step  697000. t/step: 5.00263e-02
 # Average timings at MD step  698000. t/step: 5.15940e-02
 # Average timings at MD step  699000. t/step: 5.20057e-02
 # Average timings at MD step  700000. t/step: 5.04545e-02
 # Average timings at MD step  701000. t/step: 5.14348e-02
 # Average timings at MD step  702000. t/step: 5.14920e-02
 # Average timings at MD step  703000. t/step: 5.16836e-02
 # Average timings at MD step  704000. t/step: 5.12563e-02
 # Average timings at MD step  705000. t/step: 5.16099e-02
 # Average timings at MD step  706000. t/step: 5.16126e-02
 # Average timings at MD step  707000. t/step: 5.05499e-02
 # Average timings at MD step  708000. t/step: 5.16748e-02
 # Average timings at MD step  709000. t/step: 5.22155e-02
 # Average timings at MD step  710000. t/step: 5.19831e-02
 # Average timings at MD step  711000. t/step: 5.10344e-02
 # Average timings at MD step  712000. t/step: 5.14610e-02
 # Average timings at MD step  713000. t/step: 5.13214e-02
 # Average timings at MD step  714000. t/step: 5.10838e-02
 # Average timings at MD step  715000. t/step: 5.11361e-02
 # Average timings at MD step  716000. t/step: 5.14015e-02
 # Average timings at MD step  717000. t/step: 5.17691e-02
 # Average timings at MD step  718000. t/step: 5.14671e-02
 # Average timings at MD step  719000. t/step: 5.16227e-02
 # Average timings at MD step  720000. t/step: 5.18857e-02
 # Average timings at MD step  721000. t/step: 5.17551e-02
 # Average timings at MD step  722000. t/step: 5.13552e-02
 # Average timings at MD step  723000. t/step: 5.17751e-02
 # Average timings at MD step  724000. t/step: 5.13475e-02
 # Average timings at MD step  725000. t/step: 5.19384e-02
 # Average timings at MD step  726000. t/step: 5.16473e-02
 # Average timings at MD step  727000. t/step: 5.13373e-02
 # Average timings at MD step  728000. t/step: 5.16249e-02
 # Average timings at MD step  729000. t/step: 5.18480e-02
 # Average timings at MD step  730000. t/step: 5.16469e-02
 # Average timings at MD step  731000. t/step: 5.14847e-02
 # Average timings at MD step  732000. t/step: 5.09356e-02
 # Average timings at MD step  733000. t/step: 5.12155e-02
 # Average timings at MD step  734000. t/step: 5.14046e-02
 # Average timings at MD step  735000. t/step: 5.14693e-02
 # Average timings at MD step  736000. t/step: 5.16426e-02
 # Average timings at MD step  737000. t/step: 5.17826e-02
 # Average timings at MD step  738000. t/step: 5.19130e-02
 # Average timings at MD step  739000. t/step: 5.18698e-02
 # Average timings at MD step  740000. t/step: 5.18679e-02
 # Average timings at MD step  741000. t/step: 5.17888e-02
 # Average timings at MD step  742000. t/step: 5.20657e-02
 # Average timings at MD step  743000. t/step: 5.17196e-02
 # Average timings at MD step  744000. t/step: 5.16227e-02
 # Average timings at MD step  745000. t/step: 5.18277e-02
 # Average timings at MD step  746000. t/step: 5.17136e-02
 # Average timings at MD step  747000. t/step: 5.19596e-02
 # Average timings at MD step  748000. t/step: 5.18942e-02
 # Average timings at MD step  749000. t/step: 5.18149e-02
 # Average timings at MD step  750000. t/step: 5.21438e-02
 # Average timings at MD step  751000. t/step: 5.17781e-02
 # Average timings at MD step  752000. t/step: 5.19141e-02
 # Average timings at MD step  753000. t/step: 5.21068e-02
 # Average timings at MD step  754000. t/step: 5.18468e-02
 # Average timings at MD step  755000. t/step: 5.18851e-02
 # Average timings at MD step  756000. t/step: 5.16149e-02
 # Average timings at MD step  757000. t/step: 5.21622e-02
 # Average timings at MD step  758000. t/step: 5.20961e-02
 # Average timings at MD step  759000. t/step: 5.16697e-02
 # Average timings at MD step  760000. t/step: 5.16539e-02
 # Average timings at MD step  761000. t/step: 5.21953e-02
 # Average timings at MD step  762000. t/step: 5.16910e-02
 # Average timings at MD step  763000. t/step: 5.13080e-02
 # Average timings at MD step  764000. t/step: 5.19154e-02
 # Average timings at MD step  765000. t/step: 5.17431e-02
 # Average timings at MD step  766000. t/step: 5.15644e-02
 # Average timings at MD step  767000. t/step: 5.16397e-02
 # Average timings at MD step  768000. t/step: 5.10853e-02
 # Average timings at MD step  769000. t/step: 5.26932e-02
 # Average timings at MD step  770000. t/step: 5.23823e-02
 # Average timings at MD step  771000. t/step: 5.24751e-02
 # Average timings at MD step  772000. t/step: 5.36122e-02
 # Average timings at MD step  773000. t/step: 5.59474e-02
 # Average timings at MD step  774000. t/step: 5.60454e-02
 # Average timings at MD step  775000. t/step: 5.58410e-02
 # Average timings at MD step  776000. t/step: 5.57822e-02
 # Average timings at MD step  777000. t/step: 5.59198e-02
 # Average timings at MD step  778000. t/step: 5.56681e-02
 # Average timings at MD step  779000. t/step: 5.54813e-02
 # Average timings at MD step  780000. t/step: 5.57671e-02
 # Average timings at MD step  781000. t/step: 5.58835e-02
 # Average timings at MD step  782000. t/step: 5.61289e-02
 # Average timings at MD step  783000. t/step: 5.56448e-02
 # Average timings at MD step  784000. t/step: 5.58133e-02
 # Average timings at MD step  785000. t/step: 5.56820e-02
 # Average timings at MD step  786000. t/step: 5.56074e-02
 # Average timings at MD step  787000. t/step: 5.56061e-02
 # Average timings at MD step  788000. t/step: 5.59349e-02
 # Average timings at MD step  789000. t/step: 5.60050e-02
 # Average timings at MD step  790000. t/step: 5.60440e-02
 # Average timings at MD step  791000. t/step: 5.55397e-02
 # Average timings at MD step  792000. t/step: 5.57533e-02
 # Average timings at MD step  793000. t/step: 5.58158e-02
 # Average timings at MD step  794000. t/step: 5.53664e-02
 # Average timings at MD step  795000. t/step: 5.61616e-02
 # Average timings at MD step  796000. t/step: 5.57203e-02
 # Average timings at MD step  797000. t/step: 5.60739e-02
 # Average timings at MD step  798000. t/step: 5.56250e-02
 # Average timings at MD step  799000. t/step: 5.57368e-02
 # Average timings at MD step  800000. t/step: 5.22459e-02
 # Average timings at MD step  801000. t/step: 5.10569e-02
 # Average timings at MD step  802000. t/step: 5.22554e-02
 # Average timings at MD step  803000. t/step: 5.21262e-02
 # Average timings at MD step  804000. t/step: 5.21798e-02
 # Average timings at MD step  805000. t/step: 5.05480e-02
 # Average timings at MD step  806000. t/step: 4.88715e-02
 # Average timings at MD step  807000. t/step: 5.14150e-02
 # Average timings at MD step  808000. t/step: 5.19758e-02
 # Average timings at MD step  809000. t/step: 4.65199e-02
 # Average timings at MD step  810000. t/step: 5.15036e-02
 # Average timings at MD step  811000. t/step: 5.23673e-02
 # Average timings at MD step  812000. t/step: 5.24742e-02
 # Average timings at MD step  813000. t/step: 5.23221e-02
 # Average timings at MD step  814000. t/step: 5.52411e-02
 # Average timings at MD step  815000. t/step: 5.47756e-02
 # Average timings at MD step  816000. t/step: 5.58668e-02
 # Average timings at MD step  817000. t/step: 5.58377e-02
 # Average timings at MD step  818000. t/step: 5.55034e-02
 # Average timings at MD step  819000. t/step: 5.56698e-02
 # Average timings at MD step  820000. t/step: 5.56143e-02
 # Average timings at MD step  821000. t/step: 5.55841e-02
 # Average timings at MD step  822000. t/step: 5.57329e-02
 # Average timings at MD step  823000. t/step: 5.56586e-02
 # Average timings at MD step  824000. t/step: 5.59615e-02
 # Average timings at MD step  825000. t/step: 5.53264e-02
 # Average timings at MD step  826000. t/step: 5.58154e-02
 # Average timings at MD step  827000. t/step: 5.60329e-02
 # Average timings at MD step  828000. t/step: 5.58628e-02
 # Average timings at MD step  829000. t/step: 5.57615e-02
 # Average timings at MD step  830000. t/step: 5.56638e-02
 # Average timings at MD step  831000. t/step: 5.59259e-02
 # Average timings at MD step  832000. t/step: 5.57819e-02
 # Average timings at MD step  833000. t/step: 5.56531e-02
 # Average timings at MD step  834000. t/step: 5.53403e-02
 # Average timings at MD step  835000. t/step: 5.56260e-02
 # Average timings at MD step  836000. t/step: 5.58544e-02
 # Average timings at MD step  837000. t/step: 5.57332e-02
 # Average timings at MD step  838000. t/step: 5.57903e-02
 # Average timings at MD step  839000. t/step: 5.54737e-02
 # Average timings at MD step  840000. t/step: 5.54254e-02
 # Average timings at MD step  841000. t/step: 5.61817e-02
 # Average timings at MD step  842000. t/step: 5.57710e-02
 # Average timings at MD step  843000. t/step: 5.57931e-02
 # Average timings at MD step  844000. t/step: 5.55341e-02
 # Average timings at MD step  845000. t/step: 5.56022e-02
 # Average timings at MD step  846000. t/step: 5.58037e-02
 # Average timings at MD step  847000. t/step: 5.58462e-02
 # Average timings at MD step  848000. t/step: 5.57541e-02
 # Average timings at MD step  849000. t/step: 5.56080e-02
 # Average timings at MD step  850000. t/step: 5.56630e-02
 # Average timings at MD step  851000. t/step: 5.55428e-02
 # Average timings at MD step  852000. t/step: 5.58082e-02
 # Average timings at MD step  853000. t/step: 5.55947e-02
 # Average timings at MD step  854000. t/step: 5.59943e-02
 # Average timings at MD step  855000. t/step: 5.60592e-02
 # Average timings at MD step  856000. t/step: 5.56151e-02
 # Average timings at MD step  857000. t/step: 5.57603e-02
 # Average timings at MD step  858000. t/step: 5.53706e-02
 # Average timings at MD step  859000. t/step: 5.58265e-02
 # Average timings at MD step  860000. t/step: 5.57650e-02
 # Average timings at MD step  861000. t/step: 5.55984e-02
 # Average timings at MD step  862000. t/step: 5.59115e-02
 # Average timings at MD step  863000. t/step: 5.61301e-02
 # Average timings at MD step  864000. t/step: 5.57806e-02
 # Average timings at MD step  865000. t/step: 5.57066e-02
 # Average timings at MD step  866000. t/step: 5.56477e-02
 # Average timings at MD step  867000. t/step: 5.58811e-02
 # Average timings at MD step  868000. t/step: 5.53980e-02
 # Average timings at MD step  869000. t/step: 5.55115e-02
 # Average timings at MD step  870000. t/step: 5.55802e-02
 # Average timings at MD step  871000. t/step: 5.56609e-02
 # Average timings at MD step  872000. t/step: 5.58174e-02
 # Average timings at MD step  873000. t/step: 5.55546e-02
 # Average timings at MD step  874000. t/step: 5.52528e-02
 # Average timings at MD step  875000. t/step: 5.57074e-02
 # Average timings at MD step  876000. t/step: 5.58686e-02
 # Average timings at MD step  877000. t/step: 5.60661e-02
 # Average timings at MD step  878000. t/step: 5.53970e-02
 # Average timings at MD step  879000. t/step: 5.57177e-02
 # Average timings at MD step  880000. t/step: 5.60422e-02
 # Average timings at MD step  881000. t/step: 5.59487e-02
 # Average timings at MD step  882000. t/step: 5.54960e-02
 # Average timings at MD step  883000. t/step: 5.57165e-02
 # Average timings at MD step  884000. t/step: 5.55208e-02
 # Average timings at MD step  885000. t/step: 5.60245e-02
 # Average timings at MD step  886000. t/step: 5.55691e-02
 # Average timings at MD step  887000. t/step: 5.00923e-02
 # Average timings at MD step  888000. t/step: 5.10473e-02
 # Average timings at MD step  889000. t/step: 5.16732e-02
 # Average timings at MD step  890000. t/step: 5.16876e-02
 # Average timings at MD step  891000. t/step: 4.86806e-02
 # Average timings at MD step  892000. t/step: 5.25096e-02
 # Average timings at MD step  893000. t/step: 5.25309e-02
 # Average timings at MD step  894000. t/step: 5.23997e-02
 # Average timings at MD step  895000. t/step: 5.44189e-02
 # Average timings at MD step  896000. t/step: 5.56039e-02
 # Average timings at MD step  897000. t/step: 5.56723e-02
 # Average timings at MD step  898000. t/step: 5.56806e-02
 # Average timings at MD step  899000. t/step: 5.56237e-02
 # Average timings at MD step  900000. t/step: 5.58628e-02
 # Average timings at MD step  901000. t/step: 5.56458e-02
 # Average timings at MD step  902000. t/step: 5.58626e-02
 # Average timings at MD step  903000. t/step: 5.58173e-02
 # Average timings at MD step  904000. t/step: 5.56929e-02
 # Average timings at MD step  905000. t/step: 5.55326e-02
 # Average timings at MD step  906000. t/step: 5.55616e-02
 # Average timings at MD step  907000. t/step: 5.60215e-02
 # Average timings at MD step  908000. t/step: 5.61875e-02
 # Average timings at MD step  909000. t/step: 5.59972e-02
 # Average timings at MD step  910000. t/step: 5.58176e-02
 # Average timings at MD step  911000. t/step: 5.21330e-02
 # Average timings at MD step  912000. t/step: 5.18218e-02
 # Average timings at MD step  913000. t/step: 5.19783e-02
 # Average timings at MD step  914000. t/step: 5.16566e-02
 # Average timings at MD step  915000. t/step: 5.24684e-02
 # Average timings at MD step  916000. t/step: 5.17436e-02
 # Average timings at MD step  917000. t/step: 5.21493e-02
 # Average timings at MD step  918000. t/step: 5.16718e-02
 # Average timings at MD step  919000. t/step: 5.24604e-02
 # Average timings at MD step  920000. t/step: 5.11225e-02
 # Average timings at MD step  921000. t/step: 5.07636e-02
 # Average timings at MD step  922000. t/step: 5.15397e-02
 # Average timings at MD step  923000. t/step: 5.29380e-02
 # Average timings at MD step  924000. t/step: 5.51849e-02
 # Average timings at MD step  925000. t/step: 5.33602e-02
 # Average timings at MD step  926000. t/step: 5.07499e-02
 # Average timings at MD step  927000. t/step: 5.18453e-02
 # Average timings at MD step  928000. t/step: 5.27839e-02
 # Average timings at MD step  929000. t/step: 5.57066e-02
 # Average timings at MD step  930000. t/step: 5.60846e-02
 # Average timings at MD step  931000. t/step: 5.64270e-02
 # Average timings at MD step  932000. t/step: 5.58931e-02
 # Average timings at MD step  933000. t/step: 5.62089e-02
 # Average timings at MD step  934000. t/step: 5.59434e-02
 # Average timings at MD step  935000. t/step: 5.59164e-02
 # Average timings at MD step  936000. t/step: 5.63871e-02
 # Average timings at MD step  937000. t/step: 5.58408e-02
 # Average timings at MD step  938000. t/step: 5.59637e-02
 # Average timings at MD step  939000. t/step: 6.50774e-01LAMMPS (24 Dec 2020)
OMP_NUM_THREADS environment is not set. Defaulting to 1 thread. (src/comm.cpp:94)
  using 1 OpenMP thread(s) per MPI task
Created orthogonal box = (-5.0000000 -5.0000000 -5.0000000) to (5.0000000 5.0000000 5.0000000)
  1 by 1 by 1 MPI processor grid
Created 1 atoms
  create_atoms CPU = 0.000 seconds
Neighbor list info ...
  update every 1 steps, delay 0 steps, check yes
  max neighbors/atom: 2000, page size: 100000
  master list distance cutoff = 4
  ghost atom cutoff = 4
  binsize = 2, bins = 5 5 5
  1 neighbor lists, perpetual/occasional/extra = 1 0 0
  (1) pair zero, perpetual
      attributes: half, newton on
      pair build: half/bin/atomonly/newton
      stencil: half/bin/3d/newton
      bin: standard
Setting up Verlet run ...
  Unit style    : electron
  Current step  : 0
  Time step     : 0.001
Per MPI rank memory allocation (min/avg/max) = 3.068 | 3.068 | 3.068 Mbytes
Step Temp E_pair E_mol TotEng Press 
       0            0            0            0            0            0 
ERROR on proc 0: Got EXIT message from i-PI. Now leaving! (src/USER-MISC/fix_ipi.cpp:295)

 # Average timings at MD step  940000. t/step: 5.07249e-02
 # Average timings at MD step  941000. t/step: 5.20008e-02
 # Average timings at MD step  942000. t/step: 5.25081e-02
 # Average timings at MD step  943000. t/step: 5.30033e-02
 # Average timings at MD step  944000. t/step: 5.21204e-02
 # Average timings at MD step  945000. t/step: 6.23373e-01
 # Average timings at MD step  946000. t/step: 5.24989e-02
 # Average timings at MD step  947000. t/step: 5.26195e-02
 # Average timings at MD step  948000. t/step: 5.07743e-02
 # Average timings at MD step  949000. t/step: 5.17266e-02
 # Average timings at MD step  950000. t/step: 5.12847e-02
 # Average timings at MD step  951000. t/step: 5.20537e-02
 # Average timings at MD step  952000. t/step: 5.17324e-02
 # Average timings at MD step  953000. t/step: 5.15961e-02
 # Average timings at MD step  954000. t/step: 5.19473e-02
 # Average timings at MD step  955000. t/step: 5.24565e-02
 # Average timings at MD step  956000. t/step: 5.23455e-02
 # Average timings at MD step  957000. t/step: 5.25639e-02
 # Average timings at MD step  958000. t/step: 5.22011e-02
 # Average timings at MD step  959000. t/step: 5.45096e-02
 # Average timings at MD step  960000. t/step: 2.62370e+00
 # Average timings at MD step  961000. t/step: 5.11104e-02
 # Average timings at MD step  962000. t/step: 5.19931e-02
 # Average timings at MD step  963000. t/step: 5.19130e-02
 # Average timings at MD step  964000. t/step: 5.14718e-02
 # Average timings at MD step  965000. t/step: 5.19687e-02
 # Average timings at MD step  966000. t/step: 5.23931e-02
 # Average timings at MD step  967000. t/step: 5.22779e-02
 # Average timings at MD step  968000. t/step: 5.28320e-02
 # Average timings at MD step  969000. t/step: 5.31646e-02
 # Average timings at MD step  970000. t/step: 5.28361e-02
 # Average timings at MD step  971000. t/step: 5.27986e-02
 # Average timings at MD step  972000. t/step: 5.15327e-02
 # Average timings at MD step  973000. t/step: 5.21689e-02
 # Average timings at MD step  974000. t/step: 5.26769e-02
 # Average timings at MD step  975000. t/step: 5.18886e-02
 # Average timings at MD step  976000. t/step: 5.15138e-02
 # Average timings at MD step  977000. t/step: 5.24848e-02
 # Average timings at MD step  978000. t/step: 5.24814e-02
 # Average timings at MD step  979000. t/step: 5.16358e-02
 # Average timings at MD step  980000. t/step: 5.17092e-02
 # Average timings at MD step  981000. t/step: 5.11337e-02
 # Average timings at MD step  982000. t/step: 5.11249e-02
 # Average timings at MD step  983000. t/step: 5.16166e-02
 # Average timings at MD step  984000. t/step: 5.12406e-02
 # Average timings at MD step  985000. t/step: 5.17860e-02
 # Average timings at MD step  986000. t/step: 5.13205e-02
 # Average timings at MD step  987000. t/step: 5.11904e-02
 # Average timings at MD step  988000. t/step: 5.23365e-02
 # Average timings at MD step  989000. t/step: 5.23241e-02
 # Average timings at MD step  990000. t/step: 5.23709e-02
 # Average timings at MD step  991000. t/step: 5.29909e-02
 # Average timings at MD step  992000. t/step: 5.20736e-02
 # Average timings at MD step  993000. t/step: 5.21261e-02
 # Average timings at MD step  994000. t/step: 5.19092e-02
 # Average timings at MD step  995000. t/step: 5.21082e-02
 # Average timings at MD step  996000. t/step: 5.26762e-02
 # Average timings at MD step  997000. t/step: 5.15409e-02
 # Average timings at MD step  998000. t/step: 5.17110e-02
 # Average timings at MD step  999000. t/step: 5.21507e-02
SOFTEXIT CALLED FROM THREAD <_MainThread(MainThread, started 4769639872)>  @ SIMULATION: Exiting cleanly.
 !W! Soft exit has been requested with message: ' @ SIMULATION: Exiting cleanly.'. Cleaning up.
 @SOCKET: Shutting down the driver interface.
 @SOCKET: Problem shutting down the server socket. Will just continue and hope for the best.
--------------------------------------------------------------------------
MPI_ABORT was invoked on rank 0 in communicator MPI_COMM_WORLD
with errorcode 1.

NOTE: invoking MPI_ABORT causes Open MPI to kill all MPI processes.
You may or may not see output from other processes, depending on
exactly when Open MPI kills them.
--------------------------------------------------------------------------
Traceback (most recent call last):
  File "/Users/yifan/Packages/i-pi/bin/i-pi", line 105, in <module>
    main(args[0], options)
  File "/Users/yifan/Packages/i-pi/bin/i-pi", line 70, in main
    softexit.trigger(" @ SIMULATION: Exiting cleanly.")
  File "/Users/yifan/Packages/i-pi/ipi/utils/softexit.py", line 95, in trigger
    f()
  File "/Users/yifan/Packages/i-pi/ipi/engine/forcefields.py", line 270, in softexit
    self.stop()
  File "/Users/yifan/Packages/i-pi/ipi/engine/forcefields.py", line 342, in stop
    self.socket.close()
  File "/Users/yifan/Packages/i-pi/ipi/interfaces/sockets.py", line 631, in close
    os.unlink("/tmp/ipi_" + self.address)
FileNotFoundError: [Errno 2] No such file or directory: '/tmp/ipi_lmp2'
