units           lj
atom_style	hybrid dipole sphere
WARNING: Atom_style hybrid defines both pertype and peratom masses - both must be set, only peratom masses will be used (src/atom_vec_hybrid.cpp:157)
dimension       2
newton off


lattice         sq 0.4
Lattice spacing in x,y,z = 1.5811388 1.5811388 1.5811388
region          box block -16 16 -16 16 -0.2 0.2
create_box      1 box
Created orthogonal box = (-25.298221 -25.298221 -0.31622777) to (25.298221 25.298221 0.31622777)
  1 by 1 by 1 MPI processor grid
create_atoms    1 box
Created 1024 atoms
  create_atoms CPU = 0.002 seconds
mass            * 1.0
set             type  * dipole/random ${seed} 1.0
set             type  * dipole/random 1974019 1.0
Setting atom values ...
  1024 settings made for dipole/random
velocity        all create 1.0 1 loop geom

# more careful with neighbors since higher diffusion in abps
neighbor        1.0 bin
neigh_modify    every 1 delay 1 check yes


# WCA potential (purely repulsive)
pair_style lj/cut 2.5
pair_coeff * * 1.0 1.0 1.1224
pair_modify shift yes



# overdamped brownian dynamics time-step
fix         step all brownian/sphere ${gamma_t} ${gamma_r} ${D_t} ${D_r} ${seed} dipole
fix         step all brownian/sphere 1 ${gamma_r} ${D_t} ${D_r} ${seed} dipole
fix         step all brownian/sphere 1 1 ${D_t} ${D_r} ${seed} dipole
fix         step all brownian/sphere 1 1 1 ${D_r} ${seed} dipole
fix         step all brownian/sphere 1 1 1 3 ${seed} dipole
fix         step all brownian/sphere 1 1 1 3 1974019 dipole
# self-propulsion force along the dipole direction
fix	    activity all propel/self dipole ${fp}
fix	    activity all propel/self dipole 4
fix	    2 all enforce2d


compute press all pressure NULL virial

thermo_style    custom step temp epair c_press

#equilibration
timestep        0.0000000001
thermo          50001
run             50000
Neighbor list info ...
  update every 1 steps, delay 1 steps, check yes
  max neighbors/atom: 2000, page size: 100000
  master list distance cutoff = 2.1224
  ghost atom cutoff = 2.1224
  binsize = 1.0612, bins = 48 48 1
  1 neighbor lists, perpetual/occasional/extra = 1 0 0
  (1) pair lj/cut, perpetual
      attributes: half, newton off
      pair build: half/bin/newtoff
      stencil: half/bin/2d/newtoff
      bin: standard
Per MPI rank memory allocation (min/avg/max) = 5.066 | 5.066 | 5.066 Mbytes
Step Temp E_pair c_press 
       0            1            0  -0.53979198 
   50000 1.0902879e+10            0  -0.53710405 
Loop time of 6.3887 on 1 procs for 50000 steps with 1024 atoms

Performance: 0.068 tau/day, 7826.319 timesteps/s
100.0% CPU use with 1 MPI tasks x 1 OpenMP threads

MPI task timing breakdown:
Section |  min time  |  avg time  |  max time  |%varavg| %total
---------------------------------------------------------------
Pair    | 0.34323    | 0.34323    | 0.34323    |   0.0 |  5.37
Neigh   | 0          | 0          | 0          |   0.0 |  0.00
Comm    | 0.070232   | 0.070232   | 0.070232   |   0.0 |  1.10
Output  | 2.5077e-05 | 2.5077e-05 | 2.5077e-05 |   0.0 |  0.00
Modify  | 5.8232     | 5.8232     | 5.8232     |   0.0 | 91.15
Other   |            | 0.152      |            |       |  2.38

Nlocal:        1024.00 ave        1024 max        1024 min
Histogram: 1 0 0 0 0 0 0 0 0 0
Nghost:        201.000 ave         201 max         201 min
Histogram: 1 0 0 0 0 0 0 0 0 0
Neighs:        2112.00 ave        2112 max        2112 min
Histogram: 1 0 0 0 0 0 0 0 0 0

Total # of neighbors = 2112
Ave neighs/atom = 2.0625000
Neighbor list builds = 0
Dangerous builds = 0
reset_timestep  0


# MSD
compute         msd  all msd


thermo_style    custom step temp epair c_msd[*] c_press


timestep        0.00001
thermo          10000

# main run
run             200000
Per MPI rank memory allocation (min/avg/max) = 5.441 | 5.441 | 5.441 Mbytes
Step Temp E_pair c_msd[1] c_msd[2] c_msd[3] c_msd[4] c_press 
       0 1.0902879e+10            0            0            0            0            0  -0.53710405 
   10000     103498.6  0.087662767   0.18719065    0.2007338            0   0.38792445   0.16080254 
   20000    104785.56   0.12719481    0.4197551   0.40722743            0   0.82698253    0.5007164 
   30000    103183.73    0.1126518   0.67800477   0.67921667            0    1.3572214   0.36634317 
   40000    102912.87  0.092584777   0.96234448   0.97188884            0    1.9342333   0.46170129 
   50000    103516.68   0.12761757    1.2381642    1.3203398            0     2.558504   0.85712805 
   60000    104999.77   0.14482924    1.5437166    1.6177103            0    3.1614269    1.1403162 
   70000     103925.7   0.11302021        1.886    1.9262949            0    3.8122949    1.1056086 
   80000    105000.14   0.14502228     2.205833    2.2668945            0    4.4727275    1.0757792 
   90000     105980.8   0.12089413     2.515801     2.647111            0     5.162912    1.1160525 
  100000    106557.86   0.10934038    2.7977098    2.8965145            0    5.6942242   0.56901933 
  110000    104241.46   0.12719985    3.1612652    3.2283956            0    6.3896608   0.95100999 
  120000    101910.56   0.12002691    3.5844099    3.5366227            0    7.1210326    1.2526653 
  130000    104435.28   0.10695039    3.8328815    3.8286503            0    7.6615318    1.6198184 
  140000    104864.99   0.11226471    4.1822059     4.285915            0    8.4681209    1.5190757 
  150000    103209.43   0.11229036     4.430069    4.5491143            0    8.9791833    1.1568204 
  160000    106692.61   0.11151476    4.7593714    5.0322819            0    9.7916533    1.2337266 
  170000    105232.19   0.12039818    5.0665907    5.3612901            0    10.427881    1.3881139 
  180000    107126.86   0.10793969    5.4129878    5.6391008            0    11.052089    1.6691607 
  190000    103814.36  0.096916503    5.7355093    5.9557837            0    11.691293    1.3863335 
  200000    103976.84   0.10928015    6.1871603    6.3393786            0    12.526539    1.1687077 
Loop time of 27.4513 on 1 procs for 200000 steps with 1024 atoms

Performance: 6294.793 tau/day, 7285.640 timesteps/s
100.0% CPU use with 1 MPI tasks x 1 OpenMP threads

MPI task timing breakdown:
Section |  min time  |  avg time  |  max time  |%varavg| %total
---------------------------------------------------------------
Pair    | 3.2525     | 3.2525     | 3.2525     |   0.0 | 11.85
Neigh   | 0.054678   | 0.054678   | 0.054678   |   0.0 |  0.20
Comm    | 0.26582    | 0.26582    | 0.26582    |   0.0 |  0.97
Output  | 0.0006103  | 0.0006103  | 0.0006103  |   0.0 |  0.00
Modify  | 23.265     | 23.265     | 23.265     |   0.0 | 84.75
Other   |            | 0.6131     |            |       |  2.23

Nlocal:        1024.00 ave        1024 max        1024 min
Histogram: 1 0 0 0 0 0 0 0 0 0
Nghost:        166.000 ave         166 max         166 min
Histogram: 1 0 0 0 0 0 0 0 0 0
Neighs:        2634.00 ave        2634 max        2634 min
Histogram: 1 0 0 0 0 0 0 0 0 0

Total # of neighbors = 2634
Ave neighs/atom = 2.5722656
Neighbor list builds = 238
Dangerous builds = 0
Total wall time: 0:00:33
